<?xml version="1.0" encoding="utf-8"?>
<TestRun id="4a47f2c8-8323-4342-a681-547b203ae936" name="@Bens-MacBook-Pro 2026-08-20 14:15:23" xmlns="http://microsoft.com/schemas/VisualStudio/TeamTest/2010">
  <Times creation="2026-08-20T14:15:23.3476750-05:00" queuing="2026-08-20T14:15:23.3476750-05:00" start="2026-08-20T14:15:20.1849340-05:00" finish="2026-08-20T14:16:37.3399320-05:00" />
  <TestSettings name="default" id="578eaa91-f436-4c76-9271-a5925f35355c">
    <Deployment runDeploymentRoot="_Bens-MacBook-Pro_2026-08-20_14_15_23" />
  </TestSettings>
  <Results>
    <UnitTestResult executionId="72f50f39-de2f-4459-ad7b-27b1a58d57f4" testId="5bd07ae8-8e38-cc46-ff2f-33ecbbe9da50" testName="DragModeToggle_UpdatesHintText" computerName="Bens-MacBook-Pro" duration="00:00:31.7527550" startTime="2026-08-20T14:15:54.2710010-05:00" endTime="2026-08-20T14:16:26.0239730-05:00" testType="13cdc9d9-ddb5-4fa4-a97d-d965ccfc6d4b" outcome="Failed" testListId="8c84fa94-04c1-424b-9868-57a2d4851a1d" relativeResultsDirectory="72f50f39-de2f-4459-ad7b-27b1a58d57f4">
      <Output>
        <ErrorInfo>
          <Message>System.TimeoutException : Timeout 30000ms exceeded.
Call log:
  - waiting for GetByRole(AriaRole.Link, new() { Name = "Cases" }).Or(GetByRole(AriaRole.Tab, new() { Name = "Cases" })).First
Data:
  playwright.errorDetails: &lt;null&gt;
  playwright.log: System.String[]</Message>
          <StackTrace>   at Microsoft.Playwright.Transport.Connection.InnerSendMessageToServerAsync[T](ChannelOwner object, String method, Dictionary`2 dictionary, Boolean keepNulls, Nullable`1 timeout) in /_/src/Playwright/Transport/Connection.cs:line 229
   at Microsoft.Playwright.Transport.Connection.WrapApiCallAsync[T](Func`1 action, Boolean isInternal, String title) in /_/src/Playwright/Transport/Connection.cs:line 535
   at Ben.Web.Playwright.Tests.AudioScrubModeTests.NavigateToTghCaseFilesTabAsync() in /Users/ben/Source/Ben/Ben.Web.Playwright/Tests/AudioScrubModeTests.cs:line 35
   at Ben.Web.Playwright.Tests.AudioScrubModeTests.DragModeToggle_UpdatesHintText() in /Users/ben/Source/Ben/Ben.Web.Playwright/Tests/AudioScrubModeTests.cs:line 105
   at NUnit.Framework.Internal.TaskAwaitAdapter.GenericAdapter`1.BlockUntilCompleted()
   at NUnit.Framework.Internal.MessagePumpStrategy.NoMessagePumpStrategy.WaitForCompletion(AwaitAdapter awaiter)
   at NUnit.Framework.Internal.AsyncToSyncAdapter.Await[TResult](TestExecutionContext context, Func`1 invoke)
   at NUnit.Framework.Internal.AsyncToSyncAdapter.Await(TestExecutionContext context, Func`1 invoke)
   at NUnit.Framework.Internal.Commands.TestMethodCommand.RunTestMethod(TestExecutionContext context)
   at NUnit.Framework.Internal.Commands.TestMethodCommand.Execute(TestExecutionContext context)
   at NUnit.Framework.Internal.Commands.BeforeAndAfterTestCommand.&lt;&gt;c__DisplayClass1_0.&lt;Execute&gt;b__0()
   at NUnit.Framework.Internal.Commands.DelegatingTestCommand.RunTestMethodInThreadAbortSafeZone(TestExecutionContext context, Action action)
1)    at Microsoft.Playwright.Transport.Connection.InnerSendMessageToServerAsync[T](ChannelOwner object, String method, Dictionary`2 dictionary, Boolean keepNulls, Nullable`1 timeout) in /_/src/Playwright/Transport/Connection.cs:line 229
   at Microsoft.Playwright.Transport.Connection.WrapApiCallAsync[T](Func`1 action, Boolean isInternal, String title) in /_/src/Playwright/Transport/Connection.cs:line 535
   at Ben.Web.Playwright.Tests.AudioScrubModeTests.NavigateToTghCaseFilesTabAsync() in /Users/ben/Source/Ben/Ben.Web.Playwright/Tests/AudioScrubModeTests.cs:line 35
   at Ben.Web.Playwright.Tests.AudioScrubModeTests.DragModeToggle_UpdatesHintText() in /Users/ben/Source/Ben/Ben.Web.Playwright/Tests/AudioScrubModeTests.cs:line 105
   at NUnit.Framework.Internal.TaskAwaitAdapter.GenericAdapter`1.BlockUntilCompleted()
   at NUnit.Framework.Internal.MessagePumpStrategy.NoMessagePumpStrategy.WaitForCompletion(AwaitAdapter awaiter)
   at NUnit.Framework.Internal.AsyncToSyncAdapter.Await[TResult](TestExecutionContext context, Func`1 invoke)
   at NUnit.Framework.Internal.AsyncToSyncAdapter.Await(TestExecutionContext context, Func`1 invoke)
   at NUnit.Framework.Internal.Commands.TestMethodCommand.RunTestMethod(TestExecutionContext context)
   at NUnit.Framework.Internal.Commands.TestMethodCommand.Execute(TestExecutionContext context)
   at NUnit.Framework.Internal.Commands.BeforeAndAfterTestCommand.&lt;&gt;c__DisplayClass1_0.&lt;Execute&gt;b__0()
   at NUnit.Framework.Internal.Commands.DelegatingTestCommand.RunTestMethodInThreadAbortSafeZone(TestExecutionContext context, Action action)
</StackTrace>
        </ErrorInfo>
      </Output>
    </UnitTestResult>
    <UnitTestResult executionId="5d8b8f1b-3608-4192-980c-87d344d3bad0" testId="1a97dbe1-a2c1-5cac-05a6-7b4aacd15a88" testName="TheContactTabStillCarriesAllFourKindsOfDetail" computerName="Bens-MacBook-Pro" duration="00:00:11.2863060" startTime="2026-08-20T14:16:26.0241620-05:00" endTime="2026-08-20T14:16:37.3105450-05:00" testType="13cdc9d9-ddb5-4fa4-a97d-d965ccfc6d4b" outcome="Failed" testListId="8c84fa94-04c1-424b-9868-57a2d4851a1d" relativeResultsDirectory="5d8b8f1b-3608-4192-980c-87d344d3bad0">
      <Output>
        <ErrorInfo>
          <Message>Microsoft.Playwright.PlaywrightException : Locator expected to be visible
Error: element(s) not found 
Call log:
  - Expect "ToBeVisibleAsync" with timeout 10000ms
  - waiting for GetByText("Email addresses", new() { Exact = true }).First
Aria snapshot:
- banner:
  - link "IsHaunted.com":
    - /url: /
    - strong: Is
    - emphasis: Haunted
    - text: .com
  - button "Toggle Navigation Size":
    - img
  - button "Toggle Dark Mode"
  - button "Toggle Fullscreen"
  - button "Open Notifications": "52"
  - button "Open Profile Dropdown": SM
- complementary:
  - textbox "Filter menu":
    - /placeholder: Filter
  - navigation:
    - list:
      - listitem:
        - link "Home":
          - /url: /
      - listitem:
        - link "Notifications 3 unread notifications":
          - /url: /notifications
          - text: Notifications 3
      - listitem:
        - link "Organizations 47 unread group messages":
          - /url: /organizations
          - text: Organizations 47
      - listitem:
        - link "My Work":
          - /url: "#"
      - listitem:
        - link "Equipment 1 item waiting in Equipment":
          - /url: "#"
          - text: Equipment 1
      - listitem:
        - link "Media":
          - /url: "#"
      - listitem:
        - link "Community 1 item waiting in Community":
          - /url: "#"
          - text: Community 1
- main:
  - heading "Sarah Mitchell" [level=3]
  - text: sarah.mitchell@benco.dev No public photo
  - link "My investigations":
    - /url: /my-investigations
  - link "My cases":
    - /url: /my-cases
  - tablist:
    - tab "About"
    - tab "Contact" [selected]
    - tab "Where you've been"
    - tab "Security"
  - tabpanel:
    - 'heading "Email addressesHelp: confirming-an-email-address" [level=6]':
      - text: Email addresses
      - 'link "Help: confirming-an-email-address"':
        - /url: /help/your-profile#confirming-an-email-address
        - text: "?"
    - paragraph: Extra addresses people can reach you at. Your sign-in address is separate and is never listed here.
    - button "Add"
    - paragraph: No email addresses yet.
    - 'heading "AddressesHelp: your-contact-information" [level=6]':
      - text: Addresses
      - 'link "Help: your-contact-information"':
        - /url: /help/your-profile#your-contact-information
        - text: "?"
    - paragraph: Looked up on a map as you type. An address that cannot be found still saves — it simply has no pin.
    - button "Add"
    - paragraph: No addresses yet.
    - 'heading "Phone numbersHelp: what-public-means" [level=6]':
      - text: Phone numbers
      - 'link "Help: what-public-means"':
        - /url: /help/your-profile#what-public-means
        - text: "?"
    - paragraph: Private unless you mark one public.
    - button "Add"
    - paragraph: No phone numbers yet.
    - 'heading "Web linksHelp: what-public-means" [level=6]':
      - text: Web links
      - 'link "Help: what-public-means"':
        - /url: /help/your-profile#what-public-means
        - text: "?"
    - paragraph: Your own site, a channel, a social profile. Private unless you mark one public.
    - button "Add"
    - paragraph: No links yet.
  - text: IsHaunted.com © 2026
  - link "Help":
    - /url: /help
  - link "Contact":
    - /url: /contact</Message>
          <StackTrace>   at Microsoft.Playwright.Core.AssertionsBase.ExpectImplAsync(String expression, FrameExpectOptions expectOptions, Object expected, String message, String title) in /_/src/Playwright/Core/AssertionsBase.cs:line 95
   at Microsoft.Playwright.Core.AssertionsBase.ExpectImplAsync(String expression, ExpectedTextValue[] expectedText, Object expected, String message, String title, FrameExpectOptions options) in /_/src/Playwright/Core/AssertionsBase.cs:line 69
   at Ben.Web.Playwright.Tests.ProfileLayoutTests.TheContactTabStillCarriesAllFourKindsOfDetail() in /Users/ben/Source/Ben/Ben.Web.Playwright/Tests/ProfileLayoutTests.cs:line 68
   at NUnit.Framework.Internal.TaskAwaitAdapter.GenericAdapter`1.BlockUntilCompleted()
   at NUnit.Framework.Internal.MessagePumpStrategy.NoMessagePumpStrategy.WaitForCompletion(AwaitAdapter awaiter)
   at NUnit.Framework.Internal.AsyncToSyncAdapter.Await[TResult](TestExecutionContext context, Func`1 invoke)
   at NUnit.Framework.Internal.AsyncToSyncAdapter.Await(TestExecutionContext context, Func`1 invoke)
   at NUnit.Framework.Internal.Commands.TestMethodCommand.RunTestMethod(TestExecutionContext context)
   at NUnit.Framework.Internal.Commands.TestMethodCommand.Execute(TestExecutionContext context)
   at NUnit.Framework.Internal.Commands.BeforeAndAfterTestCommand.&lt;&gt;c__DisplayClass1_0.&lt;Execute&gt;b__0()
   at NUnit.Framework.Internal.Commands.DelegatingTestCommand.RunTestMethodInThreadAbortSafeZone(TestExecutionContext context, Action action)
1)    at Microsoft.Playwright.Core.AssertionsBase.ExpectImplAsync(String expression, FrameExpectOptions expectOptions, Object expected, String message, String title) in /_/src/Playwright/Core/AssertionsBase.cs:line 95
   at Microsoft.Playwright.Core.AssertionsBase.ExpectImplAsync(String expression, ExpectedTextValue[] expectedText, Object expected, String message, String title, FrameExpectOptions options) in /_/src/Playwright/Core/AssertionsBase.cs:line 69
   at Ben.Web.Playwright.Tests.ProfileLayoutTests.TheContactTabStillCarriesAllFourKindsOfDetail() in /Users/ben/Source/Ben/Ben.Web.Playwright/Tests/ProfileLayoutTests.cs:line 68
   at NUnit.Framework.Internal.TaskAwaitAdapter.GenericAdapter`1.BlockUntilCompleted()
   at NUnit.Framework.Internal.MessagePumpStrategy.NoMessagePumpStrategy.WaitForCompletion(AwaitAdapter awaiter)
   at NUnit.Framework.Internal.AsyncToSyncAdapter.Await[TResult](TestExecutionContext context, Func`1 invoke)
   at NUnit.Framework.Internal.AsyncToSyncAdapter.Await(TestExecutionContext context, Func`1 invoke)
   at NUnit.Framework.Internal.Commands.TestMethodCommand.RunTestMethod(TestExecutionContext context)
   at NUnit.Framework.Internal.Commands.TestMethodCommand.Execute(TestExecutionContext context)
   at NUnit.Framework.Internal.Commands.BeforeAndAfterTestCommand.&lt;&gt;c__DisplayClass1_0.&lt;Execute&gt;b__0()
   at NUnit.Framework.Internal.Commands.DelegatingTestCommand.RunTestMethodInThreadAbortSafeZone(TestExecutionContext context, Action action)
</StackTrace>
        </ErrorInfo>
      </Output>
    </UnitTestResult>
    <UnitTestResult executionId="ba441096-15c0-4656-8df5-57baa5c20857" testId="7711d8e6-2dae-d6fe-c0b8-724a59f9811a" testName="SigningUpRequiresConfirmingTheEmail" computerName="Bens-MacBook-Pro" duration="00:00:02.2021259" startTime="2026-08-20T14:15:20.3852280-05:00" endTime="2026-08-20T14:15:22.5873340-05:00" testType="13cdc9d9-ddb5-4fa4-a97d-d965ccfc6d4b" outcome="Passed" testListId="8c84fa94-04c1-424b-9868-57a2d4851a1d" relativeResultsDirectory="ba441096-15c0-4656-8df5-57baa5c20857" />
    <UnitTestResult executionId="b9bbab3c-12f4-4546-9b2b-ac47ebb49039" testId="aae02bf6-4e52-e775-3251-cb2a32aac860" testName="DragModeToggle_DefaultsToCreateRegion_AndTogglesToScrub" computerName="Bens-MacBook-Pro" duration="00:00:31.6816350" startTime="2026-08-20T14:15:22.5890250-05:00" endTime="2026-08-20T14:15:54.2708770-05:00" testType="13cdc9d9-ddb5-4fa4-a97d-d965ccfc6d4b" outcome="Failed" testListId="8c84fa94-04c1-424b-9868-57a2d4851a1d" relativeResultsDirectory="b9bbab3c-12f4-4546-9b2b-ac47ebb49039">
      <Output>
        <ErrorInfo>
          <Message>System.TimeoutException : Timeout 30000ms exceeded.
Call log:
  - waiting for GetByRole(AriaRole.Link, new() { Name = "Cases" }).Or(GetByRole(AriaRole.Tab, new() { Name = "Cases" })).First
Data:
  playwright.errorDetails: &lt;null&gt;
  playwright.log: System.String[]</Message>
          <StackTrace>   at Microsoft.Playwright.Transport.Connection.InnerSendMessageToServerAsync[T](ChannelOwner object, String method, Dictionary`2 dictionary, Boolean keepNulls, Nullable`1 timeout) in /_/src/Playwright/Transport/Connection.cs:line 229
   at Microsoft.Playwright.Transport.Connection.WrapApiCallAsync[T](Func`1 action, Boolean isInternal, String title) in /_/src/Playwright/Transport/Connection.cs:line 535
   at Ben.Web.Playwright.Tests.AudioScrubModeTests.NavigateToTghCaseFilesTabAsync() in /Users/ben/Source/Ben/Ben.Web.Playwright/Tests/AudioScrubModeTests.cs:line 35
   at Ben.Web.Playwright.Tests.AudioScrubModeTests.DragModeToggle_DefaultsToCreateRegion_AndTogglesToScrub() in /Users/ben/Source/Ben/Ben.Web.Playwright/Tests/AudioScrubModeTests.cs:line 75
   at NUnit.Framework.Internal.TaskAwaitAdapter.GenericAdapter`1.BlockUntilCompleted()
   at NUnit.Framework.Internal.MessagePumpStrategy.NoMessagePumpStrategy.WaitForCompletion(AwaitAdapter awaiter)
   at NUnit.Framework.Internal.AsyncToSyncAdapter.Await[TResult](TestExecutionContext context, Func`1 invoke)
   at NUnit.Framework.Internal.AsyncToSyncAdapter.Await(TestExecutionContext context, Func`1 invoke)
   at NUnit.Framework.Internal.Commands.TestMethodCommand.RunTestMethod(TestExecutionContext context)
   at NUnit.Framework.Internal.Commands.TestMethodCommand.Execute(TestExecutionContext context)
   at NUnit.Framework.Internal.Commands.BeforeAndAfterTestCommand.&lt;&gt;c__DisplayClass1_0.&lt;Execute&gt;b__0()
   at NUnit.Framework.Internal.Commands.DelegatingTestCommand.RunTestMethodInThreadAbortSafeZone(TestExecutionContext context, Action action)
1)    at Microsoft.Playwright.Transport.Connection.InnerSendMessageToServerAsync[T](ChannelOwner object, String method, Dictionary`2 dictionary, Boolean keepNulls, Nullable`1 timeout) in /_/src/Playwright/Transport/Connection.cs:line 229
   at Microsoft.Playwright.Transport.Connection.WrapApiCallAsync[T](Func`1 action, Boolean isInternal, String title) in /_/src/Playwright/Transport/Connection.cs:line 535
   at Ben.Web.Playwright.Tests.AudioScrubModeTests.NavigateToTghCaseFilesTabAsync() in /Users/ben/Source/Ben/Ben.Web.Playwright/Tests/AudioScrubModeTests.cs:line 35
   at Ben.Web.Playwright.Tests.AudioScrubModeTests.DragModeToggle_DefaultsToCreateRegion_AndTogglesToScrub() in /Users/ben/Source/Ben/Ben.Web.Playwright/Tests/AudioScrubModeTests.cs:line 75
   at NUnit.Framework.Internal.TaskAwaitAdapter.GenericAdapter`1.BlockUntilCompleted()
   at NUnit.Framework.Internal.MessagePumpStrategy.NoMessagePumpStrategy.WaitForCompletion(AwaitAdapter awaiter)
   at NUnit.Framework.Internal.AsyncToSyncAdapter.Await[TResult](TestExecutionContext context, Func`1 invoke)
   at NUnit.Framework.Internal.AsyncToSyncAdapter.Await(TestExecutionContext context, Func`1 invoke)
   at NUnit.Framework.Internal.Commands.TestMethodCommand.RunTestMethod(TestExecutionContext context)
   at NUnit.Framework.Internal.Commands.TestMethodCommand.Execute(TestExecutionContext context)
   at NUnit.Framework.Internal.Commands.BeforeAndAfterTestCommand.&lt;&gt;c__DisplayClass1_0.&lt;Execute&gt;b__0()
   at NUnit.Framework.Internal.Commands.DelegatingTestCommand.RunTestMethodInThreadAbortSafeZone(TestExecutionContext context, Action action)
</StackTrace>
        </ErrorInfo>
      </Output>
    </UnitTestResult>
  </Results>
  <TestDefinitions>
    <UnitTest name="DragModeToggle_DefaultsToCreateRegion_AndTogglesToScrub" storage="/users/ben/source/ben/ben.web.playwright/bin/debug/net10.0/ben.web.playwright.dll" id="aae02bf6-4e52-e775-3251-cb2a32aac860">
      <Execution id="b9bbab3c-12f4-4546-9b2b-ac47ebb49039" />
      <TestMethod codeBase="/Users/ben/Source/Ben/Ben.Web.Playwright/bin/Debug/net10.0/Ben.Web.Playwright.dll" adapterTypeName="executor://nunit3testexecutor/" className="Ben.Web.Playwright.Tests.AudioScrubModeTests" name="DragModeToggle_DefaultsToCreateRegion_AndTogglesToScrub" />
    </UnitTest>
    <UnitTest name="SigningUpRequiresConfirmingTheEmail" storage="/users/ben/source/ben/ben.web.playwright/bin/debug/net10.0/ben.web.playwright.dll" id="7711d8e6-2dae-d6fe-c0b8-724a59f9811a">
      <Execution id="ba441096-15c0-4656-8df5-57baa5c20857" />
      <TestMethod codeBase="/Users/ben/Source/Ben/Ben.Web.Playwright/bin/Debug/net10.0/Ben.Web.Playwright.dll" adapterTypeName="executor://nunit3testexecutor/" className="Ben.Web.Playwright.Tests.AccountTests" name="SigningUpRequiresConfirmingTheEmail" />
    </UnitTest>
    <UnitTest name="DragModeToggle_UpdatesHintText" storage="/users/ben/source/ben/ben.web.playwright/bin/debug/net10.0/ben.web.playwright.dll" id="5bd07ae8-8e38-cc46-ff2f-33ecbbe9da50">
      <Execution id="72f50f39-de2f-4459-ad7b-27b1a58d57f4" />
      <TestMethod codeBase="/Users/ben/Source/Ben/Ben.Web.Playwright/bin/Debug/net10.0/Ben.Web.Playwright.dll" adapterTypeName="executor://nunit3testexecutor/" className="Ben.Web.Playwright.Tests.AudioScrubModeTests" name="DragModeToggle_UpdatesHintText" />
    </UnitTest>
    <UnitTest name="TheContactTabStillCarriesAllFourKindsOfDetail" storage="/users/ben/source/ben/ben.web.playwright/bin/debug/net10.0/ben.web.playwright.dll" id="1a97dbe1-a2c1-5cac-05a6-7b4aacd15a88">
      <Execution id="5d8b8f1b-3608-4192-980c-87d344d3bad0" />
      <TestMethod codeBase="/Users/ben/Source/Ben/Ben.Web.Playwright/bin/Debug/net10.0/Ben.Web.Playwright.dll" adapterTypeName="executor://nunit3testexecutor/" className="Ben.Web.Playwright.Tests.ProfileLayoutTests" name="TheContactTabStillCarriesAllFourKindsOfDetail" />
    </UnitTest>
  </TestDefinitions>
  <TestEntries>
    <TestEntry testId="5bd07ae8-8e38-cc46-ff2f-33ecbbe9da50" executionId="72f50f39-de2f-4459-ad7b-27b1a58d57f4" testListId="8c84fa94-04c1-424b-9868-57a2d4851a1d" />
    <TestEntry testId="1a97dbe1-a2c1-5cac-05a6-7b4aacd15a88" executionId="5d8b8f1b-3608-4192-980c-87d344d3bad0" testListId="8c84fa94-04c1-424b-9868-57a2d4851a1d" />
    <TestEntry testId="7711d8e6-2dae-d6fe-c0b8-724a59f9811a" executionId="ba441096-15c0-4656-8df5-57baa5c20857" testListId="8c84fa94-04c1-424b-9868-57a2d4851a1d" />
    <TestEntry testId="aae02bf6-4e52-e775-3251-cb2a32aac860" executionId="b9bbab3c-12f4-4546-9b2b-ac47ebb49039" testListId="8c84fa94-04c1-424b-9868-57a2d4851a1d" />
  </TestEntries>
  <TestLists>
    <TestList name="Results Not in a List" id="8c84fa94-04c1-424b-9868-57a2d4851a1d" />
    <TestList name="All Loaded Results" id="19431567-8539-422a-85d7-44ee4e166bda" />
  </TestLists>
  <ResultSummary outcome="Failed">
    <Counters total="4" executed="4" passed="1" failed="3" error="0" timeout="0" aborted="0" inconclusive="0" passedButRunAborted="0" notRunnable="0" notExecuted="0" disconnected="0" warning="0" completed="0" inProgress="0" pending="0" />
    <Output>
      <StdOut>NUnit Adapter 5.0.0.0: Test execution started
Running selected tests in /Users/ben/Source/Ben/Ben.Web.Playwright/bin/Debug/net10.0/Ben.Web.Playwright.dll
   NUnit3TestExecutor discovered 4 of 4 NUnit test cases using Current Discovery mode, Non-Explicit run
NUnit Adapter 5.0.0.0: Test execution complete
</StdOut>
    </Output>
  </ResultSummary>
</TestRun>