<?xml version="1.0" encoding="utf-8"?>
<TestRun id="89a34215-bc4d-431e-8486-8ad377fa61d8" name="@Bens-MacBook-Pro 2026-08-20 13:55:16" xmlns="http://microsoft.com/schemas/VisualStudio/TeamTest/2010">
  <Times creation="2026-08-20T13:55:16.2713750-05:00" queuing="2026-08-20T13:55:16.2713750-05:00" start="2026-08-20T13:55:15.5595730-05:00" finish="2026-08-20T14:10:21.0374570-05:00" />
  <TestSettings name="default" id="3bb7a8f0-fa5a-494d-ba57-590c0c08a6c7">
    <Deployment runDeploymentRoot="_Bens-MacBook-Pro_2026-08-20_13_55_16" />
  </TestSettings>
  <Results>
    <UnitTestResult executionId="4c0fa3c6-d7fb-4fe0-b564-f804f007ede6" testId="02f83ce4-a7ac-401a-c0c6-9d6b477b2d79" testName="The_folder_rail_offers_every_channel" computerName="Bens-MacBook-Pro" duration="00:00:01.8229110" startTime="2026-08-20T14:06:13.5767070-05:00" endTime="2026-08-20T14:06:15.3996310-05:00" testType="13cdc9d9-ddb5-4fa4-a97d-d965ccfc6d4b" outcome="Passed" testListId="8c84fa94-04c1-424b-9868-57a2d4851a1d" relativeResultsDirectory="4c0fa3c6-d7fb-4fe0-b564-f804f007ede6" />
    <UnitTestResult executionId="c10b8273-e9b3-410c-af8f-42a45e4d2b63" testId="87b43cbd-efdf-ecdd-1607-62b8aa1624e1" testName="PublicRoute_Renders((http://localhost:5078/o/tgh, Tennessee Ghost Hunters))" computerName="Bens-MacBook-Pro" duration="00:00:00.9285780" startTime="2026-08-20T14:09:17.9549090-05:00" endTime="2026-08-20T14:09:18.8834940-05:00" testType="13cdc9d9-ddb5-4fa4-a97d-d965ccfc6d4b" outcome="Passed" testListId="8c84fa94-04c1-424b-9868-57a2d4851a1d" relativeResultsDirectory="c10b8273-e9b3-410c-af8f-42a45e4d2b63" />
    <UnitTestResult executionId="24934ede-5daf-4de2-8f57-972b4f948376" testId="3163c90f-52c7-8c8e-5643-6c26603fd1e5" testName="The_notifications_page_renders_messages_as_mail_rows" computerName="Bens-MacBook-Pro" duration="00:00:01.3185620" startTime="2026-08-20T14:06:15.3996460-05:00" endTime="2026-08-20T14:06:16.7182170-05:00" testType="13cdc9d9-ddb5-4fa4-a97d-d965ccfc6d4b" outcome="Passed" testListId="8c84fa94-04c1-424b-9868-57a2d4851a1d" relativeResultsDirectory="24934ede-5daf-4de2-8f57-972b4f948376" />
    <UnitTestResult executionId="e4e6c8bf-eec7-46e3-84ad-8102377ea1c7" testId="0ccf29f9-18e8-cf06-a213-dc69d786819a" testName="OrgCaseDetail_MessagesTab_ShowsClientMessages" computerName="Bens-MacBook-Pro" duration="00:00:02.0902860" startTime="2026-08-20T13:59:39.3097510-05:00" endTime="2026-08-20T13:59:41.4000580-05:00" testType="13cdc9d9-ddb5-4fa4-a97d-d965ccfc6d4b" outcome="Passed" testListId="8c84fa94-04c1-424b-9868-57a2d4851a1d" relativeResultsDirectory="e4e6c8bf-eec7-46e3-84ad-8102377ea1c7" />
    <UnitTestResult executionId="4304ec26-135f-42bd-9965-d9f8ea6c3a89" testId="4ac6bc8d-98f8-af39-2e7d-62ca2dda74a5" testName="AdminUsers_RendersUserList" computerName="Bens-MacBook-Pro" duration="00:00:01.8349200" startTime="2026-08-20T13:57:58.2790760-05:00" endTime="2026-08-20T13:58:00.1140000-05:00" testType="13cdc9d9-ddb5-4fa4-a97d-d965ccfc6d4b" outcome="Passed" testListId="8c84fa94-04c1-424b-9868-57a2d4851a1d" relativeResultsDirectory="4304ec26-135f-42bd-9965-d9f8ea6c3a89" />
    <UnitTestResult executionId="7ef438b0-f6e7-4274-8cd8-fabd8d4bad24" testId="5a88c507-a869-3766-9163-46e936db18d9" testName="EveryParameterisedRoute_RendersWithARealId" computerName="Bens-MacBook-Pro" duration="00:00:22.3853180" startTime="2026-08-20T13:55:23.6618910-05:00" endTime="2026-08-20T13:55:46.0473470-05:00" testType="13cdc9d9-ddb5-4fa4-a97d-d965ccfc6d4b" outcome="Passed" testListId="8c84fa94-04c1-424b-9868-57a2d4851a1d" relativeResultsDirectory="7ef438b0-f6e7-4274-8cd8-fabd8d4bad24">
      <Output>
        <StdOut>resolved: OrgId, CaseId, UrlName, UserId, ModelId, Slug
crawled 24, skipped 24, 0 problem(s)
   skipped: /attending/{Token} (token only)
   skipped: /equipment/{BrandSlug}/{ModelSlug} (no id available)
   skipped: /equipment/{ItemId:guid} (no id available)
   skipped: /feed/people/{AppUserId:guid} (no id available)
   skipped: /feed/tags/{Tag} (no id available)
   skipped: /feed/{PostId:guid} (no id available)
   skipped: /invite/{Token} (token only)
   skipped: /my-checkouts/{CheckoutId:guid} (no id available)
   skipped: /my-requests/{Id:guid} (no id available)
   skipped: /my-requests/{Id:guid}/edit (no id available)
   skipped: /o/{UrlName}/cases/{CaseRef} (no id available)
   skipped: /o/{UrlName}/events/{EventSlug} (no id available)
   skipped: /o/{UrlName}/investigations/{InvestigationSlug} (no id available)
   skipped: /o/{UrlName}/{PageSlug} (no id available)
   skipped: /organizations/{OrgId:guid}/cms/pages/{PageId:guid} (no id available)
   skipped: /organizations/{OrgId:guid}/cms/pages/{PageId:guid}/preview (no id available)
   skipped: /organizations/{OrgId:guid}/equipment/{ItemId:guid} (no id available)
   skipped: /organizations/{OrgId:guid}/publications/{PublicationId:guid} (no id available)
   skipped: /organizations/{OrgId:guid}/publications/{PublicationId:guid}/posts/new (no id available)
   skipped: /organizations/{OrgId:guid}/publications/{PublicationId:guid}/posts/{PostId:guid} (no id available)
   skipped: /places/{PlaceId:guid} (no id available)
   skipped: /publications/{UrlName}/{PostUrlName} (no id available)
   skipped: /support/{AccessToken:guid} (token only)
   skipped: /validate-email/{Token} (token only)</StdOut>
      </Output>
    </UnitTestResult>
    <UnitTestResult executionId="3bb797ef-107f-4941-995b-6cca17393be6" testId="ae55efa3-533a-dfc8-a1fa-76cfaa964969" testName="OrgRequests_Tab_RendersWithRequestCards" computerName="Bens-MacBook-Pro" duration="00:00:01.9986060" startTime="2026-08-20T14:09:11.1042910-05:00" endTime="2026-08-20T14:09:13.1029110-05:00" testType="13cdc9d9-ddb5-4fa4-a97d-d965ccfc6d4b" outcome="Passed" testListId="8c84fa94-04c1-424b-9868-57a2d4851a1d" relativeResultsDirectory="3bb797ef-107f-4941-995b-6cca17393be6" />
    <UnitTestResult executionId="18d6f546-7db3-4217-aafe-3997e55c906f" testId="ce08515e-f910-353d-ea32-168b71bba36c" testName="VideoEditorPage_Authenticated_RendersEditorShell" computerName="Bens-MacBook-Pro" duration="00:00:01.7671360" startTime="2026-08-20T14:09:34.5762400-05:00" endTime="2026-08-20T14:09:36.3433880-05:00" testType="13cdc9d9-ddb5-4fa4-a97d-d965ccfc6d4b" outcome="Passed" testListId="8c84fa94-04c1-424b-9868-57a2d4851a1d" relativeResultsDirectory="18d6f546-7db3-4217-aafe-3997e55c906f" />
    <UnitTestResult executionId="aadafae0-1d71-4e78-9cb4-22039bbf54fc" testId="85d7a49b-c4ef-c151-226f-98462bc068a4" testName="OrgView_CasesTab_ShowsCases" computerName="Bens-MacBook-Pro" duration="00:00:01.7928810" startTime="2026-08-20T14:07:39.5207620-05:00" endTime="2026-08-20T14:07:41.3136560-05:00" testType="13cdc9d9-ddb5-4fa4-a97d-d965ccfc6d4b" outcome="Passed" testListId="8c84fa94-04c1-424b-9868-57a2d4851a1d" relativeResultsDirectory="aadafae0-1d71-4e78-9cb4-22039bbf54fc" />
    <UnitTestResult executionId="3067a2af-3d75-4c95-a799-f482ea7fe4b5" testId="d82266c7-cac5-7d52-ec98-720937829f74" testName="RequestDetail_NavigateFromList" computerName="Bens-MacBook-Pro" duration="00:00:01.6208229" startTime="2026-08-20T14:00:34.9208410-05:00" endTime="2026-08-20T14:00:36.5416750-05:00" testType="13cdc9d9-ddb5-4fa4-a97d-d965ccfc6d4b" outcome="Passed" testListId="8c84fa94-04c1-424b-9868-57a2d4851a1d" relativeResultsDirectory="3067a2af-3d75-4c95-a799-f482ea7fe4b5">
      <Output>
        <StdOut>No requests in list — skipping detail navigation test.</StdOut>
      </Output>
    </UnitTestResult>
    <UnitTestResult executionId="18f7a63e-40db-4ac0-a7fb-0d64a2b95210" testId="558cebff-8aa0-6d80-1ef5-b9702f5fa014" testName="SignedOut_TheServerTabHasNoMedia" computerName="Bens-MacBook-Pro" duration="00:00:02.5019220" startTime="2026-08-20T14:10:11.9659770-05:00" endTime="2026-08-20T14:10:14.4679170-05:00" testType="13cdc9d9-ddb5-4fa4-a97d-d965ccfc6d4b" outcome="Passed" testListId="8c84fa94-04c1-424b-9868-57a2d4851a1d" relativeResultsDirectory="18f7a63e-40db-4ac0-a7fb-0d64a2b95210" />
    <UnitTestResult executionId="d0ea1613-db4e-46e4-8ceb-d3ccb64bd581" testId="10033ac8-ef2e-bf04-cf17-dcdb23d361c7" testName="Page_ShowsOrganizationDropdown" computerName="Bens-MacBook-Pro" duration="00:00:01.6297260" startTime="2026-08-20T14:07:30.2479840-05:00" endTime="2026-08-20T14:07:31.8777210-05:00" testType="13cdc9d9-ddb5-4fa4-a97d-d965ccfc6d4b" outcome="Passed" testListId="8c84fa94-04c1-424b-9868-57a2d4851a1d" relativeResultsDirectory="d0ea1613-db4e-46e4-8ceb-d3ccb64bd581" />
    <UnitTestResult executionId="f4c46efe-3ebf-4812-8258-4e646b4fa8cd" testId="a6557351-31a6-7133-14e8-adab09239cb6" testName="HomeList_AuthUser_SeesVoteWidgetPerCard" computerName="Bens-MacBook-Pro" duration="00:00:01.7533630" startTime="2026-08-20T14:09:57.9923430-05:00" endTime="2026-08-20T14:09:59.7457180-05:00" testType="13cdc9d9-ddb5-4fa4-a97d-d965ccfc6d4b" outcome="Passed" testListId="8c84fa94-04c1-424b-9868-57a2d4851a1d" relativeResultsDirectory="f4c46efe-3ebf-4812-8258-4e646b4fa8cd" />
    <UnitTestResult executionId="97cb53a1-edfd-44ad-9880-9b92c02e1081" testId="c4a5d724-7fd1-3c7a-058b-dcf1b467a3d0" testName="UploadFiles_FileTypeSelect_IsNativeAndSelectionSticks" computerName="Bens-MacBook-Pro" duration="00:00:01.6967170" startTime="2026-08-20T13:56:44.3898140-05:00" endTime="2026-08-20T13:56:46.0865410-05:00" testType="13cdc9d9-ddb5-4fa4-a97d-d965ccfc6d4b" outcome="Passed" testListId="8c84fa94-04c1-424b-9868-57a2d4851a1d" relativeResultsDirectory="97cb53a1-edfd-44ad-9880-9b92c02e1081" />
    <UnitTestResult executionId="2680cd7d-da71-4f05-b720-b6fa9c7bf5fb" testId="72f63c02-f87c-efca-3768-acf064f7953c" testName="InvestigationsTab_ScheduleButtonVisible" computerName="Bens-MacBook-Pro" duration="00:00:01.9919320" startTime="2026-08-20T14:03:40.3889050-05:00" endTime="2026-08-20T14:03:42.3808500-05:00" testType="13cdc9d9-ddb5-4fa4-a97d-d965ccfc6d4b" outcome="Passed" testListId="8c84fa94-04c1-424b-9868-57a2d4851a1d" relativeResultsDirectory="2680cd7d-da71-4f05-b720-b6fa9c7bf5fb">
      <Output>
        <StdOut>No cases found.</StdOut>
      </Output>
    </UnitTestResult>
    <UnitTestResult executionId="25efd84d-8862-4ba0-969e-79201e2b68e1" testId="db8f715f-094d-8027-af3c-1329fdd81af0" testName="MyRequests_List_RendersAfterLogin" computerName="Bens-MacBook-Pro" duration="00:00:01.6112860" startTime="2026-08-20T14:00:24.4911620-05:00" endTime="2026-08-20T14:00:26.1024590-05:00" testType="13cdc9d9-ddb5-4fa4-a97d-d965ccfc6d4b" outcome="Passed" testListId="8c84fa94-04c1-424b-9868-57a2d4851a1d" relativeResultsDirectory="25efd84d-8862-4ba0-969e-79201e2b68e1" />
    <UnitTestResult executionId="e0d0ccb4-7fc6-4931-ab00-5f7f666fa4ea" testId="613a433f-bdad-87a6-651a-73d0e93e9159" testName="MyCases_NavItem_VisibleAfterLogin" computerName="Bens-MacBook-Pro" duration="00:00:09.7664490" startTime="2026-08-20T14:06:34.2134920-05:00" endTime="2026-08-20T14:06:43.9800070-05:00" testType="13cdc9d9-ddb5-4fa4-a97d-d965ccfc6d4b" outcome="Failed" testListId="8c84fa94-04c1-424b-9868-57a2d4851a1d" relativeResultsDirectory="e0d0ccb4-7fc6-4931-ab00-5f7f666fa4ea">
      <Output>
        <ErrorInfo>
          <Message>Microsoft.Playwright.PlaywrightException : Locator expected to be visible 
Call log:
  - Expect "ToBeVisibleAsync" with timeout 8000ms
  - waiting for GetByRole(AriaRole.Link, new() { Name = "My Cases" }).Or(GetByText("My Cases", new() { Exact = true })).First
    19 × locator resolved to &lt;span class="nav-link-text"&gt;My Cases&lt;/span&gt;
       - unexpected value "hidden"
Aria snapshot:
- banner:
  - link "IsHaunted.com":
    - /url: /
    - strong: Is
    - emphasis: Haunted
    - text: .com
  - button "Toggle Navigation Size":
    - img
  - button "Toggle Dark Mode"
  - button "Toggle Fullscreen"
  - button "Open Notifications"
  - button "Open Profile Dropdown": DP
- complementary:
  - textbox "Filter menu":
    - /placeholder: Filter
  - navigation:
    - list:
      - listitem:
        - link "Home":
          - /url: /
      - listitem:
        - link "Notifications":
          - /url: /notifications
      - listitem:
        - link "Organizations":
          - /url: /organizations
      - listitem:
        - link "My Work":
          - /url: "#"
      - listitem:
        - link "Equipment":
          - /url: "#"
      - listitem:
        - link "Media":
          - /url: "#"
      - listitem:
        - link "Community":
          - /url: "#"
- main:
  - img "IsHaunted logo"
  - heading "IsHaunted.com" [level=1]
  - paragraph: Connect with paranormal investigation groups near you
  - searchbox "City, address, or zip code"
  - button "Find Groups" [disabled]
  - link "Browse All Groups":
    - /url: /find
  - link "Request an Investigation":
    - /url: /my-requests/new
  - heading "What's Near You" [level=4]
  - text: Within
  - combobox "Within":
    - option "10"
    - option "25" [selected]
    - option "50"
    - option "100"
  - textbox "Enter your city, address, or zip code"
  - button "Show what's near there" [disabled]
  - heading "Public Investigations" [level=4]
  - text: 5 cases worldwide
  - paragraph: Click a marker or case below to view details.
  - text: 3 \ud83d\udc7b \ud83d\udc7b © OpenStreetMap contributors
  - button "move up"
  - button "move right"
  - button "move down"
  - button "move left"
  - group:
    - button "zoom-in"
    - button "zoom-out"
  - paragraph: Pins show an approximate area, not an address. Case locations are deliberately published to within a few miles.
  - text: Sort by
  - group "Sort investigations":
    - button "Most Votes" [pressed]
    - button "Newest"
  - text: "#2026-001"
  - heading "Historic Shelby Street Bridge" [level=6]
  - paragraph: Nashville, TN
  - paragraph: BenCo
  - text: No votes yet ✓ 3 ✗ 0 ? 1 4 votes +3
  - button "✓ Confirms" [pressed]
  - button "✗ Disputes"
  - button "? Inconclusive"
  - button "Remove"
  - link "View":
    - /url: /o/benco/cases/2026-001
  - link "Group":
    - /url: /o/benco
  - text: "#2026-002"
  - heading "Bell Witch Cave — Annual Survey" [level=6]
  - paragraph: Adams, TN
  - paragraph: Tennessee Ghost Hunters
  - text: No votes yet ✓ 0 ✗ 0 ? 0 0 votes No votes
  - button "✓ Confirms"
  - button "✗ Disputes"
  - button "? Inconclusive"
  - link "View":
    - /url: /o/tgh/cases/2026-002
  - link "Group":
    - /url: /o/tgh
  - text: "#2026-001"
  - heading "The Old Ryman Auditorium Back Stage" [level=6]
  - paragraph: Nashville, TN
  - paragraph: Nashville Paranormal Society
  - text: No votes yet ✓ 3 ✗ 0 ? 0 3 votes +3
  - button "✓ Confirms"
  - button "✗ Disputes"
  - button "? Inconclusive"
  - link "View":
    - /url: /o/nps/cases/2026-001
  - link "Group":
    - /url: /o/nps
  - text: "#2026-001 \ud83d\udc7b Haunted"
  - heading "Abandoned Springfield Farmhouse" [level=6]
  - paragraph: Springfield, TN
  - paragraph: Tennessee Ghost Hunters
  - text: No votes yet ✓ 4 ✗ 0 ? 0 4 votes +4
  - button "✓ Confirms" [pressed]
  - button "✗ Disputes"
  - button "? Inconclusive"
  - button "Remove"
  - link "View":
    - /url: /o/tgh/cases/2026-001
  - link "Group":
    - /url: /o/tgh
  - text: "#2026-002 \ud83d\udc7b Haunted"
  - heading "The Hermitage Hotel — Presidential Suite" [level=6]
  - paragraph: Nashville, TN
  - paragraph: Nashville Paranormal Society
  - text: No votes yet ✓ 4 ✗ 0 ? 0 4 votes +4
  - button "✓ Confirms" [pressed]
  - button "✗ Disputes"
  - button "? Inconclusive"
  - button "Remove"
  - link "View":
    - /url: /o/nps/cases/2026-002
  - link "Group":
    - /url: /o/nps
  - text: IsHaunted.com © 2026
  - link "Help":
    - /url: /help
  - link "Contact":
    - /url: /contact</Message>
          <StackTrace>   at Microsoft.Playwright.Core.AssertionsBase.ExpectImplAsync(String expression, FrameExpectOptions expectOptions, Object expected, String message, String title) in /_/src/Playwright/Core/AssertionsBase.cs:line 95
   at Microsoft.Playwright.Core.AssertionsBase.ExpectImplAsync(String expression, ExpectedTextValue[] expectedText, Object expected, String message, String title, FrameExpectOptions options) in /_/src/Playwright/Core/AssertionsBase.cs:line 69
   at Ben.Web.Playwright.Tests.MyCaseDashboardTests.MyCases_NavItem_VisibleAfterLogin() in /Users/ben/Source/Ben/Ben.Web.Playwright/Tests/MyCaseDashboardTests.cs:line 27
   at NUnit.Framework.Internal.Commands.TestMethodCommand.Execute(TestExecutionContext context)
   at NUnit.Framework.Internal.Commands.BeforeAndAfterTestCommand.&lt;&gt;c__DisplayClass1_0.&lt;Execute&gt;b__0()
   at NUnit.Framework.Internal.Commands.DelegatingTestCommand.RunTestMethodInThreadAbortSafeZone(TestExecutionContext context, Action action)
1)    at Microsoft.Playwright.Core.AssertionsBase.ExpectImplAsync(String expression, FrameExpectOptions expectOptions, Object expected, String message, String title) in /_/src/Playwright/Core/AssertionsBase.cs:line 95
   at Microsoft.Playwright.Core.AssertionsBase.ExpectImplAsync(String expression, ExpectedTextValue[] expectedText, Object expected, String message, String title, FrameExpectOptions options) in /_/src/Playwright/Core/AssertionsBase.cs:line 69
   at Ben.Web.Playwright.Tests.MyCaseDashboardTests.MyCases_NavItem_VisibleAfterLogin() in /Users/ben/Source/Ben/Ben.Web.Playwright/Tests/MyCaseDashboardTests.cs:line 27
   at NUnit.Framework.Internal.Commands.TestMethodCommand.Execute(TestExecutionContext context)
   at NUnit.Framework.Internal.Commands.BeforeAndAfterTestCommand.&lt;&gt;c__DisplayClass1_0.&lt;Execute&gt;b__0()
   at NUnit.Framework.Internal.Commands.DelegatingTestCommand.RunTestMethodInThreadAbortSafeZone(TestExecutionContext context, Action action)
</StackTrace>
        </ErrorInfo>
      </Output>
    </UnitTestResult>
    <UnitTestResult executionId="fbb8c5e9-672e-4141-99d7-8169b020ec63" testId="b1afdf1e-b2ba-75f8-9cd4-f445bef45775" testName="ClientRequestDetail_AssignedRequest_ShowsViewMyCasesButton" computerName="Bens-MacBook-Pro" duration="00:00:01.7947270" startTime="2026-08-20T14:06:16.7184350-05:00" endTime="2026-08-20T14:06:18.5131750-05:00" testType="13cdc9d9-ddb5-4fa4-a97d-d965ccfc6d4b" outcome="Passed" testListId="8c84fa94-04c1-424b-9868-57a2d4851a1d" relativeResultsDirectory="fbb8c5e9-672e-4141-99d7-8169b020ec63" />
    <UnitTestResult executionId="cd29ae36-2885-4b72-bc43-402b9a4fbebe" testId="018b064f-429e-680a-6568-435464f1fdb3" testName="UnpublishedPage_IsNotVisibleToASignedOutVisitor" computerName="Bens-MacBook-Pro" duration="00:00:04.1501130" startTime="2026-08-20T14:01:16.7214730-05:00" endTime="2026-08-20T14:01:20.8716140-05:00" testType="13cdc9d9-ddb5-4fa4-a97d-d965ccfc6d4b" outcome="Passed" testListId="8c84fa94-04c1-424b-9868-57a2d4851a1d" relativeResultsDirectory="cd29ae36-2885-4b72-bc43-402b9a4fbebe" />
    <UnitTestResult executionId="46603248-dc49-4c96-ac79-704122b1ea24" testId="7d1dfea7-4eec-6714-1bb0-93f743933012" testName="NavDrawer_MediaLibraryLinkNavigates" computerName="Bens-MacBook-Pro" duration="00:00:09.1522340" startTime="2026-08-20T14:04:27.6246100-05:00" endTime="2026-08-20T14:04:36.7769070-05:00" testType="13cdc9d9-ddb5-4fa4-a97d-d965ccfc6d4b" outcome="Failed" testListId="8c84fa94-04c1-424b-9868-57a2d4851a1d" relativeResultsDirectory="46603248-dc49-4c96-ac79-704122b1ea24">
      <Output>
        <ErrorInfo>
          <Message>Microsoft.Playwright.PlaywrightException : Locator expected to be visible
Error: element(s) not found 
Call log:
  - Expect "ToBeVisibleAsync" with timeout 8000ms
  - waiting for GetByRole(AriaRole.Link, new() { Name = "Media Library", Exact = true }).Or(GetByRole(AriaRole.Menuitem, new() { Name = "Media Library", Exact = true })).First
Aria snapshot:
- banner:
  - link "IsHaunted.com":
    - /url: /
    - strong: Is
    - emphasis: Haunted
    - text: .com
  - button "Toggle Navigation Size":
    - img
  - button "Toggle Dark Mode"
  - button "Toggle Fullscreen"
  - button "Open Notifications": "51"
  - button "Open Profile Dropdown": SM
- complementary:
  - textbox "Filter menu":
    - /placeholder: Filter
  - navigation:
    - list:
      - listitem:
        - link "Home":
          - /url: /
      - listitem:
        - link "Notifications 3 unread notifications":
          - /url: /notifications
          - text: Notifications 3
      - listitem:
        - link "Organizations 46 unread group messages":
          - /url: /organizations
          - text: Organizations 46
      - listitem:
        - link "My Work":
          - /url: "#"
      - listitem:
        - link "Equipment 1 item waiting in Equipment":
          - /url: "#"
          - text: Equipment 1
      - listitem:
        - link "Media":
          - /url: "#"
      - listitem:
        - link "Community 1 item waiting in Community":
          - /url: "#"
          - text: Community 1
- main:
  - img "IsHaunted logo"
  - heading "IsHaunted.com" [level=1]
  - paragraph: Connect with paranormal investigation groups near you
  - searchbox "City, address, or zip code"
  - button "Find Groups" [disabled]
  - link "Browse All Groups":
    - /url: /find
  - link "Request an Investigation":
    - /url: /my-requests/new
  - heading "What's Near You" [level=4]
  - text: Within
  - combobox "Within":
    - option "10"
    - option "25" [selected]
    - option "50"
    - option "100"
  - textbox "Enter your city, address, or zip code"
  - button "Show what's near there" [disabled]
  - heading "Public Investigations" [level=4]
  - text: 5 cases worldwide
  - paragraph: Click a marker or case below to view details.
  - text: 3 \ud83d\udc7b \ud83d\udc7b © OpenStreetMap contributors
  - button "move up"
  - button "move right"
  - button "move down"
  - button "move left"
  - group:
    - button "zoom-in"
    - button "zoom-out"
  - paragraph: Pins show an approximate area, not an address. Case locations are deliberately published to within a few miles.
  - text: Sort by
  - group "Sort investigations":
    - button "Most Votes" [pressed]
    - button "Newest"
  - text: "#2026-001"
  - heading "Historic Shelby Street Bridge" [level=6]
  - paragraph: Nashville, TN
  - paragraph: BenCo
  - text: No votes yet ✓ 3 ✗ 0 ? 1 4 votes +3
  - button "✓ Confirms" [pressed]
  - button "✗ Disputes"
  - button "? Inconclusive"
  - button "Remove"
  - link "View":
    - /url: /o/benco/cases/2026-001
  - link "Group":
    - /url: /o/benco
  - text: "#2026-002"
  - heading "Bell Witch Cave — Annual Survey" [level=6]
  - paragraph: Adams, TN
  - paragraph: Tennessee Ghost Hunters
  - text: No votes yet ✓ 0 ✗ 0 ? 0 0 votes No votes
  - button "✓ Confirms"
  - button "✗ Disputes"
  - button "? Inconclusive"
  - link "View":
    - /url: /o/tgh/cases/2026-002
  - link "Group":
    - /url: /o/tgh
  - text: "#2026-001"
  - heading "The Old Ryman Auditorium Back Stage" [level=6]
  - paragraph: Nashville, TN
  - paragraph: Nashville Paranormal Society
  - text: No votes yet ✓ 3 ✗ 0 ? 0 3 votes +3
  - button "✓ Confirms" [pressed]
  - button "✗ Disputes"
  - button "? Inconclusive"
  - button "Remove"
  - link "View":
    - /url: /o/nps/cases/2026-001
  - link "Group":
    - /url: /o/nps
  - text: "#2026-001 \ud83d\udc7b Haunted"
  - heading "Abandoned Springfield Farmhouse" [level=6]
  - paragraph: Springfield, TN
  - paragraph: Tennessee Ghost Hunters
  - text: No votes yet ✓ 4 ✗ 0 ? 0 4 votes +4
  - button "✓ Confirms"
  - button "✗ Disputes"
  - button "? Inconclusive"
  - link "View":
    - /url: /o/tgh/cases/2026-001
  - link "Group":
    - /url: /o/tgh
  - text: "#2026-002 \ud83d\udc7b Haunted"
  - heading "The Hermitage Hotel — Presidential Suite" [level=6]
  - paragraph: Nashville, TN
  - paragraph: Nashville Paranormal Society
  - text: No votes yet ✓ 4 ✗ 0 ? 0 4 votes +4
  - button "✓ Confirms" [pressed]
  - button "✗ Disputes"
  - button "? Inconclusive"
  - button "Remove"
  - link "View":
    - /url: /o/nps/cases/2026-002
  - link "Group":
    - /url: /o/nps
  - text: IsHaunted.com © 2026
  - link "Help":
    - /url: /help
  - link "Contact":
    - /url: /contact</Message>
          <StackTrace>   at Microsoft.Playwright.Core.AssertionsBase.ExpectImplAsync(String expression, FrameExpectOptions expectOptions, Object expected, String message, String title) in /_/src/Playwright/Core/AssertionsBase.cs:line 95
   at Microsoft.Playwright.Core.AssertionsBase.ExpectImplAsync(String expression, ExpectedTextValue[] expectedText, Object expected, String message, String title, FrameExpectOptions options) in /_/src/Playwright/Core/AssertionsBase.cs:line 69
   at Ben.Web.Playwright.Tests.MediaLibraryTests.NavDrawer_MediaLibraryLinkNavigates() in /Users/ben/Source/Ben/Ben.Web.Playwright/Tests/MediaLibraryTests.cs:line 109
   at NUnit.Framework.Internal.Commands.TestMethodCommand.Execute(TestExecutionContext context)
   at NUnit.Framework.Internal.Commands.BeforeAndAfterTestCommand.&lt;&gt;c__DisplayClass1_0.&lt;Execute&gt;b__0()
   at NUnit.Framework.Internal.Commands.DelegatingTestCommand.RunTestMethodInThreadAbortSafeZone(TestExecutionContext context, Action action)
1)    at Microsoft.Playwright.Core.AssertionsBase.ExpectImplAsync(String expression, FrameExpectOptions expectOptions, Object expected, String message, String title) in /_/src/Playwright/Core/AssertionsBase.cs:line 95
   at Microsoft.Playwright.Core.AssertionsBase.ExpectImplAsync(String expression, ExpectedTextValue[] expectedText, Object expected, String message, String title, FrameExpectOptions options) in /_/src/Playwright/Core/AssertionsBase.cs:line 69
   at Ben.Web.Playwright.Tests.MediaLibraryTests.NavDrawer_MediaLibraryLinkNavigates() in /Users/ben/Source/Ben/Ben.Web.Playwright/Tests/MediaLibraryTests.cs:line 109
   at NUnit.Framework.Internal.Commands.TestMethodCommand.Execute(TestExecutionContext context)
   at NUnit.Framework.Internal.Commands.BeforeAndAfterTestCommand.&lt;&gt;c__DisplayClass1_0.&lt;Execute&gt;b__0()
   at NUnit.Framework.Internal.Commands.DelegatingTestCommand.RunTestMethodInThreadAbortSafeZone(TestExecutionContext context, Action action)
</StackTrace>
        </ErrorInfo>
      </Output>
    </UnitTestResult>
    <UnitTestResult executionId="cbb4daf9-e6ff-4165-8bf3-0fb8afb02804" testId="2759d3f1-bdf1-f525-b22a-2c4398e1e14d" testName="Granted_ShowsNearEventAtDefaultRadius" computerName="Bens-MacBook-Pro" duration="00:00:01.0599310" startTime="2026-08-20T14:07:07.4238680-05:00" endTime="2026-08-20T14:07:08.4838070-05:00" testType="13cdc9d9-ddb5-4fa4-a97d-d965ccfc6d4b" outcome="Passed" testListId="8c84fa94-04c1-424b-9868-57a2d4851a1d" relativeResultsDirectory="cbb4daf9-e6ff-4165-8bf3-0fb8afb02804" />
    <UnitTestResult executionId="2fd0d445-51b5-462a-bb8f-c27558b74132" testId="dff7442b-b8d8-4d04-8326-a5a39775250e" testName="SeededInvestigation_HasAttendeesButton" computerName="Bens-MacBook-Pro" duration="00:00:01.8916760" startTime="2026-08-20T14:03:44.3571690-05:00" endTime="2026-08-20T14:03:46.2488580-05:00" testType="13cdc9d9-ddb5-4fa4-a97d-d965ccfc6d4b" outcome="Passed" testListId="8c84fa94-04c1-424b-9868-57a2d4851a1d" relativeResultsDirectory="2fd0d445-51b5-462a-bb8f-c27558b74132" />
    <UnitTestResult executionId="7f9a2432-bb34-4638-a3f2-99f26cf3f32f" testId="090f171b-7072-d71f-b9e0-abae46eb11c2" testName="PublicRoute_Renders((http://localhost:5078/o/tgh/cases, #2026-))" computerName="Bens-MacBook-Pro" duration="00:00:00.9250650" startTime="2026-08-20T14:09:18.8835190-05:00" endTime="2026-08-20T14:09:19.8085900-05:00" testType="13cdc9d9-ddb5-4fa4-a97d-d965ccfc6d4b" outcome="Passed" testListId="8c84fa94-04c1-424b-9868-57a2d4851a1d" relativeResultsDirectory="7f9a2432-bb34-4638-a3f2-99f26cf3f32f" />
    <UnitTestResult executionId="b662b841-304f-4d0d-8626-456ad3d3b37f" testId="17ef908d-8be6-ea5f-dada-41e85a98c992" testName="MyCaseDetail_LogOccurrenceDialog_Opens" computerName="Bens-MacBook-Pro" duration="00:00:01.8408000" startTime="2026-08-20T14:06:22.2828870-05:00" endTime="2026-08-20T14:06:24.1237000-05:00" testType="13cdc9d9-ddb5-4fa4-a97d-d965ccfc6d4b" outcome="Passed" testListId="8c84fa94-04c1-424b-9868-57a2d4851a1d" relativeResultsDirectory="b662b841-304f-4d0d-8626-456ad3d3b37f" />
    <UnitTestResult executionId="1420d0a6-4853-485e-851d-4ec97588ea04" testId="bf6e7ab7-e706-ad4c-6841-f0e7c7b6ddce" testName="Map_MarkersRenderAfterLoad" computerName="Bens-MacBook-Pro" duration="00:00:01.0607850" startTime="2026-08-20T14:03:19.0974440-05:00" endTime="2026-08-20T14:03:20.1582360-05:00" testType="13cdc9d9-ddb5-4fa4-a97d-d965ccfc6d4b" outcome="Passed" testListId="8c84fa94-04c1-424b-9868-57a2d4851a1d" relativeResultsDirectory="1420d0a6-4853-485e-851d-4ec97588ea04" />
    <UnitTestResult executionId="d1cc4b86-1a6c-45ea-bf99-b57881d9f7de" testId="6d36554c-da07-a810-8a3c-6daebae95049" testName="EveryChartOnThePageGetsItsOwnCanvas" computerName="Bens-MacBook-Pro" duration="00:00:01.8860920" startTime="2026-08-20T14:00:12.2126310-05:00" endTime="2026-08-20T14:00:14.0987360-05:00" testType="13cdc9d9-ddb5-4fa4-a97d-d965ccfc6d4b" outcome="Passed" testListId="8c84fa94-04c1-424b-9868-57a2d4851a1d" relativeResultsDirectory="d1cc4b86-1a6c-45ea-bf99-b57881d9f7de" />
    <UnitTestResult executionId="3b260e4a-4bb2-4ae5-8b34-4bb277db6275" testId="a53d7d7b-c3fa-224c-d18e-82130f68e4c3" testName="OrgView_RequestsTab_RendersContent" computerName="Bens-MacBook-Pro" duration="00:00:01.9700110" startTime="2026-08-20T14:00:29.3849450-05:00" endTime="2026-08-20T14:00:31.3549700-05:00" testType="13cdc9d9-ddb5-4fa4-a97d-d965ccfc6d4b" outcome="Passed" testListId="8c84fa94-04c1-424b-9868-57a2d4851a1d" relativeResultsDirectory="3b260e4a-4bb2-4ae5-8b34-4bb277db6275" />
    <UnitTestResult executionId="f1cec7ea-36e7-40e4-8579-bef22c1a2eaa" testId="d1a1fe2c-ea9c-fa5a-2a65-172fff2891ad" testName="OrgPublicHome_NpsOrg_Renders" computerName="Bens-MacBook-Pro" duration="00:00:00.9061900" startTime="2026-08-20T14:08:00.2076270-05:00" endTime="2026-08-20T14:08:01.1138240-05:00" testType="13cdc9d9-ddb5-4fa4-a97d-d965ccfc6d4b" outcome="Passed" testListId="8c84fa94-04c1-424b-9868-57a2d4851a1d" relativeResultsDirectory="f1cec7ea-36e7-40e4-8579-bef22c1a2eaa" />
    <UnitTestResult executionId="c6d29e31-ee15-4601-a018-d0938cde220f" testId="3ccae187-25be-f329-4bb5-9e6468b0fb1c" testName="AdminRoles_RendersSuperAdminRole" computerName="Bens-MacBook-Pro" duration="00:00:01.8472920" startTime="2026-08-20T13:57:43.1145160-05:00" endTime="2026-08-20T13:57:44.9618200-05:00" testType="13cdc9d9-ddb5-4fa4-a97d-d965ccfc6d4b" outcome="Passed" testListId="8c84fa94-04c1-424b-9868-57a2d4851a1d" relativeResultsDirectory="c6d29e31-ee15-4601-a018-d0938cde220f" />
    <UnitTestResult executionId="793c5b42-ff40-480b-a12f-dbcda08bf10d" testId="cdceee54-7e55-bc03-8eb0-b822aa91e003" testName="MyCasesList_RendersAfterLogin" computerName="Bens-MacBook-Pro" duration="00:00:01.6379300" startTime="2026-08-20T14:06:48.3771450-05:00" endTime="2026-08-20T14:06:50.0150870-05:00" testType="13cdc9d9-ddb5-4fa4-a97d-d965ccfc6d4b" outcome="Passed" testListId="8c84fa94-04c1-424b-9868-57a2d4851a1d" relativeResultsDirectory="793c5b42-ff40-480b-a12f-dbcda08bf10d" />
    <UnitTestResult executionId="3a32ace1-7f54-4a92-83fb-d7d7fc8de420" testId="bad2a360-869d-fe81-cc9d-ff591b81ac3a" testName="CaseDetail_BreadcrumbRendersOrgAndCases" computerName="Bens-MacBook-Pro" duration="00:00:00.9721830" startTime="2026-08-20T14:08:37.8100380-05:00" endTime="2026-08-20T14:08:38.7822280-05:00" testType="13cdc9d9-ddb5-4fa4-a97d-d965ccfc6d4b" outcome="Passed" testListId="8c84fa94-04c1-424b-9868-57a2d4851a1d" relativeResultsDirectory="3a32ace1-7f54-4a92-83fb-d7d7fc8de420" />
    <UnitTestResult executionId="304a130c-3b71-4707-8fd9-f0b61d5fed2f" testId="5572cff0-94ea-e6e9-ca30-29623876ace8" testName="TheThemeTogglePersists" computerName="Bens-MacBook-Pro" duration="00:00:00.9921890" startTime="2026-08-20T14:10:20.0156890-05:00" endTime="2026-08-20T14:10:21.0078850-05:00" testType="13cdc9d9-ddb5-4fa4-a97d-d965ccfc6d4b" outcome="Passed" testListId="8c84fa94-04c1-424b-9868-57a2d4851a1d" relativeResultsDirectory="304a130c-3b71-4707-8fd9-f0b61d5fed2f" />
    <UnitTestResult executionId="21db315e-bbdd-4be8-bb2f-da9ac84395f3" testId="680b5b36-cdd3-bc85-4665-253b394e6a5d" testName="An_ordinary_member_can_open_their_own_group" computerName="Bens-MacBook-Pro" duration="00:00:01.7202450" startTime="2026-08-20T14:06:07.9074810-05:00" endTime="2026-08-20T14:06:09.6277380-05:00" testType="13cdc9d9-ddb5-4fa4-a97d-d965ccfc6d4b" outcome="Passed" testListId="8c84fa94-04c1-424b-9868-57a2d4851a1d" relativeResultsDirectory="21db315e-bbdd-4be8-bb2f-da9ac84395f3" />
    <UnitTestResult executionId="13cfa659-6a7a-4100-8c63-7b20f137289f" testId="6f69cb22-5677-6dd8-d3f1-d90ef7b39b29" testName="AppBar_AdministrationButton_VisibleForSuperAdminOnly" computerName="Bens-MacBook-Pro" duration="00:00:01.7990770" startTime="2026-08-20T14:06:51.6698080-05:00" endTime="2026-08-20T14:06:53.4688970-05:00" testType="13cdc9d9-ddb5-4fa4-a97d-d965ccfc6d4b" outcome="Passed" testListId="8c84fa94-04c1-424b-9868-57a2d4851a1d" relativeResultsDirectory="13cfa659-6a7a-4100-8c63-7b20f137289f" />
    <UnitTestResult executionId="7b15617e-a042-449b-907f-c42388b88e7f" testId="56e0dbb7-6cb5-feaf-5366-fb21a0337bae" testName="MyCaseDetail_RendersHeaderAndCalendar" computerName="Bens-MacBook-Pro" duration="00:00:01.8223440" startTime="2026-08-20T14:06:25.9654630-05:00" endTime="2026-08-20T14:06:27.7878190-05:00" testType="13cdc9d9-ddb5-4fa4-a97d-d965ccfc6d4b" outcome="Passed" testListId="8c84fa94-04c1-424b-9868-57a2d4851a1d" relativeResultsDirectory="7b15617e-a042-449b-907f-c42388b88e7f" />
    <UnitTestResult executionId="8921b003-2902-4a3d-9a77-9e46770f9bf0" testId="35ac4ea5-e7c8-af35-2d62-1f44359abe9e" testName="A_member_can_see_who_else_is_in_the_group" computerName="Bens-MacBook-Pro" duration="00:00:01.8731960" startTime="2026-08-20T14:07:20.4996740-05:00" endTime="2026-08-20T14:07:22.3728830-05:00" testType="13cdc9d9-ddb5-4fa4-a97d-d965ccfc6d4b" outcome="Passed" testListId="8c84fa94-04c1-424b-9868-57a2d4851a1d" relativeResultsDirectory="8921b003-2902-4a3d-9a77-9e46770f9bf0" />
    <UnitTestResult executionId="ede9b345-f5cb-48aa-bce8-4dfbfc354d31" testId="dfb76a96-a889-ac69-a52c-db4e821b3808" testName="Capture_TheFeed" computerName="Bens-MacBook-Pro" duration="00:00:00.0244030" startTime="2026-08-20T13:55:16.1880050-05:00" endTime="2026-08-20T13:55:16.2124080-05:00" testType="13cdc9d9-ddb5-4fa4-a97d-d965ccfc6d4b" outcome="NotExecuted" testListId="8c84fa94-04c1-424b-9868-57a2d4851a1d" relativeResultsDirectory="ede9b345-f5cb-48aa-bce8-4dfbfc354d31">
      <Output>
        <StdOut>Set BEN_CAPTURE=1 to re-capture the help screenshots.</StdOut>
        <ErrorInfo>
          <Message>Set BEN_CAPTURE=1 to re-capture the help screenshots.</Message>
        </ErrorInfo>
      </Output>
    </UnitTestResult>
    <UnitTestResult executionId="57ff6b71-9948-4529-b26c-0f09ac12496f" testId="d50217cf-6fbe-51cf-11e6-bab0ea31cae9" testName="VideoEditorPage_Authenticated_TimelineIsPresent" computerName="Bens-MacBook-Pro" duration="00:00:01.8473320" startTime="2026-08-20T14:09:36.3434430-05:00" endTime="2026-08-20T14:09:38.1907880-05:00" testType="13cdc9d9-ddb5-4fa4-a97d-d965ccfc6d4b" outcome="Passed" testListId="8c84fa94-04c1-424b-9868-57a2d4851a1d" relativeResultsDirectory="57ff6b71-9948-4529-b26c-0f09ac12496f" />
    <UnitTestResult executionId="1a5f50a2-8a26-4774-9a67-cc63ccc77b74" testId="89522700-b460-17dd-2fc7-d7a0c5c5422c" testName="Panel_RendersHeadingAndDistanceControl" computerName="Bens-MacBook-Pro" duration="00:00:01.0770430" startTime="2026-08-20T14:07:09.5513030-05:00" endTime="2026-08-20T14:07:10.6283530-05:00" testType="13cdc9d9-ddb5-4fa4-a97d-d965ccfc6d4b" outcome="Passed" testListId="8c84fa94-04c1-424b-9868-57a2d4851a1d" relativeResultsDirectory="1a5f50a2-8a26-4774-9a67-cc63ccc77b74" />
    <UnitTestResult executionId="aeb1b384-c4dd-448e-8174-f43567b88056" testId="3ea3e023-de37-569a-156d-70f7bea84961" testName="PublicCaseDetail_NoTelerikErrors" computerName="Bens-MacBook-Pro" duration="00:00:02.9376760" startTime="2026-08-20T14:01:50.3812600-05:00" endTime="2026-08-20T14:01:53.3189560-05:00" testType="13cdc9d9-ddb5-4fa4-a97d-d965ccfc6d4b" outcome="Passed" testListId="8c84fa94-04c1-424b-9868-57a2d4851a1d" relativeResultsDirectory="aeb1b384-c4dd-448e-8174-f43567b88056" />
    <UnitTestResult executionId="67e523d7-0578-4de6-89e9-986762548bd4" testId="7c334ad8-6379-1fb6-45e9-3bb4ad76ff69" testName="Page_HasGridListToggle" computerName="Bens-MacBook-Pro" duration="00:00:21.0734800" startTime="2026-08-20T14:04:38.5073060-05:00" endTime="2026-08-20T14:04:59.5809320-05:00" testType="13cdc9d9-ddb5-4fa4-a97d-d965ccfc6d4b" outcome="Failed" testListId="8c84fa94-04c1-424b-9868-57a2d4851a1d" relativeResultsDirectory="67e523d7-0578-4de6-89e9-986762548bd4">
      <Output>
        <ErrorInfo>
          <Message>  clicking never navigated to something matching /media-library
Assert.That(Page.Url, Does.Match(urlPattern))
  Expected: String matching "/media-library"
  But was:  "http://localhost:5078/"
</Message>
          <StackTrace>   at Ben.Web.Playwright.BenTestBase.ClickUntilUrlAsync(ILocator target, String urlPattern, Int32 attempts) in /Users/ben/Source/Ben/Ben.Web.Playwright/BenTestBase.cs:line 330
   at Ben.Web.Playwright.Tests.MediaLibraryTests.NavigateToMediaLibraryAsync() in /Users/ben/Source/Ben/Ben.Web.Playwright/Tests/MediaLibraryTests.cs:line 30
   at Ben.Web.Playwright.Tests.MediaLibraryTests.Page_HasGridListToggle() in /Users/ben/Source/Ben/Ben.Web.Playwright/Tests/MediaLibraryTests.cs:line 61
   at NUnit.Framework.Internal.Commands.TestMethodCommand.Execute(TestExecutionContext context)
   at NUnit.Framework.Internal.Commands.BeforeAndAfterTestCommand.&lt;&gt;c__DisplayClass1_0.&lt;Execute&gt;b__0()
   at NUnit.Framework.Internal.Commands.DelegatingTestCommand.RunTestMethodInThreadAbortSafeZone(TestExecutionContext context, Action action)

1)    at Ben.Web.Playwright.BenTestBase.ClickUntilUrlAsync(ILocator target, String urlPattern, Int32 attempts) in /Users/ben/Source/Ben/Ben.Web.Playwright/BenTestBase.cs:line 330

</StackTrace>
        </ErrorInfo>
      </Output>
    </UnitTestResult>
    <UnitTestResult executionId="83c4082d-4fed-4e86-8925-8c1abdfb4f59" testId="7b9de3d0-1902-2d14-6ab0-4a6d115a0f23" testName="OrgPublicHome_ContactRow_ShowsWhenFieldsSet" computerName="Bens-MacBook-Pro" duration="00:00:00.9091810" startTime="2026-08-20T14:07:57.3801700-05:00" endTime="2026-08-20T14:07:58.2893570-05:00" testType="13cdc9d9-ddb5-4fa4-a97d-d965ccfc6d4b" outcome="Passed" testListId="8c84fa94-04c1-424b-9868-57a2d4851a1d" relativeResultsDirectory="83c4082d-4fed-4e86-8925-8c1abdfb4f59" />
    <UnitTestResult executionId="6afe5676-7849-4ac8-a04d-4bc229a86d32" testId="61e79bf9-09dd-d393-c8aa-be107761c8b4" testName="HomePage_RendersAtViewport(1280,800,&quot;Desktop (1280px)&quot;)" computerName="Bens-MacBook-Pro" duration="00:00:01.0500970" startTime="2026-08-20T14:06:59.2225610-05:00" endTime="2026-08-20T14:07:00.2726660-05:00" testType="13cdc9d9-ddb5-4fa4-a97d-d965ccfc6d4b" outcome="Passed" testListId="8c84fa94-04c1-424b-9868-57a2d4851a1d" relativeResultsDirectory="6afe5676-7849-4ac8-a04d-4bc229a86d32" />
    <UnitTestResult executionId="65f130e5-e596-4f79-bb8d-097151bc45bb" testId="a17457a5-9979-dd5c-d17f-2d576f3f022f" testName="VideoEditorPage_Authenticated_PageTitleIsVideoEditor" computerName="Bens-MacBook-Pro" duration="00:00:01.7833610" startTime="2026-08-20T14:09:32.7928410-05:00" endTime="2026-08-20T14:09:34.5762140-05:00" testType="13cdc9d9-ddb5-4fa4-a97d-d965ccfc6d4b" outcome="Passed" testListId="8c84fa94-04c1-424b-9868-57a2d4851a1d" relativeResultsDirectory="65f130e5-e596-4f79-bb8d-097151bc45bb" />
    <UnitTestResult executionId="eb3ea495-60b7-406b-ba4a-09de44d063c7" testId="5bd07ae8-8e38-cc46-ff2f-33ecbbe9da50" testName="DragModeToggle_UpdatesHintText" computerName="Bens-MacBook-Pro" duration="00:00:31.7643250" startTime="2026-08-20T13:58:31.8117240-05:00" endTime="2026-08-20T13:59:03.5780200-05:00" testType="13cdc9d9-ddb5-4fa4-a97d-d965ccfc6d4b" outcome="Failed" testListId="8c84fa94-04c1-424b-9868-57a2d4851a1d" relativeResultsDirectory="eb3ea495-60b7-406b-ba4a-09de44d063c7">
      <Output>
        <ErrorInfo>
          <Message>System.TimeoutException : Timeout 30000ms exceeded.
Call log:
  - waiting for GetByRole(AriaRole.Link, new() { Name = "Cases" }).Or(GetByRole(AriaRole.Tab, new() { Name = "Cases" })).First
Data:
  playwright.errorDetails: &lt;null&gt;
  playwright.log: System.String[]</Message>
          <StackTrace>   at Microsoft.Playwright.Transport.Connection.InnerSendMessageToServerAsync[T](ChannelOwner object, String method, Dictionary`2 dictionary, Boolean keepNulls, Nullable`1 timeout) in /_/src/Playwright/Transport/Connection.cs:line 229
   at Microsoft.Playwright.Transport.Connection.WrapApiCallAsync[T](Func`1 action, Boolean isInternal, String title) in /_/src/Playwright/Transport/Connection.cs:line 535
   at Ben.Web.Playwright.Tests.AudioScrubModeTests.NavigateToTghCaseFilesTabAsync() in /Users/ben/Source/Ben/Ben.Web.Playwright/Tests/AudioScrubModeTests.cs:line 35
   at Ben.Web.Playwright.Tests.AudioScrubModeTests.DragModeToggle_UpdatesHintText() in /Users/ben/Source/Ben/Ben.Web.Playwright/Tests/AudioScrubModeTests.cs:line 105
   at NUnit.Framework.Internal.AsyncToSyncAdapter.Await(TestExecutionContext context, Func`1 invoke)
   at NUnit.Framework.Internal.Commands.TestMethodCommand.RunTestMethod(TestExecutionContext context)
   at NUnit.Framework.Internal.Commands.TestMethodCommand.Execute(TestExecutionContext context)
   at NUnit.Framework.Internal.Commands.BeforeAndAfterTestCommand.&lt;&gt;c__DisplayClass1_0.&lt;Execute&gt;b__0()
   at NUnit.Framework.Internal.Commands.DelegatingTestCommand.RunTestMethodInThreadAbortSafeZone(TestExecutionContext context, Action action)
1)    at Microsoft.Playwright.Transport.Connection.InnerSendMessageToServerAsync[T](ChannelOwner object, String method, Dictionary`2 dictionary, Boolean keepNulls, Nullable`1 timeout) in /_/src/Playwright/Transport/Connection.cs:line 229
   at Microsoft.Playwright.Transport.Connection.WrapApiCallAsync[T](Func`1 action, Boolean isInternal, String title) in /_/src/Playwright/Transport/Connection.cs:line 535
   at Ben.Web.Playwright.Tests.AudioScrubModeTests.NavigateToTghCaseFilesTabAsync() in /Users/ben/Source/Ben/Ben.Web.Playwright/Tests/AudioScrubModeTests.cs:line 35
   at Ben.Web.Playwright.Tests.AudioScrubModeTests.DragModeToggle_UpdatesHintText() in /Users/ben/Source/Ben/Ben.Web.Playwright/Tests/AudioScrubModeTests.cs:line 105
   at NUnit.Framework.Internal.AsyncToSyncAdapter.Await(TestExecutionContext context, Func`1 invoke)
   at NUnit.Framework.Internal.Commands.TestMethodCommand.RunTestMethod(TestExecutionContext context)
   at NUnit.Framework.Internal.Commands.TestMethodCommand.Execute(TestExecutionContext context)
   at NUnit.Framework.Internal.Commands.BeforeAndAfterTestCommand.&lt;&gt;c__DisplayClass1_0.&lt;Execute&gt;b__0()
   at NUnit.Framework.Internal.Commands.DelegatingTestCommand.RunTestMethodInThreadAbortSafeZone(TestExecutionContext context, Action action)
</StackTrace>
        </ErrorInfo>
      </Output>
    </UnitTestResult>
    <UnitTestResult executionId="892afa7f-7f67-420f-bd1e-8cb9671f2627" testId="c7c11288-ea92-0c88-a807-4ea0ac388c0b" testName="AllThreeTabsArePresent" computerName="Bens-MacBook-Pro" duration="00:00:01.1773610" startTime="2026-08-20T14:08:19.3033950-05:00" endTime="2026-08-20T14:08:20.4807640-05:00" testType="13cdc9d9-ddb5-4fa4-a97d-d965ccfc6d4b" outcome="Passed" testListId="8c84fa94-04c1-424b-9868-57a2d4851a1d" relativeResultsDirectory="892afa7f-7f67-420f-bd1e-8cb9671f2627" />
    <UnitTestResult executionId="60a0f125-8c55-45d2-a047-477806738902" testId="96e5dc4f-97e3-0e70-63cc-468e054f7de7" testName="CaseFiles_AttachFromLibrary_OpensPickerWithGridToggle" computerName="Bens-MacBook-Pro" duration="00:00:02.9142680" startTime="2026-08-20T14:04:01.5233710-05:00" endTime="2026-08-20T14:04:04.4376590-05:00" testType="13cdc9d9-ddb5-4fa4-a97d-d965ccfc6d4b" outcome="Passed" testListId="8c84fa94-04c1-424b-9868-57a2d4851a1d" relativeResultsDirectory="60a0f125-8c55-45d2-a047-477806738902" />
    <UnitTestResult executionId="73a1fcdd-7978-486b-b66f-31f8a3db096c" testId="488c9a71-dff9-7084-1fd5-1eead710c432" testName="A_member_can_see_the_groups_cases" computerName="Bens-MacBook-Pro" duration="00:00:01.9816480" startTime="2026-08-20T14:07:14.6913540-05:00" endTime="2026-08-20T14:07:16.6730160-05:00" testType="13cdc9d9-ddb5-4fa4-a97d-d965ccfc6d4b" outcome="Passed" testListId="8c84fa94-04c1-424b-9868-57a2d4851a1d" relativeResultsDirectory="73a1fcdd-7978-486b-b66f-31f8a3db096c" />
    <UnitTestResult executionId="4fe6b47e-5e9c-4065-b68c-26dd880add6d" testId="b567a706-4f56-147a-ed68-d893a880dcd5" testName="OrgPublicPage_CasesTabShowsPublicCases" computerName="Bens-MacBook-Pro" duration="00:00:01.4986270" startTime="2026-08-20T14:07:49.7973230-05:00" endTime="2026-08-20T14:07:51.2959600-05:00" testType="13cdc9d9-ddb5-4fa4-a97d-d965ccfc6d4b" outcome="Passed" testListId="8c84fa94-04c1-424b-9868-57a2d4851a1d" relativeResultsDirectory="4fe6b47e-5e9c-4065-b68c-26dd880add6d" />
    <UnitTestResult executionId="67ed4f20-a9ec-4432-8d45-f2d91ac2146e" testId="eadf3c02-c17b-2431-9b0a-6ab1e111ed53" testName="OrgPublicCaseList_HauntedBadgeVisible" computerName="Bens-MacBook-Pro" duration="00:00:00.9147640" startTime="2026-08-20T14:07:54.6243500-05:00" endTime="2026-08-20T14:07:55.5391210-05:00" testType="13cdc9d9-ddb5-4fa4-a97d-d965ccfc6d4b" outcome="Passed" testListId="8c84fa94-04c1-424b-9868-57a2d4851a1d" relativeResultsDirectory="67ed4f20-a9ec-4432-8d45-f2d91ac2146e" />
    <UnitTestResult executionId="7c7e6953-1bce-4749-a8dd-67252896c1c1" testId="01e6ce74-d04e-136e-f71b-76eaf9f01f19" testName="OrgCaseDetail_ReportsTab_ShowsSeededPublishedReport" computerName="Bens-MacBook-Pro" duration="00:00:02.1179850" startTime="2026-08-20T14:03:51.9771530-05:00" endTime="2026-08-20T14:03:54.0951530-05:00" testType="13cdc9d9-ddb5-4fa4-a97d-d965ccfc6d4b" outcome="Passed" testListId="8c84fa94-04c1-424b-9868-57a2d4851a1d" relativeResultsDirectory="7c7e6953-1bce-4749-a8dd-67252896c1c1" />
    <UnitTestResult executionId="ba70b016-3ea5-4c27-8942-fc9ef9b00a12" testId="359e6fbc-2b76-97d1-294e-79bd811678ee" testName="TransferRecord_ShowsCorrectStatusBadges" computerName="Bens-MacBook-Pro" duration="00:00:01.8664990" startTime="2026-08-20T13:59:53.1299670-05:00" endTime="2026-08-20T13:59:54.9964810-05:00" testType="13cdc9d9-ddb5-4fa4-a97d-d965ccfc6d4b" outcome="Passed" testListId="8c84fa94-04c1-424b-9868-57a2d4851a1d" relativeResultsDirectory="ba70b016-3ea5-4c27-8942-fc9ef9b00a12">
      <Output>
        <StdOut>No cases found.</StdOut>
      </Output>
    </UnitTestResult>
    <UnitTestResult executionId="943e211a-62a4-4050-b86f-47820ed31a95" testId="64873dd9-4208-e570-0fb3-31eb68418ddf" testName="VoteCounts_PersistAfterPageReload" computerName="Bens-MacBook-Pro" duration="00:00:02.8965070" startTime="2026-08-20T14:09:59.7457870-05:00" endTime="2026-08-20T14:10:02.6423140-05:00" testType="13cdc9d9-ddb5-4fa4-a97d-d965ccfc6d4b" outcome="Passed" testListId="8c84fa94-04c1-424b-9868-57a2d4851a1d" relativeResultsDirectory="943e211a-62a4-4050-b86f-47820ed31a95" />
    <UnitTestResult executionId="3c5dced8-f460-4534-aef9-9d21b140013f" testId="fe8d637d-69b2-97dd-a0cb-7db1e2f98bf5" testName="ClientRequestDetail_SubmittedTo_ShowsProgressionSteps" computerName="Bens-MacBook-Pro" duration="00:00:01.7040330" startTime="2026-08-20T14:08:46.6478610-05:00" endTime="2026-08-20T14:08:48.3519050-05:00" testType="13cdc9d9-ddb5-4fa4-a97d-d965ccfc6d4b" outcome="Passed" testListId="8c84fa94-04c1-424b-9868-57a2d4851a1d" relativeResultsDirectory="3c5dced8-f460-4534-aef9-9d21b140013f" />
    <UnitTestResult executionId="5b9e3da9-c1e7-4383-995b-3a572c068cd7" testId="059d7126-0bb7-b4fd-0182-f9b0347622ed" testName="CaseDetail_AnonymousUser_SeesSignInPrompt" computerName="Bens-MacBook-Pro" duration="00:00:00.9045720" startTime="2026-08-20T14:08:35.2723020-05:00" endTime="2026-08-20T14:08:36.1768800-05:00" testType="13cdc9d9-ddb5-4fa4-a97d-d965ccfc6d4b" outcome="Passed" testListId="8c84fa94-04c1-424b-9868-57a2d4851a1d" relativeResultsDirectory="5b9e3da9-c1e7-4383-995b-3a572c068cd7" />
    <UnitTestResult executionId="b24c5e1f-2261-4993-8887-8a1e19a594cb" testId="a05c3bd0-d2ee-5fc0-e587-a3185a58c9de" testName="Map_PopupTitle_IsNotEmpty" computerName="Bens-MacBook-Pro" duration="00:00:01.0696310" startTime="2026-08-20T14:03:21.2125930-05:00" endTime="2026-08-20T14:03:22.2822320-05:00" testType="13cdc9d9-ddb5-4fa4-a97d-d965ccfc6d4b" outcome="Passed" testListId="8c84fa94-04c1-424b-9868-57a2d4851a1d" relativeResultsDirectory="b24c5e1f-2261-4993-8887-8a1e19a594cb">
      <Output>
        <StdOut>No reachable marker at the default US zoom level.</StdOut>
      </Output>
    </UnitTestResult>
    <UnitTestResult executionId="c332d6fd-07d3-4874-bbee-b0e92f2ac158" testId="ec6473b6-723e-e4e9-142e-d2d50580c09f" testName="CaseList_ShowsAtLeastOneCard" computerName="Bens-MacBook-Pro" duration="00:00:01.0755410" startTime="2026-08-20T14:03:26.9671410-05:00" endTime="2026-08-20T14:03:28.0426900-05:00" testType="13cdc9d9-ddb5-4fa4-a97d-d965ccfc6d4b" outcome="Passed" testListId="8c84fa94-04c1-424b-9868-57a2d4851a1d" relativeResultsDirectory="c332d6fd-07d3-4874-bbee-b0e92f2ac158" />
    <UnitTestResult executionId="028e3cdf-001d-4261-97b6-398d609d4e03" testId="eef868bd-1e75-ce57-7dbc-f6e919994e49" testName="NotesTab_IsVisibleOnCaseDetail" computerName="Bens-MacBook-Pro" duration="00:00:01.9500470" startTime="2026-08-20T13:59:45.3216250-05:00" endTime="2026-08-20T13:59:47.2716890-05:00" testType="13cdc9d9-ddb5-4fa4-a97d-d965ccfc6d4b" outcome="Passed" testListId="8c84fa94-04c1-424b-9868-57a2d4851a1d" relativeResultsDirectory="028e3cdf-001d-4261-97b6-398d609d4e03">
      <Output>
        <StdOut>No cases found.</StdOut>
      </Output>
    </UnitTestResult>
    <UnitTestResult executionId="8a47cd66-52b8-428b-831e-83253d3ae8f5" testId="b4f78d7d-b581-bfbc-85dc-4b55a1efe46c" testName="MyCaseDetail_ShowsLogOccurrenceButton" computerName="Bens-MacBook-Pro" duration="00:00:01.7975950" startTime="2026-08-20T14:06:31.3644510-05:00" endTime="2026-08-20T14:06:33.1620580-05:00" testType="13cdc9d9-ddb5-4fa4-a97d-d965ccfc6d4b" outcome="Passed" testListId="8c84fa94-04c1-424b-9868-57a2d4851a1d" relativeResultsDirectory="8a47cd66-52b8-428b-831e-83253d3ae8f5" />
    <UnitTestResult executionId="af2221af-799a-46da-be26-ebd0c9d543d3" testId="074af94b-4912-819a-8cd9-bf14a1aea21c" testName="TransfersTab_ProposeDialog_SubmitWithoutOrg_Stays" computerName="Bens-MacBook-Pro" duration="00:00:01.8749020" startTime="2026-08-20T14:00:03.3050970-05:00" endTime="2026-08-20T14:00:05.1800140-05:00" testType="13cdc9d9-ddb5-4fa4-a97d-d965ccfc6d4b" outcome="Passed" testListId="8c84fa94-04c1-424b-9868-57a2d4851a1d" relativeResultsDirectory="af2221af-799a-46da-be26-ebd0c9d543d3">
      <Output>
        <StdOut>No cases found.</StdOut>
      </Output>
    </UnitTestResult>
    <UnitTestResult executionId="831b3b98-3e75-4533-bf72-8614631e3261" testId="52278158-f24a-8e92-27ef-fc25ff15be16" testName="TheEditorLoads" computerName="Bens-MacBook-Pro" duration="00:00:01.6259600" startTime="2026-08-20T14:10:14.4682570-05:00" endTime="2026-08-20T14:10:16.0942290-05:00" testType="13cdc9d9-ddb5-4fa4-a97d-d965ccfc6d4b" outcome="Passed" testListId="8c84fa94-04c1-424b-9868-57a2d4851a1d" relativeResultsDirectory="831b3b98-3e75-4533-bf72-8614631e3261" />
    <UnitTestResult executionId="9b7e070c-34bc-42d3-b8e5-5e8661eff209" testId="8e1ccc18-a15d-204e-ca8f-cb7b2c36e9fa" testName="ListView_TogglesWithoutError" computerName="Bens-MacBook-Pro" duration="00:00:21.0834760" startTime="2026-08-20T14:04:06.5409620-05:00" endTime="2026-08-20T14:04:27.6245830-05:00" testType="13cdc9d9-ddb5-4fa4-a97d-d965ccfc6d4b" outcome="Failed" testListId="8c84fa94-04c1-424b-9868-57a2d4851a1d" relativeResultsDirectory="9b7e070c-34bc-42d3-b8e5-5e8661eff209">
      <Output>
        <ErrorInfo>
          <Message>  clicking never navigated to something matching /media-library
Assert.That(Page.Url, Does.Match(urlPattern))
  Expected: String matching "/media-library"
  But was:  "http://localhost:5078/"
</Message>
          <StackTrace>   at Ben.Web.Playwright.BenTestBase.ClickUntilUrlAsync(ILocator target, String urlPattern, Int32 attempts) in /Users/ben/Source/Ben/Ben.Web.Playwright/BenTestBase.cs:line 330
   at Ben.Web.Playwright.Tests.MediaLibraryTests.NavigateToMediaLibraryAsync() in /Users/ben/Source/Ben/Ben.Web.Playwright/Tests/MediaLibraryTests.cs:line 30
   at Ben.Web.Playwright.Tests.MediaLibraryTests.ListView_TogglesWithoutError() in /Users/ben/Source/Ben/Ben.Web.Playwright/Tests/MediaLibraryTests.cs:line 93
   at NUnit.Framework.Internal.Commands.TestMethodCommand.Execute(TestExecutionContext context)
   at NUnit.Framework.Internal.Commands.BeforeAndAfterTestCommand.&lt;&gt;c__DisplayClass1_0.&lt;Execute&gt;b__0()
   at NUnit.Framework.Internal.Commands.DelegatingTestCommand.RunTestMethodInThreadAbortSafeZone(TestExecutionContext context, Action action)

1)    at Ben.Web.Playwright.BenTestBase.ClickUntilUrlAsync(ILocator target, String urlPattern, Int32 attempts) in /Users/ben/Source/Ben/Ben.Web.Playwright/BenTestBase.cs:line 330

</StackTrace>
        </ErrorInfo>
      </Output>
    </UnitTestResult>
    <UnitTestResult executionId="aa282f16-35f5-47bc-9656-1fdf6eb3e61f" testId="a300de0f-42d5-f79d-b0e4-ac1fae712e0c" testName="Capture_YourCase" computerName="Bens-MacBook-Pro" duration="00:00:00.0270170" startTime="2026-08-20T13:55:16.2626240-05:00" endTime="2026-08-20T13:55:16.2896410-05:00" testType="13cdc9d9-ddb5-4fa4-a97d-d965ccfc6d4b" outcome="NotExecuted" testListId="8c84fa94-04c1-424b-9868-57a2d4851a1d" relativeResultsDirectory="aa282f16-35f5-47bc-9656-1fdf6eb3e61f">
      <Output>
        <StdOut>Set BEN_CAPTURE=1 to re-capture the help screenshots.</StdOut>
        <ErrorInfo>
          <Message>Set BEN_CAPTURE=1 to re-capture the help screenshots.</Message>
        </ErrorInfo>
      </Output>
    </UnitTestResult>
    <UnitTestResult executionId="3a3834b8-f367-4b7e-8d1a-6be3b3b38af5" testId="3055fbaa-670e-8f72-6ca8-9cdcf2c5c701" testName="Wizard_Step1_NextButtonRequiresFields" computerName="Bens-MacBook-Pro" duration="00:00:01.6421560" startTime="2026-08-20T14:00:41.4679270-05:00" endTime="2026-08-20T14:00:43.1100950-05:00" testType="13cdc9d9-ddb5-4fa4-a97d-d965ccfc6d4b" outcome="Passed" testListId="8c84fa94-04c1-424b-9868-57a2d4851a1d" relativeResultsDirectory="3a3834b8-f367-4b7e-8d1a-6be3b3b38af5" />
    <UnitTestResult executionId="2099b5d3-1e51-4c67-92ed-953c4b09ee10" testId="8ee6b46a-3566-22a7-6000-6abfcebf1d79" testName="AdminExperienceTaxonomy_ShowsCategories" computerName="Bens-MacBook-Pro" duration="00:00:01.8313000" startTime="2026-08-20T13:57:35.9868200-05:00" endTime="2026-08-20T13:57:37.8181320-05:00" testType="13cdc9d9-ddb5-4fa4-a97d-d965ccfc6d4b" outcome="Passed" testListId="8c84fa94-04c1-424b-9868-57a2d4851a1d" relativeResultsDirectory="2099b5d3-1e51-4c67-92ed-953c4b09ee10" />
    <UnitTestResult executionId="4f53e2e9-c0d8-40b5-a256-a97840864b5f" testId="fbe06d13-a844-4279-adf1-6ae2bcd92fe7" testName="TheConsentChoice_SurvivesAReload" computerName="Bens-MacBook-Pro" duration="00:00:03.5554400" startTime="2026-08-20T14:08:13.2129510-05:00" endTime="2026-08-20T14:08:16.7684150-05:00" testType="13cdc9d9-ddb5-4fa4-a97d-d965ccfc6d4b" outcome="Passed" testListId="8c84fa94-04c1-424b-9868-57a2d4851a1d" relativeResultsDirectory="4f53e2e9-c0d8-40b5-a256-a97840864b5f" />
    <UnitTestResult executionId="4a5af606-18d8-494a-88cc-3a4b16a84da9" testId="0f5545b8-00fb-12bd-345b-350b7e188123" testName="Capture_UsingTheVideoEditor" computerName="Bens-MacBook-Pro" duration="00:00:00.0247540" startTime="2026-08-20T13:55:16.2124230-05:00" endTime="2026-08-20T13:55:16.2371770-05:00" testType="13cdc9d9-ddb5-4fa4-a97d-d965ccfc6d4b" outcome="NotExecuted" testListId="8c84fa94-04c1-424b-9868-57a2d4851a1d" relativeResultsDirectory="4a5af606-18d8-494a-88cc-3a4b16a84da9">
      <Output>
        <StdOut>Set BEN_CAPTURE=1 to re-capture the help screenshots.</StdOut>
        <ErrorInfo>
          <Message>Set BEN_CAPTURE=1 to re-capture the help screenshots.</Message>
        </ErrorInfo>
      </Output>
    </UnitTestResult>
    <UnitTestResult executionId="33de9e47-48ec-42d9-a3f5-2c2b75584f1c" testId="cd8f3fbd-d034-07d6-bd13-76475c4d3635" testName="OrgPublicCaseList_ViewCaseNavigatesToDetail" computerName="Bens-MacBook-Pro" duration="00:00:00.9290570" startTime="2026-08-20T14:07:56.4510850-05:00" endTime="2026-08-20T14:07:57.3801480-05:00" testType="13cdc9d9-ddb5-4fa4-a97d-d965ccfc6d4b" outcome="Passed" testListId="8c84fa94-04c1-424b-9868-57a2d4851a1d" relativeResultsDirectory="33de9e47-48ec-42d9-a3f5-2c2b75584f1c" />
    <UnitTestResult executionId="01d5b7ab-9f8c-4787-a5cd-2b92b0e3ea3e" testId="f3e115c7-9bd1-c894-8d41-470baa71d3e9" testName="ConfirmingHappensOnAPressNotOnLoad" computerName="Bens-MacBook-Pro" duration="00:00:00.4242910" startTime="2026-08-20T13:56:46.6270290-05:00" endTime="2026-08-20T13:56:47.0513220-05:00" testType="13cdc9d9-ddb5-4fa4-a97d-d965ccfc6d4b" outcome="Passed" testListId="8c84fa94-04c1-424b-9868-57a2d4851a1d" relativeResultsDirectory="01d5b7ab-9f8c-4787-a5cd-2b92b0e3ea3e" />
    <UnitTestResult executionId="af50f8a8-48da-4a85-8774-603433fecaad" testId="bd123e0e-57c4-9cff-6a60-689eb1b90adf" testName="A_direct_message_reaches_the_person_it_was_addressed_to" computerName="Bens-MacBook-Pro" duration="00:00:04.9114670" startTime="2026-08-20T14:06:02.9959330-05:00" endTime="2026-08-20T14:06:07.9074340-05:00" testType="13cdc9d9-ddb5-4fa4-a97d-d965ccfc6d4b" outcome="Passed" testListId="8c84fa94-04c1-424b-9868-57a2d4851a1d" relativeResultsDirectory="af50f8a8-48da-4a85-8774-603433fecaad" />
    <UnitTestResult executionId="2501e52c-b2fc-4713-9aa1-0194432e88e9" testId="43439644-7d04-764a-993c-fe5f97aea4a5" testName="RestoredRoute_RendersContent(&quot;/organizations/8e739323-9e09-480f-a10b-32e91eb618cd/equipment-feedback&quot;,&quot;Feedback&quot;)" computerName="Bens-MacBook-Pro" duration="00:00:02.6730580" startTime="2026-08-20T13:55:54.4578400-05:00" endTime="2026-08-20T13:55:57.1309140-05:00" testType="13cdc9d9-ddb5-4fa4-a97d-d965ccfc6d4b" outcome="Passed" testListId="8c84fa94-04c1-424b-9868-57a2d4851a1d" relativeResultsDirectory="2501e52c-b2fc-4713-9aa1-0194432e88e9" />
    <UnitTestResult executionId="8b1a88d6-b8b9-42e7-b9b2-c0279aeccb8a" testId="a56b9524-fa61-aa53-24c0-d4ff10f9c853" testName="List_AnonymousUser_SeesSignInPrompt" computerName="Bens-MacBook-Pro" duration="00:00:01.0416380" startTime="2026-08-20T14:03:11.3393910-05:00" endTime="2026-08-20T14:03:12.3810360-05:00" testType="13cdc9d9-ddb5-4fa4-a97d-d965ccfc6d4b" outcome="Passed" testListId="8c84fa94-04c1-424b-9868-57a2d4851a1d" relativeResultsDirectory="8b1a88d6-b8b9-42e7-b9b2-c0279aeccb8a" />
    <UnitTestResult executionId="2050ee0a-fbca-4e65-ad83-db6754132fa6" testId="28d7805c-5d60-6e7d-28bd-6a3483482547" testName="OrgPublicCaseList_BackButtonNavigatesToOrg" computerName="Bens-MacBook-Pro" duration="00:00:00.9376110" startTime="2026-08-20T14:07:53.6867030-05:00" endTime="2026-08-20T14:07:54.6243210-05:00" testType="13cdc9d9-ddb5-4fa4-a97d-d965ccfc6d4b" outcome="Passed" testListId="8c84fa94-04c1-424b-9868-57a2d4851a1d" relativeResultsDirectory="2050ee0a-fbca-4e65-ad83-db6754132fa6" />
    <UnitTestResult executionId="cdbd9416-c695-44c2-826d-f931046338b5" testId="c9fcca9a-0477-7ec7-557c-ab7e77b81f96" testName="Capture_WorkingACase" computerName="Bens-MacBook-Pro" duration="00:00:00.0254080" startTime="2026-08-20T13:55:16.2371990-05:00" endTime="2026-08-20T13:55:16.2626070-05:00" testType="13cdc9d9-ddb5-4fa4-a97d-d965ccfc6d4b" outcome="NotExecuted" testListId="8c84fa94-04c1-424b-9868-57a2d4851a1d" relativeResultsDirectory="cdbd9416-c695-44c2-826d-f931046338b5">
      <Output>
        <StdOut>Set BEN_CAPTURE=1 to re-capture the help screenshots.</StdOut>
        <ErrorInfo>
          <Message>Set BEN_CAPTURE=1 to re-capture the help screenshots.</Message>
        </ErrorInfo>
      </Output>
    </UnitTestResult>
    <UnitTestResult executionId="8cf19e5c-ef60-4844-9d10-42235644d014" testId="c67aca80-b4dc-8b37-f554-ad89b0780228" testName="Record_CaseTabs" computerName="Bens-MacBook-Pro" duration="00:00:00.0234680" startTime="2026-08-20T13:55:16.3394500-05:00" endTime="2026-08-20T13:55:16.3629180-05:00" testType="13cdc9d9-ddb5-4fa4-a97d-d965ccfc6d4b" outcome="NotExecuted" testListId="8c84fa94-04c1-424b-9868-57a2d4851a1d" relativeResultsDirectory="8cf19e5c-ef60-4844-9d10-42235644d014">
      <Output>
        <StdOut>Set BEN_CAPTURE=1 to re-record the help animations.</StdOut>
        <ErrorInfo>
          <Message>Set BEN_CAPTURE=1 to re-record the help animations.</Message>
        </ErrorInfo>
      </Output>
    </UnitTestResult>
    <UnitTestResult executionId="e0fb3cc1-f0d3-4c60-bd37-2a916e16165f" testId="3ec90a62-052a-8c1a-6839-7a0d6dc8c494" testName="List_SortToggle_ShowsSelectedState" computerName="Bens-MacBook-Pro" duration="00:00:01.0826570" startTime="2026-08-20T14:03:15.8439870-05:00" endTime="2026-08-20T14:03:16.9266520-05:00" testType="13cdc9d9-ddb5-4fa4-a97d-d965ccfc6d4b" outcome="Passed" testListId="8c84fa94-04c1-424b-9868-57a2d4851a1d" relativeResultsDirectory="e0fb3cc1-f0d3-4c60-bd37-2a916e16165f" />
    <UnitTestResult executionId="3f1ee1f6-a321-4932-8e9b-9f9470567617" testId="e5568012-760b-4e2e-87e9-311409dccc4d" testName="AddingAPieceOfGear_ShowsItInTheListAndOnItsOwnPage" computerName="Bens-MacBook-Pro" duration="00:00:02.6009890" startTime="2026-08-20T14:01:34.0820300-05:00" endTime="2026-08-20T14:01:36.6830370-05:00" testType="13cdc9d9-ddb5-4fa4-a97d-d965ccfc6d4b" outcome="Passed" testListId="8c84fa94-04c1-424b-9868-57a2d4851a1d" relativeResultsDirectory="3f1ee1f6-a321-4932-8e9b-9f9470567617" />
    <UnitTestResult executionId="c25d7d9e-bf37-4397-bbe3-b46985f28eb7" testId="23696fe5-eee7-733b-a612-7dfd40074b81" testName="CaseDetail_ShowsCommunityRating" computerName="Bens-MacBook-Pro" duration="00:00:00.9161080" startTime="2026-08-20T14:08:41.4013450-05:00" endTime="2026-08-20T14:08:42.3174590-05:00" testType="13cdc9d9-ddb5-4fa4-a97d-d965ccfc6d4b" outcome="Passed" testListId="8c84fa94-04c1-424b-9868-57a2d4851a1d" relativeResultsDirectory="c25d7d9e-bf37-4397-bbe3-b46985f28eb7" />
    <UnitTestResult executionId="a1ccc990-f105-4754-b516-f00044426466" testId="3099f17b-3738-eb77-646f-4dbc2aa4cb6c" testName="MyCaseDetail_LogOccurrence_PersistsAfterSave" computerName="Bens-MacBook-Pro" duration="00:00:01.9266120" startTime="2026-08-20T14:06:20.3562180-05:00" endTime="2026-08-20T14:06:22.2828440-05:00" testType="13cdc9d9-ddb5-4fa4-a97d-d965ccfc6d4b" outcome="Passed" testListId="8c84fa94-04c1-424b-9868-57a2d4851a1d" relativeResultsDirectory="a1ccc990-f105-4754-b516-f00044426466" />
    <UnitTestResult executionId="49d2b256-f20c-42e1-9955-e2db8e82ab7d" testId="95f4ffbb-1be3-4254-478e-24481eddd190" testName="ClientCaseDetail_ReportsCard_ShowsPublishedReport" computerName="Bens-MacBook-Pro" duration="00:00:01.8303530" startTime="2026-08-20T14:03:48.0737990-05:00" endTime="2026-08-20T14:03:49.9041650-05:00" testType="13cdc9d9-ddb5-4fa4-a97d-d965ccfc6d4b" outcome="Passed" testListId="8c84fa94-04c1-424b-9868-57a2d4851a1d" relativeResultsDirectory="49d2b256-f20c-42e1-9955-e2db8e82ab7d" />
    <UnitTestResult executionId="b9c967f4-9f6f-4c09-9ccb-0e279ecfc742" testId="2b09c118-5f7a-159d-0bb1-a16f2041cc91" testName="ClientCaseDetail_MessagesPanel_ShowsMultipleMessages" computerName="Bens-MacBook-Pro" duration="00:00:01.8149900" startTime="2026-08-20T13:59:29.5306780-05:00" endTime="2026-08-20T13:59:31.3456920-05:00" testType="13cdc9d9-ddb5-4fa4-a97d-d965ccfc6d4b" outcome="Passed" testListId="8c84fa94-04c1-424b-9868-57a2d4851a1d" relativeResultsDirectory="b9c967f4-9f6f-4c09-9ccb-0e279ecfc742" />
    <UnitTestResult executionId="cbeb6fe0-4d6b-43c5-8737-cb78865ac0da" testId="8848a2f1-3c86-c1fc-df74-236b4a5cb61b" testName="A_member_can_see_the_groups_files" computerName="Bens-MacBook-Pro" duration="00:00:01.8674600" startTime="2026-08-20T14:07:16.6730930-05:00" endTime="2026-08-20T14:07:18.5405660-05:00" testType="13cdc9d9-ddb5-4fa4-a97d-d965ccfc6d4b" outcome="Passed" testListId="8c84fa94-04c1-424b-9868-57a2d4851a1d" relativeResultsDirectory="cbeb6fe0-4d6b-43c5-8737-cb78865ac0da" />
    <UnitTestResult executionId="f2bd77f6-548a-4e02-8ce2-765e4b03a81a" testId="58bb3422-a49e-9519-b250-20041c074186" testName="NoTelerikDropdownPopupsRemainOnConvertedPages" computerName="Bens-MacBook-Pro" duration="00:00:03.4815450" startTime="2026-08-20T13:56:40.9081140-05:00" endTime="2026-08-20T13:56:44.3896800-05:00" testType="13cdc9d9-ddb5-4fa4-a97d-d965ccfc6d4b" outcome="Passed" testListId="8c84fa94-04c1-424b-9868-57a2d4851a1d" relativeResultsDirectory="f2bd77f6-548a-4e02-8ce2-765e4b03a81a" />
    <UnitTestResult executionId="69c6c4ae-2ef4-446a-ab19-c3cc5e418c45" testId="5d8be7b2-d3d0-cb5a-8024-d923e9ee4374" testName="AdminFileTypes_HasNewFileTypeButton" computerName="Bens-MacBook-Pro" duration="00:00:01.6390340" startTime="2026-08-20T13:57:37.8181700-05:00" endTime="2026-08-20T13:57:39.4572140-05:00" testType="13cdc9d9-ddb5-4fa4-a97d-d965ccfc6d4b" outcome="Passed" testListId="8c84fa94-04c1-424b-9868-57a2d4851a1d" relativeResultsDirectory="69c6c4ae-2ef4-446a-ab19-c3cc5e418c45" />
    <UnitTestResult executionId="915a1d72-689e-4321-8344-a4c0aacaf5ff" testId="816c3b78-cce5-1102-7e5d-301a1fc46611" testName="OrgView_NavigateFromList" computerName="Bens-MacBook-Pro" duration="00:00:01.6600900" startTime="2026-08-20T14:07:48.1370230-05:00" endTime="2026-08-20T14:07:49.7971240-05:00" testType="13cdc9d9-ddb5-4fa4-a97d-d965ccfc6d4b" outcome="Passed" testListId="8c84fa94-04c1-424b-9868-57a2d4851a1d" relativeResultsDirectory="915a1d72-689e-4321-8344-a4c0aacaf5ff" />
    <UnitTestResult executionId="f5b6571c-acb2-46d4-b991-977c8456990b" testId="4d3a0629-d517-767c-01d5-d27246cc7143" testName="HomePage_RendersAtViewport(375,812,&quot;Mobile (iPhone X)&quot;)" computerName="Bens-MacBook-Pro" duration="00:00:00.9966540" startTime="2026-08-20T14:06:57.2002450-05:00" endTime="2026-08-20T14:06:58.1969050-05:00" testType="13cdc9d9-ddb5-4fa4-a97d-d965ccfc6d4b" outcome="Passed" testListId="8c84fa94-04c1-424b-9868-57a2d4851a1d" relativeResultsDirectory="f5b6571c-acb2-46d4-b991-977c8456990b" />
    <UnitTestResult executionId="f8c4dd1c-17d8-4d61-9f27-905adf15c317" testId="079ce4bd-ab9d-1a82-1902-988cea33c4e6" testName="Capture_Accounts" computerName="Bens-MacBook-Pro" duration="00:00:00.2694420" startTime="2026-08-20T13:55:15.7684810-05:00" endTime="2026-08-20T13:55:16.0379050-05:00" testType="13cdc9d9-ddb5-4fa4-a97d-d965ccfc6d4b" outcome="NotExecuted" testListId="8c84fa94-04c1-424b-9868-57a2d4851a1d" relativeResultsDirectory="f8c4dd1c-17d8-4d61-9f27-905adf15c317">
      <Output>
        <StdOut>Set BEN_CAPTURE=1 to re-capture the help screenshots.</StdOut>
        <ErrorInfo>
          <Message>Set BEN_CAPTURE=1 to re-capture the help screenshots.</Message>
        </ErrorInfo>
      </Output>
    </UnitTestResult>
    <UnitTestResult executionId="fffa38bd-a449-4f4b-99ce-9f471b2b84fd" testId="337d2bf6-b233-90e3-4909-c5c4cdfa5fae" testName="ATagLinkOpensItsOwnPage" computerName="Bens-MacBook-Pro" duration="00:00:01.2294250" startTime="2026-08-20T14:02:15.8678180-05:00" endTime="2026-08-20T14:02:17.0972510-05:00" testType="13cdc9d9-ddb5-4fa4-a97d-d965ccfc6d4b" outcome="Passed" testListId="8c84fa94-04c1-424b-9868-57a2d4851a1d" relativeResultsDirectory="fffa38bd-a449-4f4b-99ce-9f471b2b84fd" />
    <UnitTestResult executionId="9e016226-41f5-4635-9c4b-3bc44fef2524" testId="47f6188c-c85a-f711-41fd-bbbe3db6d60b" testName="VideoEditorPage_SuperAdmin_RendersEditorShell" computerName="Bens-MacBook-Pro" duration="00:00:01.9879720" startTime="2026-08-20T14:09:44.2431490-05:00" endTime="2026-08-20T14:09:46.2311350-05:00" testType="13cdc9d9-ddb5-4fa4-a97d-d965ccfc6d4b" outcome="Passed" testListId="8c84fa94-04c1-424b-9868-57a2d4851a1d" relativeResultsDirectory="9e016226-41f5-4635-9c4b-3bc44fef2524" />
    <UnitTestResult executionId="6f8b0abb-03b6-498e-8e20-a34ecc1ce417" testId="58381998-b854-ac7b-0da0-7242690d6722" testName="OrgPublicPage_IsReachable" computerName="Bens-MacBook-Pro" duration="00:00:01.4900490" startTime="2026-08-20T14:07:51.2959880-05:00" endTime="2026-08-20T14:07:52.7860480-05:00" testType="13cdc9d9-ddb5-4fa4-a97d-d965ccfc6d4b" outcome="Passed" testListId="8c84fa94-04c1-424b-9868-57a2d4851a1d" relativeResultsDirectory="6f8b0abb-03b6-498e-8e20-a34ecc1ce417" />
    <UnitTestResult executionId="cc3e8e90-ffe7-4943-9c5b-39113d897961" testId="cf8f2919-7dda-6ffb-038a-87c08e577d37" testName="PageTitle_IsCorrect" computerName="Bens-MacBook-Pro" duration="00:00:01.0374230" startTime="2026-08-20T14:03:35.3826620-05:00" endTime="2026-08-20T14:03:36.4200930-05:00" testType="13cdc9d9-ddb5-4fa4-a97d-d965ccfc6d4b" outcome="Passed" testListId="8c84fa94-04c1-424b-9868-57a2d4851a1d" relativeResultsDirectory="cc3e8e90-ffe7-4943-9c5b-39113d897961" />
    <UnitTestResult executionId="52061ea0-f3cc-4d84-980a-bbd430be677f" testId="3e5bd40d-82a9-bf86-18e5-bddf4548773a" testName="TheHandleIsCheckedWhileTyping" computerName="Bens-MacBook-Pro" duration="00:00:02.7290950" startTime="2026-08-20T13:57:18.0189750-05:00" endTime="2026-08-20T13:57:20.7480870-05:00" testType="13cdc9d9-ddb5-4fa4-a97d-d965ccfc6d4b" outcome="Passed" testListId="8c84fa94-04c1-424b-9868-57a2d4851a1d" relativeResultsDirectory="52061ea0-f3cc-4d84-980a-bbd430be677f" />
    <UnitTestResult executionId="34f10c04-4b3f-4bfb-981c-19265408b20e" testId="ad1f6b0f-db61-49ad-6a62-49222790a64a" testName="Page_AnonymousRedirectsToLogin" computerName="Bens-MacBook-Pro" duration="00:00:02.6857330" startTime="2026-08-20T14:07:25.9338710-05:00" endTime="2026-08-20T14:07:28.6196230-05:00" testType="13cdc9d9-ddb5-4fa4-a97d-d965ccfc6d4b" outcome="Passed" testListId="8c84fa94-04c1-424b-9868-57a2d4851a1d" relativeResultsDirectory="34f10c04-4b3f-4bfb-981c-19265408b20e" />
    <UnitTestResult executionId="5528d7f6-bbae-4b56-8edc-6d838b60fb95" testId="abd1ddc5-b1d9-1ab7-80d7-647f15198f14" testName="TheHeroBandCarriesTheAccountsIdentity" computerName="Bens-MacBook-Pro" duration="00:00:01.2458149" startTime="2026-08-20T14:08:32.8360630-05:00" endTime="2026-08-20T14:08:34.0818860-05:00" testType="13cdc9d9-ddb5-4fa4-a97d-d965ccfc6d4b" outcome="Passed" testListId="8c84fa94-04c1-424b-9868-57a2d4851a1d" relativeResultsDirectory="5528d7f6-bbae-4b56-8edc-6d838b60fb95" />
    <UnitTestResult executionId="c923cce7-19ff-45df-8b4c-2c697a4cee0e" testId="8e702372-9055-49d5-196c-a155e5be5bf1" testName="TheServerTabCanBeScoped" computerName="Bens-MacBook-Pro" duration="00:00:02.3031850" startTime="2026-08-20T14:10:17.7124740-05:00" endTime="2026-08-20T14:10:20.0156740-05:00" testType="13cdc9d9-ddb5-4fa4-a97d-d965ccfc6d4b" outcome="Passed" testListId="8c84fa94-04c1-424b-9868-57a2d4851a1d" relativeResultsDirectory="c923cce7-19ff-45df-8b4c-2c697a4cee0e" />
    <UnitTestResult executionId="ac14e7fb-1f25-4753-b2d5-ac68ac02ef2a" testId="1040984e-4bad-54d8-6412-e71e0b113add" testName="Page_HasFileTypeDropdown" computerName="Bens-MacBook-Pro" duration="00:00:01.6809690" startTime="2026-08-20T14:09:22.4985760-05:00" endTime="2026-08-20T14:09:24.1795560-05:00" testType="13cdc9d9-ddb5-4fa4-a97d-d965ccfc6d4b" outcome="Passed" testListId="8c84fa94-04c1-424b-9868-57a2d4851a1d" relativeResultsDirectory="ac14e7fb-1f25-4753-b2d5-ac68ac02ef2a" />
    <UnitTestResult executionId="f82ba829-94f7-448b-bcd6-6a10adfe338d" testId="c2d47be9-f9b4-71f4-79bc-bf96ac3a538b" testName="TransfersTab_EmptyState_ShowsNoTransfersMessage" computerName="Bens-MacBook-Pro" duration="00:00:01.8558000" startTime="2026-08-20T13:59:55.8828930-05:00" endTime="2026-08-20T13:59:57.7387080-05:00" testType="13cdc9d9-ddb5-4fa4-a97d-d965ccfc6d4b" outcome="Passed" testListId="8c84fa94-04c1-424b-9868-57a2d4851a1d" relativeResultsDirectory="f82ba829-94f7-448b-bcd6-6a10adfe338d">
      <Output>
        <StdOut>No cases found.</StdOut>
      </Output>
    </UnitTestResult>
    <UnitTestResult executionId="f62639e8-3d28-4209-b266-f264049bf184" testId="95290ad9-b8f1-b933-ecec-fd5b3d0bcccc" testName="MyCaseDetail_BackLink_ReturnsToCaseList" computerName="Bens-MacBook-Pro" duration="00:00:01.8429450" startTime="2026-08-20T14:06:18.5132350-05:00" endTime="2026-08-20T14:06:20.3561930-05:00" testType="13cdc9d9-ddb5-4fa4-a97d-d965ccfc6d4b" outcome="Passed" testListId="8c84fa94-04c1-424b-9868-57a2d4851a1d" relativeResultsDirectory="f62639e8-3d28-4209-b266-f264049bf184" />
    <UnitTestResult executionId="e08e9eb0-4b46-4b3c-9e0d-13eda017e4fa" testId="1fd629ef-7659-a8a6-4960-c8c825d3262e" testName="OrgCaseDetail_MessagesTab_CanSendMessage" computerName="Bens-MacBook-Pro" duration="00:00:02.2901520" startTime="2026-08-20T13:59:34.9524260-05:00" endTime="2026-08-20T13:59:37.2426030-05:00" testType="13cdc9d9-ddb5-4fa4-a97d-d965ccfc6d4b" outcome="Passed" testListId="8c84fa94-04c1-424b-9868-57a2d4851a1d" relativeResultsDirectory="e08e9eb0-4b46-4b3c-9e0d-13eda017e4fa" />
    <UnitTestResult executionId="c4f96269-e8d9-4d96-90ac-c6533e69cd2e" testId="72a632c6-8a23-1892-261b-1f5f1ed4afd5" testName="NotesTab_AddNote_AppearsInList" computerName="Bens-MacBook-Pro" duration="00:00:01.9626450" startTime="2026-08-20T13:59:41.4003400-05:00" endTime="2026-08-20T13:59:43.3630050-05:00" testType="13cdc9d9-ddb5-4fa4-a97d-d965ccfc6d4b" outcome="Passed" testListId="8c84fa94-04c1-424b-9868-57a2d4851a1d" relativeResultsDirectory="c4f96269-e8d9-4d96-90ac-c6533e69cd2e">
      <Output>
        <StdOut>No cases found.</StdOut>
      </Output>
    </UnitTestResult>
    <UnitTestResult executionId="cc74cd3b-34a7-4222-b549-ad2e41ba6ae0" testId="7fd0a7fd-3d91-9ec3-65b4-47048f175dd1" testName="Search_NashvilleTn_ReturnsResults" computerName="Bens-MacBook-Pro" duration="00:00:00.9446000" startTime="2026-08-20T14:08:03.8653330-05:00" endTime="2026-08-20T14:08:04.8099400-05:00" testType="13cdc9d9-ddb5-4fa4-a97d-d965ccfc6d4b" outcome="Passed" testListId="8c84fa94-04c1-424b-9868-57a2d4851a1d" relativeResultsDirectory="cc74cd3b-34a7-4222-b549-ad2e41ba6ae0" />
    <UnitTestResult executionId="c0b20587-22f3-4281-a4bf-6f1aad7f901f" testId="17963a17-2cdd-bdc0-65dc-51c98700aca5" testName="Choosing_direct_message_offers_the_groups_members_as_recipients" computerName="Bens-MacBook-Pro" duration="00:00:01.9179290" startTime="2026-08-20T14:06:11.6587300-05:00" endTime="2026-08-20T14:06:13.5766720-05:00" testType="13cdc9d9-ddb5-4fa4-a97d-d965ccfc6d4b" outcome="Passed" testListId="8c84fa94-04c1-424b-9868-57a2d4851a1d" relativeResultsDirectory="c0b20587-22f3-4281-a4bf-6f1aad7f901f" />
    <UnitTestResult executionId="20779c96-e269-4a38-b983-e3ca58184414" testId="1fc30712-2a34-2560-e9af-39662ac85d92" testName="MyCaseDetail_ShowsCaseTitle" computerName="Bens-MacBook-Pro" duration="00:00:01.6965390" startTime="2026-08-20T14:06:27.7878450-05:00" endTime="2026-08-20T14:06:29.4843960-05:00" testType="13cdc9d9-ddb5-4fa4-a97d-d965ccfc6d4b" outcome="Failed" testListId="8c84fa94-04c1-424b-9868-57a2d4851a1d" relativeResultsDirectory="20779c96-e269-4a38-b983-e3ca58184414">
      <Output>
        <ErrorInfo>
          <Message>  Expected case title or reference on detail page.
Assert.That(body, Does.Contain("Nashville").Or.Contain("Park").Or.Contain("#2026"))
  Expected: String containing "Nashville" or String containing "Park" or String containing "#2026"
  But was:  "IsHaunted.com
DP
Home
Notifications
Organizations
My Work
My Cases
My Investigations
My Requests
Equipment
Media
Community
Loading your case…
Loading your case…
IsHaunted.com © 2026
Help
Contact"
</Message>
          <StackTrace>   at Ben.Web.Playwright.Tests.MyCaseDashboardTests.MyCaseDetail_ShowsCaseTitle() in /Users/ben/Source/Ben/Ben.Web.Playwright/Tests/MyCaseDashboardTests.cs:line 136
   at NUnit.Framework.Internal.Commands.TestMethodCommand.Execute(TestExecutionContext context)
   at NUnit.Framework.Internal.Commands.BeforeAndAfterTestCommand.&lt;&gt;c__DisplayClass1_0.&lt;Execute&gt;b__0()
   at NUnit.Framework.Internal.Commands.DelegatingTestCommand.RunTestMethodInThreadAbortSafeZone(TestExecutionContext context, Action action)

1)    at Ben.Web.Playwright.Tests.MyCaseDashboardTests.MyCaseDetail_ShowsCaseTitle() in /Users/ben/Source/Ben/Ben.Web.Playwright/Tests/MyCaseDashboardTests.cs:line 136

</StackTrace>
        </ErrorInfo>
      </Output>
    </UnitTestResult>
    <UnitTestResult executionId="a58bc8ea-4bbc-4497-ae4d-7deae193c7bf" testId="0e7998bf-f002-f02c-7ebf-50f43db9fa17" testName="VideoEditorPage_Unauthenticated_NoErrorPage" computerName="Bens-MacBook-Pro" duration="00:00:00.9014350" startTime="2026-08-20T14:09:47.1201690-05:00" endTime="2026-08-20T14:09:48.0216110-05:00" testType="13cdc9d9-ddb5-4fa4-a97d-d965ccfc6d4b" outcome="Passed" testListId="8c84fa94-04c1-424b-9868-57a2d4851a1d" relativeResultsDirectory="a58bc8ea-4bbc-4497-ae4d-7deae193c7bf" />
    <UnitTestResult executionId="a5be9618-17b4-4dc7-81f7-eb22fbce5e54" testId="b95c8b6b-bd94-8992-8e8b-86f28e60929d" testName="SignedInAsAnAdministrator_TheDiagnosticsChipIsShown" computerName="Bens-MacBook-Pro" duration="00:00:01.4915700" startTime="2026-08-20T14:10:09.0807680-05:00" endTime="2026-08-20T14:10:10.5723480-05:00" testType="13cdc9d9-ddb5-4fa4-a97d-d965ccfc6d4b" outcome="Passed" testListId="8c84fa94-04c1-424b-9868-57a2d4851a1d" relativeResultsDirectory="a5be9618-17b4-4dc7-81f7-eb22fbce5e54" />
    <UnitTestResult executionId="264b65e5-385e-46dd-88d8-1a0c4603c752" testId="c1c6a3d2-5145-a0ce-9bc1-807e3688aaad" testName="CaseDetail_TimelineShowsEntries" computerName="Bens-MacBook-Pro" duration="00:00:00.9247840" startTime="2026-08-20T14:08:42.3174840-05:00" endTime="2026-08-20T14:08:43.2422740-05:00" testType="13cdc9d9-ddb5-4fa4-a97d-d965ccfc6d4b" outcome="Passed" testListId="8c84fa94-04c1-424b-9868-57a2d4851a1d" relativeResultsDirectory="264b65e5-385e-46dd-88d8-1a0c4603c752" />
    <UnitTestResult executionId="a2a72466-ac84-4546-9d70-b83405ad518d" testId="99c173cb-0c0d-3bcf-538d-18ebc0ff40d8" testName="ClientCaseDetail_MessagesPanel_SendDisabled_WhenEmpty" computerName="Bens-MacBook-Pro" duration="00:00:01.8024570" startTime="2026-08-20T13:59:27.7281730-05:00" endTime="2026-08-20T13:59:29.5306540-05:00" testType="13cdc9d9-ddb5-4fa4-a97d-d965ccfc6d4b" outcome="Passed" testListId="8c84fa94-04c1-424b-9868-57a2d4851a1d" relativeResultsDirectory="a2a72466-ac84-4546-9d70-b83405ad518d" />
    <UnitTestResult executionId="514a39c3-daea-492b-9baa-e1fe70049afd" testId="69868291-9bb8-82a6-91c1-e721c5352304" testName="HomeLink_NavigatesHome" computerName="Bens-MacBook-Pro" duration="00:00:00.9165960" startTime="2026-08-20T14:06:56.2834230-05:00" endTime="2026-08-20T14:06:57.2000250-05:00" testType="13cdc9d9-ddb5-4fa4-a97d-d965ccfc6d4b" outcome="Passed" testListId="8c84fa94-04c1-424b-9868-57a2d4851a1d" relativeResultsDirectory="514a39c3-daea-492b-9baa-e1fe70049afd" />
    <UnitTestResult executionId="9ae66731-22c7-45a5-b0b6-4ce369aac94e" testId="b406755f-0161-5cce-9d39-31c158ccaecd" testName="CaseList_ShowsManagerOrUnassigned" computerName="Bens-MacBook-Pro" duration="00:00:01.8685570" startTime="2026-08-20T13:59:13.6179260-05:00" endTime="2026-08-20T13:59:15.4865210-05:00" testType="13cdc9d9-ddb5-4fa4-a97d-d965ccfc6d4b" outcome="Passed" testListId="8c84fa94-04c1-424b-9868-57a2d4851a1d" relativeResultsDirectory="9ae66731-22c7-45a5-b0b6-4ce369aac94e" />
[...]
    <TestEntry testId="059e5c74-cb23-e067-d285-04fd92a87c59" executionId="8fe34e8b-829e-4ec9-99bd-5edefc6241bb" testListId="8c84fa94-04c1-424b-9868-57a2d4851a1d" />
    <TestEntry testId="edfc29cf-bf49-36ea-42fd-6952fb9e52f1" executionId="311d1c6a-789a-4de1-a604-b2246f78448b" testListId="8c84fa94-04c1-424b-9868-57a2d4851a1d" />
    <TestEntry testId="70b251fd-b820-1c09-b938-ebf8affe1a91" executionId="d4195caa-7b88-4c69-9722-4f8c33c461e5" testListId="8c84fa94-04c1-424b-9868-57a2d4851a1d" />
    <TestEntry testId="8098ec2f-23e7-7804-99ef-0c81744ef6c2" executionId="10e6e487-e584-4bf2-833f-6a65251e1590" testListId="8c84fa94-04c1-424b-9868-57a2d4851a1d" />
    <TestEntry testId="6b88ea22-e66e-e248-ab05-afd995f63f55" executionId="2959fbef-c633-420a-ae54-6e8f02a3e3a6" testListId="8c84fa94-04c1-424b-9868-57a2d4851a1d" />
    <TestEntry testId="5538f1a1-df8e-6051-8520-10d0bd6f4d86" executionId="cee261a3-2d47-4c59-9ea8-581951645118" testListId="8c84fa94-04c1-424b-9868-57a2d4851a1d" />
    <TestEntry testId="f15f8628-ef09-e13a-890f-5ee068afeff2" executionId="fed3a344-a175-4d55-af9f-fd553895022b" testListId="8c84fa94-04c1-424b-9868-57a2d4851a1d" />
    <TestEntry testId="aa6c6b9c-e8a6-110e-46a3-2451b4e95bf7" executionId="d2add031-f211-4942-b54e-a959ecdf1844" testListId="8c84fa94-04c1-424b-9868-57a2d4851a1d" />
    <TestEntry testId="9b1d8511-bbd6-7af8-6ab7-22acbcd661d6" executionId="24a7b22b-089a-4058-95df-02960a5637aa" testListId="8c84fa94-04c1-424b-9868-57a2d4851a1d" />
    <TestEntry testId="081640f0-518a-bfee-3329-8ab9fce320fd" executionId="5593c67f-e362-4124-abd4-1ff3b203328c" testListId="8c84fa94-04c1-424b-9868-57a2d4851a1d" />
    <TestEntry testId="d2ad65de-3aea-fc6e-da08-ba64302e3974" executionId="7d9a84ff-4633-4c74-9c17-b86e453d0b5d" testListId="8c84fa94-04c1-424b-9868-57a2d4851a1d" />
    <TestEntry testId="68c6d81a-055b-dc05-c821-36c3749c5881" executionId="101b2cd2-6fc2-4a41-af9e-5e68c37ea70c" testListId="8c84fa94-04c1-424b-9868-57a2d4851a1d" />
    <TestEntry testId="3b8fc36c-7999-6cdc-91a1-04de5598f750" executionId="aec93db6-4e8f-4612-9039-fc9cc5a2cc2c" testListId="8c84fa94-04c1-424b-9868-57a2d4851a1d" />
    <TestEntry testId="ce2d9430-dfb3-0eea-66df-205e79bf34c3" executionId="33dd8577-d730-414d-b55e-4b15494cf980" testListId="8c84fa94-04c1-424b-9868-57a2d4851a1d" />
    <TestEntry testId="da07c432-a31b-31e5-272a-893af94fb645" executionId="b92993e1-5b88-4e13-bd01-9d2bda1beed8" testListId="8c84fa94-04c1-424b-9868-57a2d4851a1d" />
    <TestEntry testId="b86f6e50-a4ce-43f7-88f6-eefa8ce14039" executionId="474387e1-cf24-4808-b706-f033bedadad5" testListId="8c84fa94-04c1-424b-9868-57a2d4851a1d" />
    <TestEntry testId="02423e6d-13a8-7643-a66d-daddc38bf38a" executionId="2fecbb30-8cfe-42c8-9b61-84301a1cdddd" testListId="8c84fa94-04c1-424b-9868-57a2d4851a1d" />
    <TestEntry testId="72020334-dbdc-5f5d-94ea-1d5d120156be" executionId="d5e4b59f-66c4-4e29-aaf7-386896e22406" testListId="8c84fa94-04c1-424b-9868-57a2d4851a1d" />
    <TestEntry testId="f16880cb-6b3b-eea4-3553-57cc40657cf4" executionId="a0620fd1-e4e9-4d1e-9ea5-c0e7ede9a473" testListId="8c84fa94-04c1-424b-9868-57a2d4851a1d" />
    <TestEntry testId="5734e039-b50d-9b1b-7cb8-2b585c691a67" executionId="c61c3874-ca81-49d5-80ed-56c65b4f8951" testListId="8c84fa94-04c1-424b-9868-57a2d4851a1d" />
    <TestEntry testId="3487780e-f7ee-a6e9-4bf6-1bff5daf6f43" executionId="922a0859-e3f3-4753-bf6e-83a5a4f90186" testListId="8c84fa94-04c1-424b-9868-57a2d4851a1d" />
    <TestEntry testId="4352e8c7-f4c6-00b1-9061-c5e4e0e4c5f9" executionId="00accb2b-a978-4f1a-a474-2bc99a118ebd" testListId="8c84fa94-04c1-424b-9868-57a2d4851a1d" />
    <TestEntry testId="0e17f34c-2ed8-5077-917f-469e2c44ccdd" executionId="47e65ca1-fd75-43b6-a9d7-b07e432f205b" testListId="8c84fa94-04c1-424b-9868-57a2d4851a1d" />
    <TestEntry testId="3d0b9c55-121b-6c66-36c4-63ebb5f82b35" executionId="32403361-4483-4b95-b9a6-94d46a7f9b38" testListId="8c84fa94-04c1-424b-9868-57a2d4851a1d" />
    <TestEntry testId="237d70d0-4088-07fd-4391-646504ff2d0c" executionId="12b2c6ac-69fa-49bf-90e1-9951742aacfe" testListId="8c84fa94-04c1-424b-9868-57a2d4851a1d" />
    <TestEntry testId="3dc56104-19b3-051e-e59c-e40d97b5f8c6" executionId="1fdb39ce-f50a-47df-b671-a335c1f6ddc1" testListId="8c84fa94-04c1-424b-9868-57a2d4851a1d" />
    <TestEntry testId="d4ddda1c-9dcf-7abd-2881-691cdfde4096" executionId="9c90299e-df81-4a1d-a862-346d428a03af" testListId="8c84fa94-04c1-424b-9868-57a2d4851a1d" />
    <TestEntry testId="6a8df9d7-50b8-8a21-1de6-4c67651c7cf5" executionId="5d31c3be-4e85-4ede-9e1e-052384ca6bad" testListId="8c84fa94-04c1-424b-9868-57a2d4851a1d" />
    <TestEntry testId="aae02bf6-4e52-e775-3251-cb2a32aac860" executionId="61ef51ea-61ee-41d2-ac3d-b337b2e3c14a" testListId="8c84fa94-04c1-424b-9868-57a2d4851a1d" />
    <TestEntry testId="105f2922-daa2-6dad-2bac-d7515b768404" executionId="d516d3c1-f95b-445f-b2a5-b8d10d5fcf43" testListId="8c84fa94-04c1-424b-9868-57a2d4851a1d" />
    <TestEntry testId="54db50b1-4fe8-3e6a-0889-d6fd0f03e604" executionId="7ec40055-7b7a-4073-a515-879214fabc38" testListId="8c84fa94-04c1-424b-9868-57a2d4851a1d" />
    <TestEntry testId="27a99c2e-6548-7473-6528-8290e25e9428" executionId="156fb7b2-81a0-4f13-be31-b172f75799d0" testListId="8c84fa94-04c1-424b-9868-57a2d4851a1d" />
    <TestEntry testId="87c78370-2caa-e221-4d51-033daf6875a0" executionId="dbb499b8-5991-4edf-9338-db3a825124f1" testListId="8c84fa94-04c1-424b-9868-57a2d4851a1d" />
    <TestEntry testId="92377113-8d3a-4a9a-e370-1103aee2c9ad" executionId="229832b8-dd9f-4431-8109-76155d1811a9" testListId="8c84fa94-04c1-424b-9868-57a2d4851a1d" />
    <TestEntry testId="34978015-f8ea-6e7e-1135-9efd68484935" executionId="614c9310-10e7-43cf-a5e8-b3cb4918ae45" testListId="8c84fa94-04c1-424b-9868-57a2d4851a1d" />
    <TestEntry testId="a8038997-c46a-1e50-9c4d-a96b536d6bfd" executionId="5086376b-a70a-44d9-9d7e-f15cbdfbf9cd" testListId="8c84fa94-04c1-424b-9868-57a2d4851a1d" />
    <TestEntry testId="5f4363c2-5eed-f9f2-e03d-fbbc9417e96e" executionId="0081f110-6cae-4e58-b55b-2f82065b5f02" testListId="8c84fa94-04c1-424b-9868-57a2d4851a1d" />
    <TestEntry testId="0b91c0c1-c727-02ce-b323-697e932be40e" executionId="c90d3819-5437-41d3-9876-f9153c1582ff" testListId="8c84fa94-04c1-424b-9868-57a2d4851a1d" />
    <TestEntry testId="18cb2263-d74f-a308-9fd6-a53246ce5e74" executionId="4cffd722-6efc-49bc-a3d4-c26e56319123" testListId="8c84fa94-04c1-424b-9868-57a2d4851a1d" />
    <TestEntry testId="db1ce21f-a13f-3434-2c89-8d6d716f7244" executionId="a2995559-4ecc-4c10-9cea-f2e2925c5dbb" testListId="8c84fa94-04c1-424b-9868-57a2d4851a1d" />
    <TestEntry testId="6b760833-169a-eba7-44ab-f39ae7a4a9b5" executionId="b25c9565-7268-4f38-8880-ecce732a45a6" testListId="8c84fa94-04c1-424b-9868-57a2d4851a1d" />
    <TestEntry testId="6955ed7e-ba46-5d86-d163-371e96294434" executionId="0a4c0ed9-182b-430e-8af3-ef97d86856ef" testListId="8c84fa94-04c1-424b-9868-57a2d4851a1d" />
    <TestEntry testId="085eb0c4-1a15-831d-c5e6-15e08b2a06e1" executionId="9b7522ff-5ca8-45fb-9e79-cfbcbe8ea19a" testListId="8c84fa94-04c1-424b-9868-57a2d4851a1d" />
    <TestEntry testId="4dbc9971-577b-b73a-5096-f094eeff10b8" executionId="50a07a07-10aa-451c-8d20-d3fef65e2f54" testListId="8c84fa94-04c1-424b-9868-57a2d4851a1d" />
    <TestEntry testId="b2bbd474-e906-43e8-a145-c3bcd0b95e6b" executionId="1d8534c8-849c-43f3-9700-acae4f7448e3" testListId="8c84fa94-04c1-424b-9868-57a2d4851a1d" />
    <TestEntry testId="fd09d2f1-cac9-a339-92c3-a59af3e9211e" executionId="7d19d19a-dc0d-4bcf-b4fd-f932f134aeba" testListId="8c84fa94-04c1-424b-9868-57a2d4851a1d" />
    <TestEntry testId="8332d5b2-bf25-1841-9c02-1c5988e628c4" executionId="e6de6e5c-9ecf-4231-8ee5-e8bc61656749" testListId="8c84fa94-04c1-424b-9868-57a2d4851a1d" />
    <TestEntry testId="e02cd58d-981e-b503-40a5-987986317fe4" executionId="5a019030-a496-4348-8da2-fe8941462696" testListId="8c84fa94-04c1-424b-9868-57a2d4851a1d" />
    <TestEntry testId="0bb6d744-8cd6-ae5e-67da-4bea517c58e3" executionId="a2031110-8dec-41d2-b6d2-67e1a9fbb5be" testListId="8c84fa94-04c1-424b-9868-57a2d4851a1d" />
    <TestEntry testId="6b11fe03-8337-1bc5-fec5-87266ef53c11" executionId="5f40829c-2b71-4f87-bf07-ba007d7db2ba" testListId="8c84fa94-04c1-424b-9868-57a2d4851a1d" />
    <TestEntry testId="9ddca7d2-2c2a-2069-3ea9-0b78776b0060" executionId="68fd737c-6608-4779-a31c-0d61ff517bdc" testListId="8c84fa94-04c1-424b-9868-57a2d4851a1d" />
    <TestEntry testId="a91220e4-faf4-6266-d85e-c4dd1a470a14" executionId="ac08423b-7bd4-47e0-b7b6-18b3d086e51e" testListId="8c84fa94-04c1-424b-9868-57a2d4851a1d" />
    <TestEntry testId="08d12e90-c3bc-48b5-ccd8-3ea67c029075" executionId="cd598c49-088e-4213-8eb3-4b082fda6b2c" testListId="8c84fa94-04c1-424b-9868-57a2d4851a1d" />
    <TestEntry testId="b55abbbd-7c55-44a7-64df-898c11178bdb" executionId="edc050e3-453c-479f-839b-731a0f7936fb" testListId="8c84fa94-04c1-424b-9868-57a2d4851a1d" />
    <TestEntry testId="9e46a0bc-df78-3c0d-2f45-5d1406721867" executionId="dfb8349c-b9e6-4272-bbc3-fcb55561c67d" testListId="8c84fa94-04c1-424b-9868-57a2d4851a1d" />
    <TestEntry testId="5dbdebec-36a6-fac6-e65e-8ab30541feb2" executionId="6ce4b5a8-068d-4e1b-aa41-06f405825889" testListId="8c84fa94-04c1-424b-9868-57a2d4851a1d" />
    <TestEntry testId="b078ef0c-d767-0b62-fc50-55112c3f9c56" executionId="c9eb0adf-15d2-4b17-b62c-ff0cc2a14665" testListId="8c84fa94-04c1-424b-9868-57a2d4851a1d" />
    <TestEntry testId="5db5a6d1-b07c-7bbc-6228-e06ad3488e49" executionId="f13c72c4-373a-4fca-b9ab-080f334cd224" testListId="8c84fa94-04c1-424b-9868-57a2d4851a1d" />
    <TestEntry testId="d02efb5c-11e4-969d-29f9-13bf45e2e738" executionId="d64aa376-5cbd-4578-adcc-7c387ddc6b55" testListId="8c84fa94-04c1-424b-9868-57a2d4851a1d" />
    <TestEntry testId="c2283e27-5bb5-0c30-3424-1d19c0bb5cd5" executionId="12c3f4e5-7852-4243-a506-e1849a14a8dd" testListId="8c84fa94-04c1-424b-9868-57a2d4851a1d" />
    <TestEntry testId="66ac0449-6564-8909-badc-8a8c8b6ed4cb" executionId="76bed4e9-0002-494a-bde5-c3c439ee28a9" testListId="8c84fa94-04c1-424b-9868-57a2d4851a1d" />
    <TestEntry testId="120d1780-ef87-c920-e902-be43e18d58c1" executionId="f22435df-d5b3-44ad-ae72-8d8a8ecbd6a1" testListId="8c84fa94-04c1-424b-9868-57a2d4851a1d" />
    <TestEntry testId="8764c319-0dec-598c-2b96-6f4ec65b3566" executionId="037d5106-8ebf-40c9-9abb-375580a6896e" testListId="8c84fa94-04c1-424b-9868-57a2d4851a1d" />
    <TestEntry testId="6f9bd667-915f-d0ec-63af-ac157ed1a745" executionId="493dc371-f767-4463-9a4b-d18f571c0e0c" testListId="8c84fa94-04c1-424b-9868-57a2d4851a1d" />
    <TestEntry testId="73354095-e9d8-5bbf-145a-ff35baba50d5" executionId="b8636c27-e168-4e29-9484-b1093308cdff" testListId="8c84fa94-04c1-424b-9868-57a2d4851a1d" />
    <TestEntry testId="fe163c8b-feb1-ffbf-5344-0cf0853456ed" executionId="0a5a1f91-9b68-4d90-b8dd-6b7168e9eecd" testListId="8c84fa94-04c1-424b-9868-57a2d4851a1d" />
    <TestEntry testId="5453fd8d-3f8b-0152-72a1-8c0f0fc49600" executionId="bb35f2d3-bf6e-480f-926b-d22c2855f37e" testListId="8c84fa94-04c1-424b-9868-57a2d4851a1d" />
    <TestEntry testId="9acbf6de-c7b0-8f9d-7929-c31e4220b485" executionId="f2fece42-0107-43d9-b23f-175ebf66a9c1" testListId="8c84fa94-04c1-424b-9868-57a2d4851a1d" />
    <TestEntry testId="bb5e7fd6-5bd4-ad24-ddf8-ae1fc025c4fe" executionId="7860108e-68d9-423e-8e29-19dabe379f6e" testListId="8c84fa94-04c1-424b-9868-57a2d4851a1d" />
    <TestEntry testId="4abe3801-6dac-9e3d-2eea-cb5bb1b2af43" executionId="6fa9b87f-6741-4e26-b4a2-f3fbec231774" testListId="8c84fa94-04c1-424b-9868-57a2d4851a1d" />
    <TestEntry testId="78d76da4-0c96-5e68-d344-1015b5003975" executionId="0f2b6f04-f32a-4063-8a93-f524169cc907" testListId="8c84fa94-04c1-424b-9868-57a2d4851a1d" />
    <TestEntry testId="e2e33773-ad57-5ed1-3684-98642e2f29c6" executionId="e4ec6692-c171-49cf-8380-0e79e5fcc630" testListId="8c84fa94-04c1-424b-9868-57a2d4851a1d" />
    <TestEntry testId="9c243193-c169-f217-ba8f-5b98a66f2bcc" executionId="486bf068-8d6d-49af-884b-d36bf3489585" testListId="8c84fa94-04c1-424b-9868-57a2d4851a1d" />
    <TestEntry testId="b94a3b3e-3bea-51f3-6c84-2a0937ac19d1" executionId="570962e0-93ef-4342-9c01-5828aa010b46" testListId="8c84fa94-04c1-424b-9868-57a2d4851a1d" />
    <TestEntry testId="5416fe26-4a0b-ddb9-860a-055395d7c583" executionId="9207f371-5605-478e-85fa-2dcab6a3e1d0" testListId="8c84fa94-04c1-424b-9868-57a2d4851a1d" />
    <TestEntry testId="29d4b23a-2d9f-721e-a61f-bdad372a542e" executionId="285e37bc-54ad-46a1-bee5-e700d1337ba4" testListId="8c84fa94-04c1-424b-9868-57a2d4851a1d" />
    <TestEntry testId="a7971717-c24d-6d87-9f37-ca96279a7cad" executionId="ae5fbe61-bd07-487b-91a8-dc525069cb2a" testListId="8c84fa94-04c1-424b-9868-57a2d4851a1d" />
  </TestEntries>
  <TestLists>
    <TestList name="Results Not in a List" id="8c84fa94-04c1-424b-9868-57a2d4851a1d" />
    <TestList name="All Loaded Results" id="19431567-8539-422a-85d7-44ee4e166bda" />
  </TestLists>
  <ResultSummary outcome="Failed">
    <Counters total="319" executed="305" passed="292" failed="13" error="0" timeout="0" aborted="0" inconclusive="0" passedButRunAborted="0" notRunnable="0" notExecuted="0" disconnected="0" warning="0" completed="0" inProgress="0" pending="0" />
    <Output>
      <StdOut>NUnit Adapter 5.0.0.0: Test execution started
Running all tests in /Users/ben/Source/Ben/Ben.Web.Playwright/bin/Debug/net10.0/Ben.Web.Playwright.dll
   NUnit3TestExecutor discovered 319 of 319 NUnit test cases using Current Discovery mode, Non-Explicit run
Capture_Accounts: Set BEN_CAPTURE=1 to re-capture the help screenshots.
Capture_BorrowingEquipment: Set BEN_CAPTURE=1 to re-capture the help screenshots.
Capture_GettingStarted: Set BEN_CAPTURE=1 to re-capture the help screenshots.
Capture_OrganizationAdministration: Set BEN_CAPTURE=1 to re-capture the help screenshots.
Capture_Publications: Set BEN_CAPTURE=1 to re-capture the help screenshots.
Capture_RequestingAnInvestigation: Set BEN_CAPTURE=1 to re-capture the help screenshots.
Capture_SiteAdministration: Set BEN_CAPTURE=1 to re-capture the help screenshots.
Capture_TheFeed: Set BEN_CAPTURE=1 to re-capture the help screenshots.
Capture_UsingTheVideoEditor: Set BEN_CAPTURE=1 to re-capture the help screenshots.
Test 'Capture_Accounts' was skipped in the test run.
Test 'Capture_BorrowingEquipment' was skipped in the test run.
Test 'Capture_GettingStarted' was skipped in the test run.
Test 'Capture_OrganizationAdministration' was skipped in the test run.
Test 'Capture_Publications' was skipped in the test run.
Test 'Capture_RequestingAnInvestigation' was skipped in the test run.
Test 'Capture_SiteAdministration' was skipped in the test run.
Test 'Capture_TheFeed' was skipped in the test run.
Test 'Capture_UsingTheVideoEditor' was skipped in the test run.
Capture_WorkingACase: Set BEN_CAPTURE=1 to re-capture the help screenshots.
Capture_YourCase: Set BEN_CAPTURE=1 to re-capture the help screenshots.
Capture_YourEquipment: Set BEN_CAPTURE=1 to re-capture the help screenshots.
Capture_YourProfile: Set BEN_CAPTURE=1 to re-capture the help screenshots.
Record_CaseTabs: Set BEN_CAPTURE=1 to re-record the help animations.
Test 'Capture_WorkingACase' was skipped in the test run.
Test 'Capture_YourCase' was skipped in the test run.
Test 'Capture_YourEquipment' was skipped in the test run.
Test 'Capture_YourProfile' was skipped in the test run.
Test 'Record_CaseTabs' was skipped in the test run.
resolved: OrgId, CaseId, UrlName, UserId, ModelId, Slug
crawled 24, skipped 24, 0 problem(s)
   skipped: /attending/{Token} (token only)
   skipped: /equipment/{BrandSlug}/{ModelSlug} (no id available)
   skipped: /equipment/{ItemId:guid} (no id available)
   skipped: /feed/people/{AppUserId:guid} (no id available)
   skipped: /feed/tags/{Tag} (no id available)
   skipped: /feed/{PostId:guid} (no id available)
   skipped: /invite/{Token} (token only)
   skipped: /my-checkouts/{CheckoutId:guid} (no id available)
   skipped: /my-requests/{Id:guid} (no id available)
   skipped: /my-requests/{Id:guid}/edit (no id available)
   skipped: /o/{UrlName}/cases/{CaseRef} (no id available)
   skipped: /o/{UrlName}/events/{EventSlug} (no id available)
   skipped: /o/{UrlName}/investigations/{InvestigationSlug} (no id available)
   skipped: /o/{UrlName}/{PageSlug} (no id available)
   skipped: /organizations/{OrgId:guid}/cms/pages/{PageId:guid} (no id available)
   skipped: /organizations/{OrgId:guid}/cms/pages/{PageId:guid}/preview (no id available)
   skipped: /organizations/{OrgId:guid}/equipment/{ItemId:guid} (no id available)
   skipped: /organizations/{OrgId:guid}/publications/{PublicationId:guid} (no id available)
   skipped: /organizations/{OrgId:guid}/publications/{PublicationId:guid}/posts/new (no id available)
   skipped: /organizations/{OrgId:guid}/publications/{PublicationId:guid}/posts/{PostId:guid} (no id available)
   skipped: /places/{PlaceId:guid} (no id available)
   skipped: /publications/{UrlName}/{PostUrlName} (no id available)
   skipped: /support/{AccessToken:guid} (token only)
   skipped: /validate-email/{Token} (token only)

crawled 46 routes, 0 problem(s)

CaseDetail_DirectUrlRenders: No case rows visible — BenCo may have no cases seeded. TGH cases are on that org.
NotesTab_AddNote_AppearsInList: No cases found.
NotesTab_HasNewNoteButton: No cases found.
NotesTab_IsVisibleOnCaseDetail: No cases found.
NotesTab_NewNoteButton_OpensDialog: No cases found.
NotesTab_RendersWithoutErrors: No cases found.
NotesTab_ShowsInternalOnlyText: No cases found.
TransferRecord_ShowsCorrectStatusBadges: No cases found.
TransfersTab_EmptyState_ShowsNoTransfersMessage: No cases found.
TransfersTab_IsVisibleOnCaseDetail: No cases found to test.
TransfersTab_ProposeButton_VisibleWhenNoPendingTransfer: No cases found.
TransfersTab_ProposeDialog_OpensAndHasOrgDropdown: No cases found.
TransfersTab_ProposeDialog_SubmitWithoutOrg_Stays: No cases found.
RequestDetail_DraftRequest_HasEditAndSubmitButton: No draft requests.
RequestDetail_NavigateFromList: No requests in list — skipping detail navigation test.
RequestDetail_ShowsAddress: No requests.
RequestDetail_SubmittedToSection_AppearsWhenOrgsExist: No requests.
Map_ClickingSingleMarker_OpensPopup: No reachable single-case marker at the default US zoom level.
Map_PopupShowsViewInvestigationButton: No reachable marker at the default US zoom level.
Map_PopupTitle_IsNotEmpty: No reachable marker at the default US zoom level.
AttendeesButton_TogglesInlinePanel: No cases found.
InvestigationsTab_IsVisibleOnCaseDetail: No cases visible for this org — skipping (tgh cases may be under a different org).
InvestigationsTab_ScheduleButtonVisible: No cases found.
InvestigationsTab_ScheduleDialog_OpensAndHasRequiredFields: No cases found.
NavDrawer_FindGroupsLinkNavigatesToFind: Find link not visible from home page — may require drawer open.
NavDrawer_ToggleOpensAndCloses: No togglable menu found — drawer may be permanently open at this viewport.
ThemeSwitch_TogglesBodyClass: Theme toggle not found by selector — skipping.
OrgView_CalendarTab_Renders: Calendar tab not visible for this user role — expected for non-members.
OrgView_FilesTab_Renders: Files tab not visible for this user role.
OrgView_MessagesTab_Renders: Messages tab not visible for this user role.
member opted in: False, a group allows: False

OrgRequests_AcceptButton_VisibleOnAllRequestCards: No cards.
OrgRequests_Cards_ShowStatusBadge: No pending requests found — DevelopmentDataSeeder may not have run.
OrgRequests_ClickCard_ExpandsDescription: No request cards.
OrgRequests_DeclineButton_VisibleOnAllRequestCards: No cards.
OrgRequests_UnderReviewButton_IsVisibleForSubmittedRequests: No submitted requests found.
VideoEditorPage_Authenticated_FfmpegStatusElementExists: ffmpeg status element not present yet — editor still initialising.
timeline chips: 1

NUnit Adapter 5.0.0.0: Test execution complete
</StdOut>
    </Output>
  </ResultSummary>
</TestRun>