<?xml version="1.0" encoding="utf-8"?>
<TestRun id="c8980adc-da64-4735-b2dc-8567fad2c3c7" name="@Bens-MacBook-Pro 2026-08-18 16:42:56" xmlns="http://microsoft.com/schemas/VisualStudio/TeamTest/2010">
  <Times creation="2026-08-18T16:42:56.8298710-05:00" queuing="2026-08-18T16:42:56.8298710-05:00" start="2026-08-18T16:42:53.6746720-05:00" finish="2026-08-18T17:00:58.9827470-05:00" />
  <TestSettings name="default" id="4980829c-b569-45d5-8d7d-52176ad7c592">
    <Deployment runDeploymentRoot="_Bens-MacBook-Pro_2026-08-18_16_42_56" />
  </TestSettings>
  <Results>
    <UnitTestResult executionId="55d328aa-0f69-41b8-bb25-1474e188486f" testId="a28d3ddc-703e-ed53-5ac5-30f6cde67120" testName="VideoEditorPage_Authenticated_VideoPreviewAreaIsPresent" computerName="Bens-MacBook-Pro" duration="00:00:16.6828670" startTime="2026-08-18T16:59:59.7901020-05:00" endTime="2026-08-18T17:00:16.4728330-05:00" testType="13cdc9d9-ddb5-4fa4-a97d-d965ccfc6d4b" outcome="Failed" testListId="8c84fa94-04c1-424b-9868-57a2d4851a1d" relativeResultsDirectory="55d328aa-0f69-41b8-bb25-1474e188486f">
      <Output>
        <ErrorInfo>
          <Message>Microsoft.Playwright.PlaywrightException : Locator expected to be visible
Error: element(s) not found 
Call log:
  - Expect "ToBeVisibleAsync" with timeout 15000ms
  - waiting for Locator(".bv-editor .bv-preview, .bv-editor video, .bv-editor [class*='preview']").First
Aria snapshot:
- banner:
  - link "IsHaunted.com":
    - /url: /
    - strong: Is
    - emphasis: Haunted
    - text: .com
  - button "Toggle Navigation Size":
    - img
  - button "Toggle Dark Mode"
  - button "Toggle Fullscreen"
  - button "Open Notifications": "11"
  - button "Open Profile Dropdown": SM
- complementary:
  - textbox "Filter menu":
    - /placeholder: Filter
  - navigation:
    - list:
      - listitem:
        - link "Home":
          - /url: /
      - listitem:
        - link "Request Investigation":
          - /url: /my-requests/new
      - listitem:
        - link "Join a Group":
          - /url: /find
      - listitem:
        - link "Equipment":
          - /url: /equipment-catalog
      - listitem:
        - link "Notifications":
          - /url: /notifications
      - listitem:
        - link "My Cases":
          - /url: /my-cases
      - listitem:
        - link "My Investigations":
          - /url: /my-investigations
      - listitem:
        - link "My Requests":
          - /url: /my-requests
      - listitem:
        - link "My Videos":
          - /url: /my-videos
      - listitem:
        - link "My Equipment":
          - /url: /my-equipment
      - listitem:
        - link "My Checkouts":
          - /url: /my-checkouts
      - listitem:
        - link "Gear Questions":
          - /url: /my-equipment/questions
      - listitem:
        - link "Organizations 11":
          - /url: /organizations
      - listitem:
        - link "Upload Files":
          - /url: /upload-files
      - listitem:
        - link "Media Library":
          - /url: /media-library
- main:
  - paragraph: You must be signed in to use the video editor.
  - text: IsHaunted.com © 2026
  - link "Help":
    - /url: /help
  - link "Contact":
    - /url: /contact</Message>
          <StackTrace>   at Microsoft.Playwright.Core.AssertionsBase.ExpectImplAsync(String expression, FrameExpectOptions expectOptions, Object expected, String message, String title) in /_/src/Playwright/Core/AssertionsBase.cs:line 95
   at Microsoft.Playwright.Core.AssertionsBase.ExpectImplAsync(String expression, ExpectedTextValue[] expectedText, Object expected, String message, String title, FrameExpectOptions options) in /_/src/Playwright/Core/AssertionsBase.cs:line 69
   at Ben.Web.Playwright.Tests.VideoEditorTests.VideoEditorPage_Authenticated_VideoPreviewAreaIsPresent() in /Users/ben/Source/Ben/Ben.Web.Playwright/Tests/VideoEditorTests.cs:line 122
   at NUnit.Framework.Internal.Commands.TestMethodCommand.Execute(TestExecutionContext context)
   at NUnit.Framework.Internal.Commands.BeforeAndAfterTestCommand.&lt;&gt;c__DisplayClass1_0.&lt;Execute&gt;b__0()
   at NUnit.Framework.Internal.Commands.DelegatingTestCommand.RunTestMethodInThreadAbortSafeZone(TestExecutionContext context, Action action)
1)    at Microsoft.Playwright.Core.AssertionsBase.ExpectImplAsync(String expression, FrameExpectOptions expectOptions, Object expected, String message, String title) in /_/src/Playwright/Core/AssertionsBase.cs:line 95
   at Microsoft.Playwright.Core.AssertionsBase.ExpectImplAsync(String expression, ExpectedTextValue[] expectedText, Object expected, String message, String title, FrameExpectOptions options) in /_/src/Playwright/Core/AssertionsBase.cs:line 69
   at Ben.Web.Playwright.Tests.VideoEditorTests.VideoEditorPage_Authenticated_VideoPreviewAreaIsPresent() in /Users/ben/Source/Ben/Ben.Web.Playwright/Tests/VideoEditorTests.cs:line 122
   at NUnit.Framework.Internal.Commands.TestMethodCommand.Execute(TestExecutionContext context)
   at NUnit.Framework.Internal.Commands.BeforeAndAfterTestCommand.&lt;&gt;c__DisplayClass1_0.&lt;Execute&gt;b__0()
   at NUnit.Framework.Internal.Commands.DelegatingTestCommand.RunTestMethodInThreadAbortSafeZone(TestExecutionContext context, Action action)
</StackTrace>
        </ErrorInfo>
      </Output>
    </UnitTestResult>
    <UnitTestResult executionId="b5794e84-a807-4da1-954f-de34b102bfa7" testId="1187b816-e4cf-8431-0471-dd05736348e3" testName="OrgView_FilesTab_Renders" computerName="Bens-MacBook-Pro" duration="00:00:01.6219349" startTime="2026-08-18T16:56:04.8954270-05:00" endTime="2026-08-18T16:56:06.5173490-05:00" testType="13cdc9d9-ddb5-4fa4-a97d-d965ccfc6d4b" outcome="Passed" testListId="8c84fa94-04c1-424b-9868-57a2d4851a1d" relativeResultsDirectory="b5794e84-a807-4da1-954f-de34b102bfa7">
      <Output>
        <StdOut>Files tab not visible for this user role.</StdOut>
      </Output>
    </UnitTestResult>
    <UnitTestResult executionId="e3b22dce-d262-4301-8fb7-3c8e48ba207e" testId="f05b9c8e-4a97-ee89-8c3b-9533c9b5e2be" testName="AdminUserDetail_NavigateFromList" computerName="Bens-MacBook-Pro" duration="00:00:01.9268990" startTime="2026-08-18T16:43:10.8726150-05:00" endTime="2026-08-18T16:43:12.7993840-05:00" testType="13cdc9d9-ddb5-4fa4-a97d-d965ccfc6d4b" outcome="Failed" testListId="8c84fa94-04c1-424b-9868-57a2d4851a1d" relativeResultsDirectory="e3b22dce-d262-4301-8fb7-3c8e48ba207e">
      <Output>
        <ErrorInfo>
          <Message>  Expected navigation to user detail.
Assert.That(Page.Url, Does.Match(@"/admin/users/[0-9a-f\-]+"))
  Expected: String matching "/admin/users/[0-9a-f\-]+"
  But was:  "http://localhost:5078/admin/users"
</Message>
          <StackTrace>   at Ben.Web.Playwright.Tests.AdminTests.AdminUserDetail_NavigateFromList() in /Users/ben/Source/Ben/Ben.Web.Playwright/Tests/AdminTests.cs:line 67
   at NUnit.Framework.Internal.AsyncToSyncAdapter.Await(TestExecutionContext context, Func`1 invoke)
   at NUnit.Framework.Internal.Commands.TestMethodCommand.RunTestMethod(TestExecutionContext context)
   at NUnit.Framework.Internal.Commands.TestMethodCommand.Execute(TestExecutionContext context)
   at NUnit.Framework.Internal.Commands.BeforeAndAfterTestCommand.&lt;&gt;c__DisplayClass1_0.&lt;Execute&gt;b__0()
   at NUnit.Framework.Internal.Commands.DelegatingTestCommand.RunTestMethodInThreadAbortSafeZone(TestExecutionContext context, Action action)

1)    at Ben.Web.Playwright.Tests.AdminTests.AdminUserDetail_NavigateFromList() in /Users/ben/Source/Ben/Ben.Web.Playwright/Tests/AdminTests.cs:line 67

</StackTrace>
        </ErrorInfo>
      </Output>
    </UnitTestResult>
    <UnitTestResult executionId="483a2ef4-4d64-4736-9237-f48613426a08" testId="3dc56104-19b3-051e-e59c-e40d97b5f8c6" testName="RequestDetail_ShowsAddress" computerName="Bens-MacBook-Pro" duration="00:00:01.6104270" startTime="2026-08-18T16:46:04.9549030-05:00" endTime="2026-08-18T16:46:06.5653170-05:00" testType="13cdc9d9-ddb5-4fa4-a97d-d965ccfc6d4b" outcome="Passed" testListId="8c84fa94-04c1-424b-9868-57a2d4851a1d" relativeResultsDirectory="483a2ef4-4d64-4736-9237-f48613426a08">
      <Output>
        <StdOut>No requests.</StdOut>
      </Output>
    </UnitTestResult>
    <UnitTestResult executionId="548c2a22-fc40-43fe-9d36-71fba8c167dc" testId="b8bdf0a5-eda0-bb93-a74a-ab16a77c8989" testName="OrgRequests_AcceptButton_VisibleOnAllRequestCards" computerName="Bens-MacBook-Pro" duration="00:00:01.9043420" startTime="2026-08-18T16:58:23.3728900-05:00" endTime="2026-08-18T16:58:25.2772170-05:00" testType="13cdc9d9-ddb5-4fa4-a97d-d965ccfc6d4b" outcome="Passed" testListId="8c84fa94-04c1-424b-9868-57a2d4851a1d" relativeResultsDirectory="548c2a22-fc40-43fe-9d36-71fba8c167dc">
      <Output>
        <StdOut>No cards.</StdOut>
      </Output>
    </UnitTestResult>
    <UnitTestResult executionId="e83733b2-e03c-455c-bf03-8e74f7bf233c" testId="3055fbaa-670e-8f72-6ca8-9cdcf2c5c701" testName="Wizard_Step1_NextButtonRequiresFields" computerName="Bens-MacBook-Pro" duration="00:00:01.6895990" startTime="2026-08-18T16:46:09.8964470-05:00" endTime="2026-08-18T16:46:11.5860330-05:00" testType="13cdc9d9-ddb5-4fa4-a97d-d965ccfc6d4b" outcome="Passed" testListId="8c84fa94-04c1-424b-9868-57a2d4851a1d" relativeResultsDirectory="e83733b2-e03c-455c-bf03-8e74f7bf233c" />
    <UnitTestResult executionId="9c32e977-0d8d-4301-aa17-9246335696fd" testId="0855e2fb-5197-ebdd-8e16-f3aac3603b46" testName="OrgPublicHome_Header_RendersWithoutErrors" computerName="Bens-MacBook-Pro" duration="00:00:01.9044960" startTime="2026-08-18T16:56:21.8226760-05:00" endTime="2026-08-18T16:56:23.7271560-05:00" testType="13cdc9d9-ddb5-4fa4-a97d-d965ccfc6d4b" outcome="Passed" testListId="8c84fa94-04c1-424b-9868-57a2d4851a1d" relativeResultsDirectory="9c32e977-0d8d-4301-aa17-9246335696fd" />
    <UnitTestResult executionId="cf530d54-7cd5-4eda-98b2-74c903aebff7" testId="87b43cbd-efdf-ecdd-1607-62b8aa1624e1" testName="PublicRoute_Renders((http://localhost:5078/o/tgh, Tennessee Ghost Hunters))" computerName="Bens-MacBook-Pro" duration="00:00:00.9183320" startTime="2026-08-18T16:58:37.6097330-05:00" endTime="2026-08-18T16:58:38.5280580-05:00" testType="13cdc9d9-ddb5-4fa4-a97d-d965ccfc6d4b" outcome="Passed" testListId="8c84fa94-04c1-424b-9868-57a2d4851a1d" relativeResultsDirectory="cf530d54-7cd5-4eda-98b2-74c903aebff7" />
    <UnitTestResult executionId="d3bc56c9-a38a-4fcc-b267-5903b9b25419" testId="a56b9524-fa61-aa53-24c0-d4ff10f9c853" testName="List_AnonymousUser_SeesSignInPrompt" computerName="Bens-MacBook-Pro" duration="00:00:01.1407020" startTime="2026-08-18T16:46:56.0165320-05:00" endTime="2026-08-18T16:46:57.1572250-05:00" testType="13cdc9d9-ddb5-4fa4-a97d-d965ccfc6d4b" outcome="Passed" testListId="8c84fa94-04c1-424b-9868-57a2d4851a1d" relativeResultsDirectory="d3bc56c9-a38a-4fcc-b267-5903b9b25419" />
    <UnitTestResult executionId="22cc141f-c819-4ed1-92fc-7f4aca69298f" testId="7fd0a7fd-3d91-9ec3-65b4-47048f175dd1" testName="Search_NashvilleTn_ReturnsResults" computerName="Bens-MacBook-Pro" duration="00:00:30.9321050" startTime="2026-08-18T16:56:27.3329100-05:00" endTime="2026-08-18T16:56:58.2647640-05:00" testType="13cdc9d9-ddb5-4fa4-a97d-d965ccfc6d4b" outcome="Failed" testListId="8c84fa94-04c1-424b-9868-57a2d4851a1d" relativeResultsDirectory="22cc141f-c819-4ed1-92fc-7f4aca69298f">
      <Output>
        <ErrorInfo>
          <Message>System.TimeoutException : Timeout 30000ms exceeded.
Call log:
  - waiting for GetByRole(AriaRole.Button, new() { Name = "Find Groups" }).Or(GetByRole(AriaRole.Button, new() { Name = "Search" })).First
    - locator resolved to &lt;button disabled type="button" class="btn btn-primary"&gt;Search&lt;/button&gt;
  - attempting click action
    2 × waiting for element to be visible, enabled and stable
      - element is not enabled
    - retrying click action
    - waiting 20ms
    2 × waiting for element to be visible, enabled and stable
      - element is not enabled
    - retrying click action
      - waiting 100ms
    58 × waiting for element to be visible, enabled and stable
       - element is not enabled
     - retrying click action
       - waiting 500ms
Data:
  playwright.errorDetails: &lt;null&gt;
  playwright.log: System.String[]</Message>
          <StackTrace>   at Microsoft.Playwright.Transport.Connection.InnerSendMessageToServerAsync[T](ChannelOwner object, String method, Dictionary`2 dictionary, Boolean keepNulls, Nullable`1 timeout) in /_/src/Playwright/Transport/Connection.cs:line 229
   at Microsoft.Playwright.Transport.Connection.WrapApiCallAsync[T](Func`1 action, Boolean isInternal, String title) in /_/src/Playwright/Transport/Connection.cs:line 535
   at Ben.Web.Playwright.Tests.OrgSearchTests.Search_NashvilleTn_ReturnsResults() in /Users/ben/Source/Ben/Ben.Web.Playwright/Tests/OrgSearchTests.cs:line 49
   at NUnit.Framework.Internal.Commands.TestMethodCommand.Execute(TestExecutionContext context)
   at NUnit.Framework.Internal.Commands.BeforeAndAfterTestCommand.&lt;&gt;c__DisplayClass1_0.&lt;Execute&gt;b__0()
   at NUnit.Framework.Internal.Commands.DelegatingTestCommand.RunTestMethodInThreadAbortSafeZone(TestExecutionContext context, Action action)
1)    at Microsoft.Playwright.Transport.Connection.InnerSendMessageToServerAsync[T](ChannelOwner object, String method, Dictionary`2 dictionary, Boolean keepNulls, Nullable`1 timeout) in /_/src/Playwright/Transport/Connection.cs:line 229
   at Microsoft.Playwright.Transport.Connection.WrapApiCallAsync[T](Func`1 action, Boolean isInternal, String title) in /_/src/Playwright/Transport/Connection.cs:line 535
   at Ben.Web.Playwright.Tests.OrgSearchTests.Search_NashvilleTn_ReturnsResults() in /Users/ben/Source/Ben/Ben.Web.Playwright/Tests/OrgSearchTests.cs:line 49
   at NUnit.Framework.Internal.Commands.TestMethodCommand.Execute(TestExecutionContext context)
   at NUnit.Framework.Internal.Commands.BeforeAndAfterTestCommand.&lt;&gt;c__DisplayClass1_0.&lt;Execute&gt;b__0()
   at NUnit.Framework.Internal.Commands.DelegatingTestCommand.RunTestMethodInThreadAbortSafeZone(TestExecutionContext context, Action action)
</StackTrace>
        </ErrorInfo>
      </Output>
    </UnitTestResult>
    <UnitTestResult executionId="f4418265-fa82-4da1-9506-173f2cb63601" testId="ddedc6f5-c205-7764-d66a-d9012f45c84a" testName="MyCasesList_AnonymousRedirectsToLogin" computerName="Bens-MacBook-Pro" duration="00:00:00.8664570" startTime="2026-08-18T16:54:52.1774750-05:00" endTime="2026-08-18T16:54:53.0439250-05:00" testType="13cdc9d9-ddb5-4fa4-a97d-d965ccfc6d4b" outcome="Passed" testListId="8c84fa94-04c1-424b-9868-57a2d4851a1d" relativeResultsDirectory="f4418265-fa82-4da1-9506-173f2cb63601" />
    <UnitTestResult executionId="b61e18e5-1862-44a5-b8f4-9e40e69cd9f8" testId="ce2d9430-dfb3-0eea-66df-205e79bf34c3" testName="Search_RenderedOrgCard_HasViewGroupLink" computerName="Bens-MacBook-Pro" duration="00:00:30.9973870" startTime="2026-08-18T16:56:58.2647790-05:00" endTime="2026-08-18T16:57:29.2619150-05:00" testType="13cdc9d9-ddb5-4fa4-a97d-d965ccfc6d4b" outcome="Failed" testListId="8c84fa94-04c1-424b-9868-57a2d4851a1d" relativeResultsDirectory="b61e18e5-1862-44a5-b8f4-9e40e69cd9f8">
      <Output>
        <ErrorInfo>
          <Message>System.TimeoutException : Timeout 30000ms exceeded.
Call log:
  - waiting for GetByRole(AriaRole.Button, new() { Name = "Find Groups" }).Or(GetByRole(AriaRole.Button, new() { Name = "Search" })).First
    - locator resolved to &lt;button disabled type="button" class="btn btn-primary"&gt;Search&lt;/button&gt;
  - attempting click action
    2 × waiting for element to be visible, enabled and stable
      - element is not enabled
    - retrying click action
    - waiting 20ms
    2 × waiting for element to be visible, enabled and stable
      - element is not enabled
    - retrying click action
      - waiting 100ms
    58 × waiting for element to be visible, enabled and stable
       - element is not enabled
     - retrying click action
       - waiting 500ms
Data:
  playwright.errorDetails: &lt;null&gt;
  playwright.log: System.String[]</Message>
          <StackTrace>   at Microsoft.Playwright.Transport.Connection.InnerSendMessageToServerAsync[T](ChannelOwner object, String method, Dictionary`2 dictionary, Boolean keepNulls, Nullable`1 timeout) in /_/src/Playwright/Transport/Connection.cs:line 229
   at Microsoft.Playwright.Transport.Connection.WrapApiCallAsync[T](Func`1 action, Boolean isInternal, String title) in /_/src/Playwright/Transport/Connection.cs:line 535
   at Ben.Web.Playwright.Tests.OrgSearchTests.Search_RenderedOrgCard_HasViewGroupLink() in /Users/ben/Source/Ben/Ben.Web.Playwright/Tests/OrgSearchTests.cs:line 64
   at NUnit.Framework.Internal.Commands.TestMethodCommand.Execute(TestExecutionContext context)
   at NUnit.Framework.Internal.Commands.BeforeAndAfterTestCommand.&lt;&gt;c__DisplayClass1_0.&lt;Execute&gt;b__0()
   at NUnit.Framework.Internal.Commands.DelegatingTestCommand.RunTestMethodInThreadAbortSafeZone(TestExecutionContext context, Action action)
1)    at Microsoft.Playwright.Transport.Connection.InnerSendMessageToServerAsync[T](ChannelOwner object, String method, Dictionary`2 dictionary, Boolean keepNulls, Nullable`1 timeout) in /_/src/Playwright/Transport/Connection.cs:line 229
   at Microsoft.Playwright.Transport.Connection.WrapApiCallAsync[T](Func`1 action, Boolean isInternal, String title) in /_/src/Playwright/Transport/Connection.cs:line 535
   at Ben.Web.Playwright.Tests.OrgSearchTests.Search_RenderedOrgCard_HasViewGroupLink() in /Users/ben/Source/Ben/Ben.Web.Playwright/Tests/OrgSearchTests.cs:line 64
   at NUnit.Framework.Internal.Commands.TestMethodCommand.Execute(TestExecutionContext context)
   at NUnit.Framework.Internal.Commands.BeforeAndAfterTestCommand.&lt;&gt;c__DisplayClass1_0.&lt;Execute&gt;b__0()
   at NUnit.Framework.Internal.Commands.DelegatingTestCommand.RunTestMethodInThreadAbortSafeZone(TestExecutionContext context, Action action)
</StackTrace>
        </ErrorInfo>
      </Output>
    </UnitTestResult>
    <UnitTestResult executionId="7a10c3e0-55ee-42fe-a299-7d8f0091326c" testId="cb233eb4-82be-3554-3378-0a5511c200e5" testName="VideoEditorPage_Authenticated_ToolbarIsPresent" computerName="Bens-MacBook-Pro" duration="00:00:16.7088020" startTime="2026-08-18T16:59:43.0814150-05:00" endTime="2026-08-18T16:59:59.7900810-05:00" testType="13cdc9d9-ddb5-4fa4-a97d-d965ccfc6d4b" outcome="Failed" testListId="8c84fa94-04c1-424b-9868-57a2d4851a1d" relativeResultsDirectory="7a10c3e0-55ee-42fe-a299-7d8f0091326c">
      <Output>
        <ErrorInfo>
          <Message>Microsoft.Playwright.PlaywrightException : Locator expected to be visible
Error: element(s) not found 
Call log:
  - Expect "ToBeVisibleAsync" with timeout 15000ms
  - waiting for Locator(".bv-editor .bv-toolbar, .bv-editor [class*='toolbar']").First
Aria snapshot:
- banner:
  - link "IsHaunted.com":
    - /url: /
    - strong: Is
    - emphasis: Haunted
    - text: .com
  - button "Toggle Navigation Size":
    - img
  - button "Toggle Dark Mode"
  - button "Toggle Fullscreen"
  - button "Open Notifications": "11"
  - button "Open Profile Dropdown": SM
- complementary:
  - textbox "Filter menu":
    - /placeholder: Filter
  - navigation:
    - list:
      - listitem:
        - link "Home":
          - /url: /
      - listitem:
        - link "Request Investigation":
          - /url: /my-requests/new
      - listitem:
        - link "Join a Group":
          - /url: /find
      - listitem:
        - link "Equipment":
          - /url: /equipment-catalog
      - listitem:
        - link "Notifications":
          - /url: /notifications
      - listitem:
        - link "My Cases":
          - /url: /my-cases
      - listitem:
        - link "My Investigations":
          - /url: /my-investigations
      - listitem:
        - link "My Requests":
          - /url: /my-requests
      - listitem:
        - link "My Videos":
          - /url: /my-videos
      - listitem:
        - link "My Equipment":
          - /url: /my-equipment
      - listitem:
        - link "My Checkouts":
          - /url: /my-checkouts
      - listitem:
        - link "Gear Questions":
          - /url: /my-equipment/questions
      - listitem:
        - link "Organizations 11":
          - /url: /organizations
      - listitem:
        - link "Upload Files":
          - /url: /upload-files
      - listitem:
        - link "Media Library":
          - /url: /media-library
- main:
  - paragraph: You must be signed in to use the video editor.
  - text: IsHaunted.com © 2026
  - link "Help":
    - /url: /help
  - link "Contact":
    - /url: /contact</Message>
          <StackTrace>   at Microsoft.Playwright.Core.AssertionsBase.ExpectImplAsync(String expression, FrameExpectOptions expectOptions, Object expected, String message, String title) in /_/src/Playwright/Core/AssertionsBase.cs:line 95
   at Microsoft.Playwright.Core.AssertionsBase.ExpectImplAsync(String expression, ExpectedTextValue[] expectedText, Object expected, String message, String title, FrameExpectOptions options) in /_/src/Playwright/Core/AssertionsBase.cs:line 69
   at Ben.Web.Playwright.Tests.VideoEditorTests.VideoEditorPage_Authenticated_ToolbarIsPresent() in /Users/ben/Source/Ben/Ben.Web.Playwright/Tests/VideoEditorTests.cs:line 100
   at NUnit.Framework.Internal.Commands.TestMethodCommand.Execute(TestExecutionContext context)
   at NUnit.Framework.Internal.Commands.BeforeAndAfterTestCommand.&lt;&gt;c__DisplayClass1_0.&lt;Execute&gt;b__0()
   at NUnit.Framework.Internal.Commands.DelegatingTestCommand.RunTestMethodInThreadAbortSafeZone(TestExecutionContext context, Action action)
1)    at Microsoft.Playwright.Core.AssertionsBase.ExpectImplAsync(String expression, FrameExpectOptions expectOptions, Object expected, String message, String title) in /_/src/Playwright/Core/AssertionsBase.cs:line 95
   at Microsoft.Playwright.Core.AssertionsBase.ExpectImplAsync(String expression, ExpectedTextValue[] expectedText, Object expected, String message, String title, FrameExpectOptions options) in /_/src/Playwright/Core/AssertionsBase.cs:line 69
   at Ben.Web.Playwright.Tests.VideoEditorTests.VideoEditorPage_Authenticated_ToolbarIsPresent() in /Users/ben/Source/Ben/Ben.Web.Playwright/Tests/VideoEditorTests.cs:line 100
   at NUnit.Framework.Internal.Commands.TestMethodCommand.Execute(TestExecutionContext context)
   at NUnit.Framework.Internal.Commands.BeforeAndAfterTestCommand.&lt;&gt;c__DisplayClass1_0.&lt;Execute&gt;b__0()
   at NUnit.Framework.Internal.Commands.DelegatingTestCommand.RunTestMethodInThreadAbortSafeZone(TestExecutionContext context, Action action)
</StackTrace>
        </ErrorInfo>
      </Output>
    </UnitTestResult>
    <UnitTestResult executionId="954c2a4f-64f6-4f8f-bfc4-790c2ab87ff9" testId="3ccae187-25be-f329-4bb5-9e6468b0fb1c" testName="AdminRoles_RendersSuperAdminRole" computerName="Bens-MacBook-Pro" duration="00:00:01.7957290" startTime="2026-08-18T16:43:03.1191910-05:00" endTime="2026-08-18T16:43:04.9147280-05:00" testType="13cdc9d9-ddb5-4fa4-a97d-d965ccfc6d4b" outcome="Passed" testListId="8c84fa94-04c1-424b-9868-57a2d4851a1d" relativeResultsDirectory="954c2a4f-64f6-4f8f-bfc4-790c2ab87ff9" />
    <UnitTestResult executionId="927270a4-e035-47f2-ac68-dabcee1d57c4" testId="ae8f716e-8554-0e0b-b492-79dd07712d64" testName="RequestDetail_SubmittedToSection_AppearsWhenOrgsExist" computerName="Bens-MacBook-Pro" duration="00:00:01.7045810" startTime="2026-08-18T16:46:06.5653490-05:00" endTime="2026-08-18T16:46:08.2699160-05:00" testType="13cdc9d9-ddb5-4fa4-a97d-d965ccfc6d4b" outcome="Passed" testListId="8c84fa94-04c1-424b-9868-57a2d4851a1d" relativeResultsDirectory="927270a4-e035-47f2-ac68-dabcee1d57c4">
      <Output>
        <StdOut>No requests.</StdOut>
      </Output>
    </UnitTestResult>
    <UnitTestResult executionId="37bfac52-a311-4ca4-940c-1ab7c7c01094" testId="08d12e90-c3bc-48b5-ccd8-3ea67c029075" testName="Events_AreLabelledApproximate" computerName="Bens-MacBook-Pro" duration="00:00:01.0671409" startTime="2026-08-18T16:55:14.2230230-05:00" endTime="2026-08-18T16:55:15.2901550-05:00" testType="13cdc9d9-ddb5-4fa4-a97d-d965ccfc6d4b" outcome="Passed" testListId="8c84fa94-04c1-424b-9868-57a2d4851a1d" relativeResultsDirectory="37bfac52-a311-4ca4-940c-1ab7c7c01094" />
    <UnitTestResult executionId="17ac3405-fe2d-4743-93f5-79f3eff38022" testId="7b9de3d0-1902-2d14-6ab0-4a6d115a0f23" testName="OrgPublicHome_ContactRow_ShowsWhenFieldsSet" computerName="Bens-MacBook-Pro" duration="00:00:00.9084330" startTime="2026-08-18T16:56:20.9142270-05:00" endTime="2026-08-18T16:56:21.8226530-05:00" testType="13cdc9d9-ddb5-4fa4-a97d-d965ccfc6d4b" outcome="Passed" testListId="8c84fa94-04c1-424b-9868-57a2d4851a1d" relativeResultsDirectory="17ac3405-fe2d-4743-93f5-79f3eff38022" />
    <UnitTestResult executionId="7516bb55-1b20-48fb-9ca5-412592a1746f" testId="0a268197-7f1f-cc37-158b-784518c5d2e0" testName="VideoEditorPage_Authenticated_FfmpegStatusElementExists" computerName="Bens-MacBook-Pro" duration="00:00:01.6837530" startTime="2026-08-18T16:59:03.1100430-05:00" endTime="2026-08-18T16:59:04.7937820-05:00" testType="13cdc9d9-ddb5-4fa4-a97d-d965ccfc6d4b" outcome="Passed" testListId="8c84fa94-04c1-424b-9868-57a2d4851a1d" relativeResultsDirectory="7516bb55-1b20-48fb-9ca5-412592a1746f">
      <Output>
        <StdOut>ffmpeg status element not present yet — editor still initialising.</StdOut>
      </Output>
    </UnitTestResult>
    <UnitTestResult executionId="5c78edac-af3b-4c29-8150-7b54f8762014" testId="3bc90b12-cf30-516f-a21e-a1daf6175d52" testName="MyCaseDetail_CaseManager_ShownWhenAssigned" computerName="Bens-MacBook-Pro" duration="00:00:01.6359830" startTime="2026-08-18T16:58:18.4529020-05:00" endTime="2026-08-18T16:58:20.0888730-05:00" testType="13cdc9d9-ddb5-4fa4-a97d-d965ccfc6d4b" outcome="Passed" testListId="8c84fa94-04c1-424b-9868-57a2d4851a1d" relativeResultsDirectory="5c78edac-af3b-4c29-8150-7b54f8762014" />
    <UnitTestResult executionId="beb13623-c3bf-4753-944e-c79ec8073f18" testId="34cc2938-77f8-c126-d29f-67febf5ffcfe" testName="EditCaseDialog_CaseManagerDropdown_HasOrgMembers" computerName="Bens-MacBook-Pro" duration="00:00:09.7476090" startTime="2026-08-18T16:43:59.6580010-05:00" endTime="2026-08-18T16:44:09.4055110-05:00" testType="13cdc9d9-ddb5-4fa4-a97d-d965ccfc6d4b" outcome="Failed" testListId="8c84fa94-04c1-424b-9868-57a2d4851a1d" relativeResultsDirectory="beb13623-c3bf-4753-944e-c79ec8073f18">
      <Output>
        <ErrorInfo>
          <Message>Microsoft.Playwright.PlaywrightException : Locator expected to be visible
Error: element(s) not found 
Call log:
  - Expect "ToBeVisibleAsync" with timeout 8000ms
  - waiting for GetByText("Park").First
Aria snapshot:
- banner:
  - link "IsHaunted.com":
    - /url: /
    - strong: Is
    - emphasis: Haunted
    - text: .com
  - button "Toggle Navigation Size":
    - img
  - button "Toggle Dark Mode"
  - button "Toggle Fullscreen"
  - button "Open Notifications": "9"
  - button "Open Profile Dropdown": SM
- complementary:
  - textbox "Filter menu":
    - /placeholder: Filter
  - navigation:
    - list:
      - listitem:
        - link "Home":
          - /url: /
      - listitem:
        - link "Request Investigation":
          - /url: /my-requests/new
      - listitem:
        - link "Join a Group":
          - /url: /find
      - listitem:
        - link "Equipment":
          - /url: /equipment-catalog
      - listitem:
        - link "Notifications":
          - /url: /notifications
      - listitem:
        - link "My Cases":
          - /url: /my-cases
      - listitem:
        - link "My Investigations":
          - /url: /my-investigations
      - listitem:
        - link "My Requests":
          - /url: /my-requests
      - listitem:
        - link "My Videos":
          - /url: /my-videos
      - listitem:
        - link "My Equipment":
          - /url: /my-equipment
      - listitem:
        - link "My Checkouts":
          - /url: /my-checkouts
      - listitem:
        - link "Gear Questions":
          - /url: /my-equipment/questions
      - listitem:
        - link "Organizations 9":
          - /url: /organizations
      - listitem:
        - link "Upload Files":
          - /url: /upload-files
      - listitem:
        - link "Media Library":
          - /url: /media-library
- main:
  - heading "My Cases" [level=3]
  - paragraph: You have no active cases.
  - paragraph: Cases appear here after an investigation group accepts your request.
  - link "View My Requests":
    - /url: /my-requests
  - text: IsHaunted.com © 2026
  - link "Help":
    - /url: /help
  - link "Contact":
    - /url: /contact</Message>
          <StackTrace>   at Microsoft.Playwright.Core.AssertionsBase.ExpectImplAsync(String expression, FrameExpectOptions expectOptions, Object expected, String message, String title) in /_/src/Playwright/Core/AssertionsBase.cs:line 95
   at Microsoft.Playwright.Core.AssertionsBase.ExpectImplAsync(String expression, ExpectedTextValue[] expectedText, Object expected, String message, String title, FrameExpectOptions options) in /_/src/Playwright/Core/AssertionsBase.cs:line 69
   at Ben.Web.Playwright.Tests.CaseManagerAssignmentTests.NavigateToTghCaseDetail() in /Users/ben/Source/Ben/Ben.Web.Playwright/Tests/CaseManagerAssignmentTests.cs:line 33
   at Ben.Web.Playwright.Tests.CaseManagerAssignmentTests.EditCaseDialog_CaseManagerDropdown_HasOrgMembers() in /Users/ben/Source/Ben/Ben.Web.Playwright/Tests/CaseManagerAssignmentTests.cs:line 107
   at NUnit.Framework.Internal.AsyncToSyncAdapter.Await(TestExecutionContext context, Func`1 invoke)
   at NUnit.Framework.Internal.Commands.TestMethodCommand.RunTestMethod(TestExecutionContext context)
   at NUnit.Framework.Internal.Commands.TestMethodCommand.Execute(TestExecutionContext context)
   at NUnit.Framework.Internal.Commands.BeforeAndAfterTestCommand.&lt;&gt;c__DisplayClass1_0.&lt;Execute&gt;b__0()
   at NUnit.Framework.Internal.Commands.DelegatingTestCommand.RunTestMethodInThreadAbortSafeZone(TestExecutionContext context, Action action)
1)    at Microsoft.Playwright.Core.AssertionsBase.ExpectImplAsync(String expression, FrameExpectOptions expectOptions, Object expected, String message, String title) in /_/src/Playwright/Core/AssertionsBase.cs:line 95
   at Microsoft.Playwright.Core.AssertionsBase.ExpectImplAsync(String expression, ExpectedTextValue[] expectedText, Object expected, String message, String title, FrameExpectOptions options) in /_/src/Playwright/Core/AssertionsBase.cs:line 69
   at Ben.Web.Playwright.Tests.CaseManagerAssignmentTests.NavigateToTghCaseDetail() in /Users/ben/Source/Ben/Ben.Web.Playwright/Tests/CaseManagerAssignmentTests.cs:line 33
   at Ben.Web.Playwright.Tests.CaseManagerAssignmentTests.EditCaseDialog_CaseManagerDropdown_HasOrgMembers() in /Users/ben/Source/Ben/Ben.Web.Playwright/Tests/CaseManagerAssignmentTests.cs:line 107
   at NUnit.Framework.Internal.AsyncToSyncAdapter.Await(TestExecutionContext context, Func`1 invoke)
   at NUnit.Framework.Internal.Commands.TestMethodCommand.RunTestMethod(TestExecutionContext context)
   at NUnit.Framework.Internal.Commands.TestMethodCommand.Execute(TestExecutionContext context)
   at NUnit.Framework.Internal.Commands.BeforeAndAfterTestCommand.&lt;&gt;c__DisplayClass1_0.&lt;Execute&gt;b__0()
   at NUnit.Framework.Internal.Commands.DelegatingTestCommand.RunTestMethodInThreadAbortSafeZone(TestExecutionContext context, Action action)
</StackTrace>
        </ErrorInfo>
      </Output>
    </UnitTestResult>
    <UnitTestResult executionId="98abb5f7-befe-4701-af05-cb292fbde021" testId="d1f08f61-8171-9259-f62f-763d6fe9366a" testName="OrgView_MessagesTab_Renders" computerName="Bens-MacBook-Pro" duration="00:00:01.6375510" startTime="2026-08-18T16:56:09.9874980-05:00" endTime="2026-08-18T16:56:11.6250350-05:00" testType="13cdc9d9-ddb5-4fa4-a97d-d965ccfc6d4b" outcome="Passed" testListId="8c84fa94-04c1-424b-9868-57a2d4851a1d" relativeResultsDirectory="98abb5f7-befe-4701-af05-cb292fbde021">
      <Output>
        <StdOut>Messages tab not visible for this user role.</StdOut>
      </Output>
    </UnitTestResult>
    <UnitTestResult executionId="38afee40-6e61-48d2-807a-195f95f44b78" testId="6c5ab6cb-9ff4-0d25-9ec0-c7325ad23852" testName="RequestList_PageRendersAfterLogin" computerName="Bens-MacBook-Pro" duration="00:00:01.6082030" startTime="2026-08-18T16:46:24.2375250-05:00" endTime="2026-08-18T16:46:25.8457150-05:00" testType="13cdc9d9-ddb5-4fa4-a97d-d965ccfc6d4b" outcome="Passed" testListId="8c84fa94-04c1-424b-9868-57a2d4851a1d" relativeResultsDirectory="38afee40-6e61-48d2-807a-195f95f44b78" />
    <UnitTestResult executionId="2c7e9f46-da9b-4f96-acb6-a0e492662b8c" testId="20aef324-e2ca-64cd-8bcd-c6a49a6435a7" testName="NavDrawer_ToggleOpensAndCloses" computerName="Bens-MacBook-Pro" duration="00:00:01.0204430" startTime="2026-08-18T16:55:09.2685100-05:00" endTime="2026-08-18T16:55:10.2889440-05:00" testType="13cdc9d9-ddb5-4fa4-a97d-d965ccfc6d4b" outcome="Passed" testListId="8c84fa94-04c1-424b-9868-57a2d4851a1d" relativeResultsDirectory="2c7e9f46-da9b-4f96-acb6-a0e492662b8c">
      <Output>
        <StdOut>No togglable menu found — drawer may be permanently open at this viewport.</StdOut>
      </Output>
    </UnitTestResult>
    <UnitTestResult executionId="a50ffe5b-a98a-408e-98a6-be2eed236a84" testId="cae4a5ef-2ceb-ecc0-066d-052e2c600fcb" testName="AdminLookupTypes_PageRenders" computerName="Bens-MacBook-Pro" duration="00:00:01.8110970" startTime="2026-08-18T16:43:01.3082850-05:00" endTime="2026-08-18T16:43:03.1191660-05:00" testType="13cdc9d9-ddb5-4fa4-a97d-d965ccfc6d4b" outcome="Passed" testListId="8c84fa94-04c1-424b-9868-57a2d4851a1d" relativeResultsDirectory="a50ffe5b-a98a-408e-98a6-be2eed236a84" />
    <UnitTestResult executionId="22f23788-00f2-4f8b-9971-3a5267780eb2" testId="a05c3bd0-d2ee-5fc0-e587-a3185a58c9de" testName="Map_PopupTitle_IsNotEmpty" computerName="Bens-MacBook-Pro" duration="00:00:31.1720400" startTime="2026-08-18T16:48:06.3238700-05:00" endTime="2026-08-18T16:48:37.4956570-05:00" testType="13cdc9d9-ddb5-4fa4-a97d-d965ccfc6d4b" outcome="Failed" testListId="8c84fa94-04c1-424b-9868-57a2d4851a1d" relativeResultsDirectory="22f23788-00f2-4f8b-9971-3a5267780eb2">
      <Output>
        <ErrorInfo>
          <Message>System.TimeoutException : Timeout 30000ms exceeded.
Call log:
  - waiting for Locator(".case-map-single, .case-map-cluster").First
    - locator resolved to &lt;span title="3 cases here" class="case-map-cluster" onclick="caseMapMarkerClick(0)"&gt;3&lt;/span&gt;
  - attempting click action
    2 × waiting for element to be visible, enabled and stable
      - element is visible, enabled and stable
      - scrolling into view if needed
      - done scrolling
      - &lt;span class="case-map-single" onclick="caseMapMarkerClick(2)" title="Abandoned Springfield Farmhouse"&gt;\ud83d\udc7b&lt;/span&gt; from &lt;span class=" k-marker" title="Abandoned Springfield Farmhouse"&gt;…&lt;/span&gt; subtree intercepts pointer events
    - retrying click action
    - waiting 20ms
    2 × waiting for element to be visible, enabled and stable
      - element is visible, enabled and stable
      - scrolling into view if needed
      - done scrolling
      - &lt;span class="case-map-single" onclick="caseMapMarkerClick(2)" title="Abandoned Springfield Farmhouse"&gt;\ud83d\udc7b&lt;/span&gt; from &lt;span class=" k-marker" title="Abandoned Springfield Farmhouse"&gt;…&lt;/span&gt; subtree intercepts pointer events
    - retrying click action
      - waiting 100ms
    58 × waiting for element to be visible, enabled and stable
       - element is visible, enabled and stable
       - scrolling into view if needed
       - done scrolling
       - &lt;span class="case-map-single" onclick="caseMapMarkerClick(2)" title="Abandoned Springfield Farmhouse"&gt;\ud83d\udc7b&lt;/span&gt; from &lt;span class=" k-marker" title="Abandoned Springfield Farmhouse"&gt;…&lt;/span&gt; subtree intercepts pointer events
     - retrying click action
       - waiting 500ms
Data:
  playwright.errorDetails: &lt;null&gt;
  playwright.log: System.String[]</Message>
          <StackTrace>   at Microsoft.Playwright.Transport.Connection.InnerSendMessageToServerAsync[T](ChannelOwner object, String method, Dictionary`2 dictionary, Boolean keepNulls, Nullable`1 timeout) in /_/src/Playwright/Transport/Connection.cs:line 229
   at Microsoft.Playwright.Transport.Connection.WrapApiCallAsync[T](Func`1 action, Boolean isInternal, String title) in /_/src/Playwright/Transport/Connection.cs:line 535
   at Ben.Web.Playwright.Tests.HomeMapTests.Map_PopupTitle_IsNotEmpty() in /Users/ben/Source/Ben/Ben.Web.Playwright/Tests/HomeMapTests.cs:line 143
   at NUnit.Framework.Internal.Commands.TestMethodCommand.Execute(TestExecutionContext context)
   at NUnit.Framework.Internal.Commands.BeforeAndAfterTestCommand.&lt;&gt;c__DisplayClass1_0.&lt;Execute&gt;b__0()
   at NUnit.Framework.Internal.Commands.DelegatingTestCommand.RunTestMethodInThreadAbortSafeZone(TestExecutionContext context, Action action)
1)    at Microsoft.Playwright.Transport.Connection.InnerSendMessageToServerAsync[T](ChannelOwner object, String method, Dictionary`2 dictionary, Boolean keepNulls, Nullable`1 timeout) in /_/src/Playwright/Transport/Connection.cs:line 229
   at Microsoft.Playwright.Transport.Connection.WrapApiCallAsync[T](Func`1 action, Boolean isInternal, String title) in /_/src/Playwright/Transport/Connection.cs:line 535
   at Ben.Web.Playwright.Tests.HomeMapTests.Map_PopupTitle_IsNotEmpty() in /Users/ben/Source/Ben/Ben.Web.Playwright/Tests/HomeMapTests.cs:line 143
   at NUnit.Framework.Internal.Commands.TestMethodCommand.Execute(TestExecutionContext context)
   at NUnit.Framework.Internal.Commands.BeforeAndAfterTestCommand.&lt;&gt;c__DisplayClass1_0.&lt;Execute&gt;b__0()
   at NUnit.Framework.Internal.Commands.DelegatingTestCommand.RunTestMethodInThreadAbortSafeZone(TestExecutionContext context, Action action)
</StackTrace>
        </ErrorInfo>
      </Output>
    </UnitTestResult>
    <UnitTestResult executionId="bd01c06d-8c81-445d-95cd-082791a180bb" testId="c6859d54-247f-1bf3-ff64-df27d658cadd" testName="ForAnonymousUser_SignInPromptIsShown" computerName="Bens-MacBook-Pro" duration="00:00:01.0260800" startTime="2026-08-18T16:48:45.3656690-05:00" endTime="2026-08-18T16:48:46.3917410-05:00" testType="13cdc9d9-ddb5-4fa4-a97d-d965ccfc6d4b" outcome="Passed" testListId="8c84fa94-04c1-424b-9868-57a2d4851a1d" relativeResultsDirectory="bd01c06d-8c81-445d-95cd-082791a180bb" />
    <UnitTestResult executionId="4cf14b35-f644-477d-b973-ebd09236cb2e" testId="eef868bd-1e75-ce57-7dbc-f6e919994e49" testName="NotesTab_IsVisibleOnCaseDetail" computerName="Bens-MacBook-Pro" duration="00:00:01.8991110" startTime="2026-08-18T16:45:30.4375710-05:00" endTime="2026-08-18T16:45:32.3366660-05:00" testType="13cdc9d9-ddb5-4fa4-a97d-d965ccfc6d4b" outcome="Passed" testListId="8c84fa94-04c1-424b-9868-57a2d4851a1d" relativeResultsDirectory="4cf14b35-f644-477d-b973-ebd09236cb2e">
      <Output>
        <StdOut>No cases found.</StdOut>
      </Output>
    </UnitTestResult>
    <UnitTestResult executionId="8e4ab6a9-288c-4fbd-bf5b-3dbcfebd1e8f" testId="d40af2f0-8f97-7f42-885b-2dc1f859e127" testName="Page_HasScopeFilterChips" computerName="Bens-MacBook-Pro" duration="00:00:31.1453370" startTime="2026-08-18T16:52:16.3249340-05:00" endTime="2026-08-18T16:52:47.4700190-05:00" testType="13cdc9d9-ddb5-4fa4-a97d-d965ccfc6d4b" outcome="Failed" testListId="8c84fa94-04c1-424b-9868-57a2d4851a1d" relativeResultsDirectory="8e4ab6a9-288c-4fbd-bf5b-3dbcfebd1e8f">
      <Output>
        <ErrorInfo>
          <Message>System.TimeoutException : Timeout 30000ms exceeded.
Call log:
  - waiting for GetByRole(AriaRole.Menuitem, new() { Name = "Media Library", Exact = true })
Data:
  playwright.errorDetails: &lt;null&gt;
  playwright.log: System.String[]</Message>
          <StackTrace>   at Microsoft.Playwright.Transport.Connection.InnerSendMessageToServerAsync[T](ChannelOwner object, String method, Dictionary`2 dictionary, Boolean keepNulls, Nullable`1 timeout) in /_/src/Playwright/Transport/Connection.cs:line 229
   at Microsoft.Playwright.Transport.Connection.WrapApiCallAsync[T](Func`1 action, Boolean isInternal, String title) in /_/src/Playwright/Transport/Connection.cs:line 535
   at Ben.Web.Playwright.Tests.MediaLibraryTests.NavigateToMediaLibraryAsync() in /Users/ben/Source/Ben/Ben.Web.Playwright/Tests/MediaLibraryTests.cs:line 28
   at Ben.Web.Playwright.Tests.MediaLibraryTests.Page_HasScopeFilterChips() in /Users/ben/Source/Ben/Ben.Web.Playwright/Tests/MediaLibraryTests.cs:line 67
   at NUnit.Framework.Internal.Commands.TestMethodCommand.Execute(TestExecutionContext context)
   at NUnit.Framework.Internal.Commands.BeforeAndAfterTestCommand.&lt;&gt;c__DisplayClass1_0.&lt;Execute&gt;b__0()
   at NUnit.Framework.Internal.Commands.DelegatingTestCommand.RunTestMethodInThreadAbortSafeZone(TestExecutionContext context, Action action)
1)    at Microsoft.Playwright.Transport.Connection.InnerSendMessageToServerAsync[T](ChannelOwner object, String method, Dictionary`2 dictionary, Boolean keepNulls, Nullable`1 timeout) in /_/src/Playwright/Transport/Connection.cs:line 229
   at Microsoft.Playwright.Transport.Connection.WrapApiCallAsync[T](Func`1 action, Boolean isInternal, String title) in /_/src/Playwright/Transport/Connection.cs:line 535
   at Ben.Web.Playwright.Tests.MediaLibraryTests.NavigateToMediaLibraryAsync() in /Users/ben/Source/Ben/Ben.Web.Playwright/Tests/MediaLibraryTests.cs:line 28
   at Ben.Web.Playwright.Tests.MediaLibraryTests.Page_HasScopeFilterChips() in /Users/ben/Source/Ben/Ben.Web.Playwright/Tests/MediaLibraryTests.cs:line 67
   at NUnit.Framework.Internal.Commands.TestMethodCommand.Execute(TestExecutionContext context)
   at NUnit.Framework.Internal.Commands.BeforeAndAfterTestCommand.&lt;&gt;c__DisplayClass1_0.&lt;Execute&gt;b__0()
   at NUnit.Framework.Internal.Commands.DelegatingTestCommand.RunTestMethodInThreadAbortSafeZone(TestExecutionContext context, Action action)
</StackTrace>
        </ErrorInfo>
      </Output>
    </UnitTestResult>
    <UnitTestResult executionId="9fceafb1-2b1d-4e1e-a6db-2f10d6e91331" testId="a53d7d7b-c3fa-224c-d18e-82130f68e4c3" testName="OrgView_RequestsTab_RendersContent" computerName="Bens-MacBook-Pro" duration="00:00:01.9024060" startTime="2026-08-18T16:45:57.8016490-05:00" endTime="2026-08-18T16:45:59.7040390-05:00" testType="13cdc9d9-ddb5-4fa4-a97d-d965ccfc6d4b" outcome="Passed" testListId="8c84fa94-04c1-424b-9868-57a2d4851a1d" relativeResultsDirectory="9fceafb1-2b1d-4e1e-a6db-2f10d6e91331" />
    <UnitTestResult executionId="4c51f057-0251-46c3-b20b-530be54d9944" testId="0bb6d744-8cd6-ae5e-67da-4bea517c58e3" testName="NotesTab_HasNewNoteButton" computerName="Bens-MacBook-Pro" duration="00:00:01.7088790" startTime="2026-08-18T16:45:28.7286760-05:00" endTime="2026-08-18T16:45:30.4375410-05:00" testType="13cdc9d9-ddb5-4fa4-a97d-d965ccfc6d4b" outcome="Passed" testListId="8c84fa94-04c1-424b-9868-57a2d4851a1d" relativeResultsDirectory="4c51f057-0251-46c3-b20b-530be54d9944">
      <Output>
        <StdOut>No cases found.</StdOut>
      </Output>
    </UnitTestResult>
    <UnitTestResult executionId="0e8a39e6-7951-4182-8f7d-d664003efe83" testId="b55abbbd-7c55-44a7-64df-898c11178bdb" testName="AdminAuditLog_PageRenders" computerName="Bens-MacBook-Pro" duration="00:00:02.1006190" startTime="2026-08-18T16:42:53.8632580-05:00" endTime="2026-08-18T16:42:55.9634670-05:00" testType="13cdc9d9-ddb5-4fa4-a97d-d965ccfc6d4b" outcome="Passed" testListId="8c84fa94-04c1-424b-9868-57a2d4851a1d" relativeResultsDirectory="0e8a39e6-7951-4182-8f7d-d664003efe83" />
    <UnitTestResult executionId="443eea16-0b36-47e6-8307-14cf59961ee9" testId="3b8fc36c-7999-6cdc-91a1-04de5598f750" testName="OrgRequests_ClickCard_ExpandsDescription" computerName="Bens-MacBook-Pro" duration="00:00:01.7582710" startTime="2026-08-18T16:58:27.1942220-05:00" endTime="2026-08-18T16:58:28.9524790-05:00" testType="13cdc9d9-ddb5-4fa4-a97d-d965ccfc6d4b" outcome="Passed" testListId="8c84fa94-04c1-424b-9868-57a2d4851a1d" relativeResultsDirectory="443eea16-0b36-47e6-8307-14cf59961ee9">
      <Output>
        <StdOut>No request cards.</StdOut>
      </Output>
    </UnitTestResult>
    <UnitTestResult executionId="8b7f8e35-3b1a-4670-8286-1a2ebca1c91d" testId="29d4b23a-2d9f-721e-a61f-bdad372a542e" testName="SearchButton_IsEnabledAfterInput" computerName="Bens-MacBook-Pro" duration="00:00:03.9244850" startTime="2026-08-18T16:58:01.2875690-05:00" endTime="2026-08-18T16:58:05.2120220-05:00" testType="13cdc9d9-ddb5-4fa4-a97d-d965ccfc6d4b" outcome="Failed" testListId="8c84fa94-04c1-424b-9868-57a2d4851a1d" relativeResultsDirectory="8b7f8e35-3b1a-4670-8286-1a2ebca1c91d">
      <Output>
        <ErrorInfo>
          <Message>Microsoft.Playwright.PlaywrightException : Locator expected to be enabled 
Call log:
  - Expect "ToBeEnabledAsync" with timeout 3000ms
  - waiting for GetByRole(AriaRole.Button, new() { Name = "Find Groups" }).Or(GetByRole(AriaRole.Button, new() { Name = "Search" })).First
    10 × locator resolved to &lt;button disabled type="button" class="btn btn-primary"&gt;Search&lt;/button&gt;
       - unexpected value "disabled"
Aria snapshot:
- button "Search" [disabled]</Message>
          <StackTrace>   at Microsoft.Playwright.Core.AssertionsBase.ExpectImplAsync(String expression, FrameExpectOptions expectOptions, Object expected, String message, String title) in /_/src/Playwright/Core/AssertionsBase.cs:line 95
   at Microsoft.Playwright.Core.AssertionsBase.ExpectImplAsync(String expression, ExpectedTextValue[] expectedText, Object expected, String message, String title, FrameExpectOptions options) in /_/src/Playwright/Core/AssertionsBase.cs:line 69
   at Ben.Web.Playwright.Tests.OrgSearchTests.SearchButton_IsEnabledAfterInput() in /Users/ben/Source/Ben/Ben.Web.Playwright/Tests/OrgSearchTests.cs:line 38
   at NUnit.Framework.Internal.Commands.TestMethodCommand.Execute(TestExecutionContext context)
   at NUnit.Framework.Internal.Commands.BeforeAndAfterTestCommand.&lt;&gt;c__DisplayClass1_0.&lt;Execute&gt;b__0()
   at NUnit.Framework.Internal.Commands.DelegatingTestCommand.RunTestMethodInThreadAbortSafeZone(TestExecutionContext context, Action action)
1)    at Microsoft.Playwright.Core.AssertionsBase.ExpectImplAsync(String expression, FrameExpectOptions expectOptions, Object expected, String message, String title) in /_/src/Playwright/Core/AssertionsBase.cs:line 95
   at Microsoft.Playwright.Core.AssertionsBase.ExpectImplAsync(String expression, ExpectedTextValue[] expectedText, Object expected, String message, String title, FrameExpectOptions options) in /_/src/Playwright/Core/AssertionsBase.cs:line 69
   at Ben.Web.Playwright.Tests.OrgSearchTests.SearchButton_IsEnabledAfterInput() in /Users/ben/Source/Ben/Ben.Web.Playwright/Tests/OrgSearchTests.cs:line 38
   at NUnit.Framework.Internal.Commands.TestMethodCommand.Execute(TestExecutionContext context)
   at NUnit.Framework.Internal.Commands.BeforeAndAfterTestCommand.&lt;&gt;c__DisplayClass1_0.&lt;Execute&gt;b__0()
   at NUnit.Framework.Internal.Commands.DelegatingTestCommand.RunTestMethodInThreadAbortSafeZone(TestExecutionContext context, Action action)
</StackTrace>
        </ErrorInfo>
      </Output>
    </UnitTestResult>
    <UnitTestResult executionId="af93f801-0dc8-41db-bce5-8e280ee90734" testId="87c78370-2caa-e221-4d51-033daf6875a0" testName="OrgRequests_Cards_ShowStatusBadge" computerName="Bens-MacBook-Pro" duration="00:00:01.9168840" startTime="2026-08-18T16:58:25.2773040-05:00" endTime="2026-08-18T16:58:27.1941720-05:00" testType="13cdc9d9-ddb5-4fa4-a97d-d965ccfc6d4b" outcome="Passed" testListId="8c84fa94-04c1-424b-9868-57a2d4851a1d" relativeResultsDirectory="af93f801-0dc8-41db-bce5-8e280ee90734">
      <Output>
        <StdOut>No pending requests found — DevelopmentDataSeeder may not have run.</StdOut>
      </Output>
    </UnitTestResult>
    <UnitTestResult executionId="269a86d9-277e-4a59-819f-32abdf206dc3" testId="3d7d25b4-2388-559a-c65b-669036337b7d" testName="Wizard_AnonymousRedirectsToLogin" computerName="Bens-MacBook-Pro" duration="00:00:02.6657170" startTime="2026-08-18T16:46:25.8457940-05:00" endTime="2026-08-18T16:46:28.5114900-05:00" testType="13cdc9d9-ddb5-4fa4-a97d-d965ccfc6d4b" outcome="Passed" testListId="8c84fa94-04c1-424b-9868-57a2d4851a1d" relativeResultsDirectory="269a86d9-277e-4a59-819f-32abdf206dc3" />
    <UnitTestResult executionId="99169c2e-b324-4a21-8e3e-7ae68e07f7f4" testId="105f2922-daa2-6dad-2bac-d7515b768404" testName="ClientCaseDetail_MessagesPanel_ShowsSeededOrgMessages" computerName="Bens-MacBook-Pro" duration="00:00:13.7384800" startTime="2026-08-18T16:44:43.6982150-05:00" endTime="2026-08-18T16:44:57.4365820-05:00" testType="13cdc9d9-ddb5-4fa4-a97d-d965ccfc6d4b" outcome="Failed" testListId="8c84fa94-04c1-424b-9868-57a2d4851a1d" relativeResultsDirectory="99169c2e-b324-4a21-8e3e-7ae68e07f7f4">
      <Output>
        <ErrorInfo>
          <Message>Microsoft.Playwright.PlaywrightException : Locator expected to be visible
Error: element(s) not found 
Call log:
  - Expect "ToBeVisibleAsync" with timeout 12000ms
  - waiting for GetByText("scheduled an initial site assessment")
Aria snapshot:
- banner:
  - link "IsHaunted.com":
    - /url: /
    - strong: Is
    - emphasis: Haunted
    - text: .com
  - button "Toggle Navigation Size":
    - img
  - button "Toggle Dark Mode"
  - button "Toggle Fullscreen"
  - button "Open Notifications"
  - button "Open Profile Dropdown": DP
- complementary:
  - textbox "Filter menu":
    - /placeholder: Filter
  - navigation:
    - list:
      - listitem:
        - link "Home":
          - /url: /
      - listitem:
        - link "Request Investigation":
          - /url: /my-requests/new
      - listitem:
        - link "Join a Group":
          - /url: /find
      - listitem:
        - link "Equipment":
          - /url: /equipment-catalog
      - listitem:
        - link "Notifications":
          - /url: /notifications
      - listitem:
        - link "My Cases":
          - /url: /my-cases
      - listitem:
        - link "My Investigations":
          - /url: /my-investigations
      - listitem:
        - link "My Requests":
          - /url: /my-requests
      - listitem:
        - link "My Videos":
          - /url: /my-videos
      - listitem:
        - link "My Equipment":
          - /url: /my-equipment
      - listitem:
        - link "My Checkouts":
          - /url: /my-checkouts
      - listitem:
        - link "Gear Questions":
          - /url: /my-equipment/questions
      - listitem:
        - link "Organizations":
          - /url: /organizations
      - listitem:
        - link "Upload Files":
          - /url: /upload-files
      - listitem:
        - link "Media Library":
          - /url: /media-library
- main:
  - link "← My Cases":
    - /url: /my-cases
  - text: "#2026-004 Accepted"
  - heading "Park, Nashville TN" [level=3]
  - text: Nashville, TN · Opened 08/14/2026
  - button "Log Occurrence"
  - text: Occurrence Calendar 0 occurrences
  - button "August 2026"
  - button "Go to the previous period" [disabled]
  - link "Today"
  - button "Go to the next period" [disabled]
  - grid "August 2026":
    - rowgroup:
      - row "Sunday Monday Tuesday Wednesday Thursday Friday Saturday":
        - columnheader "Sunday": Su
        - columnheader "Monday": Mo
        - columnheader "Tuesday": Tu
        - columnheader "Wednesday": We
        - columnheader "Thursday": Th
        - columnheader "Friday": Fr
        - columnheader "Saturday": Sa
    - rowgroup:
      - row "Sunday, July 26, 2026 Monday, July 27, 2026 Tuesday, July 28, 2026 Wednesday, July 29, 2026 Thursday, July 30, 2026 Friday, July 31, 2026 Saturday, August 1, 2026":
        - gridcell "Sunday, July 26, 2026" [disabled]
        - gridcell "Monday, July 27, 2026" [disabled]
        - gridcell "Tuesday, July 28, 2026" [disabled]
        - gridcell "Wednesday, July 29, 2026" [disabled]
        - gridcell "Thursday, July 30, 2026" [disabled]
        - gridcell "Friday, July 31, 2026" [disabled]
        - gridcell "Saturday, August 1, 2026" [disabled]: "1"
      - row "Sunday, August 2, 2026 Monday, August 3, 2026 Tuesday, August 4, 2026 Wednesday, August 5, 2026 Thursday, August 6, 2026 Friday, August 7, 2026 Saturday, August 8, 2026":
        - gridcell "Sunday, August 2, 2026" [disabled]: "2"
        - gridcell "Monday, August 3, 2026" [disabled]: "3"
        - gridcell "Tuesday, August 4, 2026" [disabled]: "4"
        - gridcell "Wednesday, August 5, 2026" [disabled]: "5"
        - gridcell "Thursday, August 6, 2026" [disabled]: "6"
        - gridcell "Friday, August 7, 2026" [disabled]: "7"
        - gridcell "Saturday, August 8, 2026" [disabled]: "8"
      - row "Sunday, August 9, 2026 Monday, August 10, 2026 Tuesday, August 11, 2026 Wednesday, August 12, 2026 Thursday, August 13, 2026 Friday, August 14, 2026 Saturday, August 15, 2026":
        - gridcell "Sunday, August 9, 2026" [disabled]: "9"
        - gridcell "Monday, August 10, 2026" [disabled]: "10"
        - gridcell "Tuesday, August 11, 2026" [disabled]: "11"
        - gridcell "Wednesday, August 12, 2026" [disabled]: "12"
        - gridcell "Thursday, August 13, 2026" [disabled]: "13"
        - gridcell "Friday, August 14, 2026": "14"
        - gridcell "Saturday, August 15, 2026": "15"
      - row "Sunday, August 16, 2026 Monday, August 17, 2026 Tuesday, August 18, 2026 Wednesday, August 19, 2026 Thursday, August 20, 2026 Friday, August 21, 2026 Saturday, August 22, 2026":
        - gridcell "Sunday, August 16, 2026": "16"
        - gridcell "Monday, August 17, 2026": "17"
        - gridcell "Tuesday, August 18, 2026" [selected]: "18"
        - gridcell "Wednesday, August 19, 2026" [disabled]: "19"
        - gridcell "Thursday, August 20, 2026" [disabled]: "20"
        - gridcell "Friday, August 21, 2026" [disabled]: "21"
        - gridcell "Saturday, August 22, 2026" [disabled]: "22"
      - row "Sunday, August 23, 2026 Monday, August 24, 2026 Tuesday, August 25, 2026 Wednesday, August 26, 2026 Thursday, August 27, 2026 Friday, August 28, 2026 Saturday, August 29, 2026":
        - gridcell "Sunday, August 23, 2026" [disabled]: "23"
        - gridcell "Monday, August 24, 2026" [disabled]: "24"
        - gridcell "Tuesday, August 25, 2026" [disabled]: "25"
        - gridcell "Wednesday, August 26, 2026" [disabled]: "26"
        - gridcell "Thursday, August 27, 2026" [disabled]: "27"
        - gridcell "Friday, August 28, 2026" [disabled]: "28"
        - gridcell "Saturday, August 29, 2026" [disabled]: "29"
      - row "Sunday, August 30, 2026 Monday, August 31, 2026 Tuesday, September 1, 2026 Wednesday, September 2, 2026 Thursday, September 3, 2026 Friday, September 4, 2026 Saturday, September 5, 2026":
        - gridcell "Sunday, August 30, 2026" [disabled]: "30"
        - gridcell "Monday, August 31, 2026" [disabled]: "31"
        - gridcell "Tuesday, September 1, 2026" [disabled]
        - gridcell "Wednesday, September 2, 2026" [disabled]
        - gridcell "Thursday, September 3, 2026" [disabled]
        - gridcell "Friday, September 4, 2026" [disabled]
        - gridcell "Saturday, September 5, 2026" [disabled]
  - text: Case Summary
  - paragraph: VERIFY-DESC-MARKER-998877 cold spots in the basement every night.
  - text: Shared Access
  - button "Add Person"
  - text: Only you have access. Use 'Add Person' to share this case with another account. How You're Named Publicly If this case is ever published, this is the name shown on the public page. Your investigators always see your real name — they can't work the case otherwise.
  - textbox "e.g. The Miller Family"
  - button "Save"
  - text: "Suggestions:"
  - button "The homeowner"
  - button "A local family"
  - button "Anonymous"
  - button "The tenant"
  - button "A neighbour"
  - text: Public pages currently show no name for you at all. People at the Property
  - button "Add Person"
  - text: People you mention who don't have accounts on this site — for reference in your notes and timeline. This information is never made public. No one added yet. Messages with your investigation group Playwright test message 33c9a3fb32594a6082fdfd79bffa8cbb 08/18/2026 02:38:13 PM· Unread Temporary message to test compose clear 08/18/2026 02:38:17 PM· Unread Playwright test message 64729100ab334972955ff5fc4a58a8bf 08/18/2026 03:15:41 PM· Unread Temporary message to test compose clear 08/18/2026 03:15:45 PM· Unread Playwright test message 67c0151228a94c07b1e20cbb73cc1d02 08/18/2026 03:34:53 PM· Unread Temporary message to test compose clear 08/18/2026 03:34:56 PM· Unread Playwright test message ce6e29e84e9a4f16957c4b8c68ae6ee0 08/18/2026 04:25:42 PM· Unread Temporary message to test compose clear 08/18/2026 04:25:45 PM· Unread Playwright test message 5f49f5ed2ee04dcbb2849c043be1c836 08/18/2026 04:44:21 PM· Unread Temporary message to test compose clear 08/18/2026 04:44:24 PM· Unread
  - textbox "Message":
    - /placeholder: Message your investigation group…
  - button "Send" [disabled]
  - text: IsHaunted.com © 2026
  - link "Help":
    - /url: /help
  - link "Contact":
    - /url: /contact</Message>
          <StackTrace>   at Microsoft.Playwright.Core.AssertionsBase.ExpectImplAsync(String expression, FrameExpectOptions expectOptions, Object expected, String message, String title) in /_/src/Playwright/Core/AssertionsBase.cs:line 95
   at Microsoft.Playwright.Core.AssertionsBase.ExpectImplAsync(String expression, ExpectedTextValue[] expectedText, Object expected, String message, String title, FrameExpectOptions options) in /_/src/Playwright/Core/AssertionsBase.cs:line 69
   at Ben.Web.Playwright.Tests.CaseMessageBoardTests.ClientCaseDetail_MessagesPanel_ShowsSeededOrgMessages() in /Users/ben/Source/Ben/Ben.Web.Playwright/Tests/CaseMessageBoardTests.cs:line 52
   at NUnit.Framework.Internal.AsyncToSyncAdapter.Await(TestExecutionContext context, Func`1 invoke)
   at NUnit.Framework.Internal.Commands.TestMethodCommand.RunTestMethod(TestExecutionContext context)
   at NUnit.Framework.Internal.Commands.TestMethodCommand.Execute(TestExecutionContext context)
   at NUnit.Framework.Internal.Commands.BeforeAndAfterTestCommand.&lt;&gt;c__DisplayClass1_0.&lt;Execute&gt;b__0()
   at NUnit.Framework.Internal.Commands.DelegatingTestCommand.RunTestMethodInThreadAbortSafeZone(TestExecutionContext context, Action action)
1)    at Microsoft.Playwright.Core.AssertionsBase.ExpectImplAsync(String expression, FrameExpectOptions expectOptions, Object expected, String message, String title) in /_/src/Playwright/Core/AssertionsBase.cs:line 95
   at Microsoft.Playwright.Core.AssertionsBase.ExpectImplAsync(String expression, ExpectedTextValue[] expectedText, Object expected, String message, String title, FrameExpectOptions options) in /_/src/Playwright/Core/AssertionsBase.cs:line 69
   at Ben.Web.Playwright.Tests.CaseMessageBoardTests.ClientCaseDetail_MessagesPanel_ShowsSeededOrgMessages() in /Users/ben/Source/Ben/Ben.Web.Playwright/Tests/CaseMessageBoardTests.cs:line 52
   at NUnit.Framework.Internal.AsyncToSyncAdapter.Await(TestExecutionContext context, Func`1 invoke)
   at NUnit.Framework.Internal.Commands.TestMethodCommand.RunTestMethod(TestExecutionContext context)
   at NUnit.Framework.Internal.Commands.TestMethodCommand.Execute(TestExecutionContext context)
   at NUnit.Framework.Internal.Commands.BeforeAndAfterTestCommand.&lt;&gt;c__DisplayClass1_0.&lt;Execute&gt;b__0()
   at NUnit.Framework.Internal.Commands.DelegatingTestCommand.RunTestMethodInThreadAbortSafeZone(TestExecutionContext context, Action action)
</StackTrace>
        </ErrorInfo>
      </Output>
    </UnitTestResult>
    <UnitTestResult executionId="6b54fec9-533e-4b23-903d-84f5594e960d" testId="c98bbacd-1c03-9909-1527-e7ab784c04cd" testName="Search_UnknownCity_ShowsEmptyState" computerName="Bens-MacBook-Pro" duration="00:00:31.0370850" startTime="2026-08-18T16:57:29.2619320-05:00" endTime="2026-08-18T16:58:00.2987650-05:00" testType="13cdc9d9-ddb5-4fa4-a97d-d965ccfc6d4b" outcome="Failed" testListId="8c84fa94-04c1-424b-9868-57a2d4851a1d" relativeResultsDirectory="6b54fec9-533e-4b23-903d-84f5594e960d">
      <Output>
        <ErrorInfo>
          <Message>System.TimeoutException : Timeout 30000ms exceeded.
Call log:
  - waiting for GetByRole(AriaRole.Button, new() { Name = "Find Groups" }).Or(GetByRole(AriaRole.Button, new() { Name = "Search" })).First
    - locator resolved to &lt;button disabled type="button" class="btn btn-primary"&gt;Search&lt;/button&gt;
  - attempting click action
    2 × waiting for element to be visible, enabled and stable
      - element is not enabled
    - retrying click action
    - waiting 20ms
    2 × waiting for element to be visible, enabled and stable
      - element is not enabled
    - retrying click action
      - waiting 100ms
    58 × waiting for element to be visible, enabled and stable
       - element is not enabled
     - retrying click action
       - waiting 500ms
Data:
  playwright.errorDetails: &lt;null&gt;
  playwright.log: System.String[]</Message>
          <StackTrace>   at Microsoft.Playwright.Transport.Connection.InnerSendMessageToServerAsync[T](ChannelOwner object, String method, Dictionary`2 dictionary, Boolean keepNulls, Nullable`1 timeout) in /_/src/Playwright/Transport/Connection.cs:line 229
   at Microsoft.Playwright.Transport.Connection.WrapApiCallAsync[T](Func`1 action, Boolean isInternal, String title) in /_/src/Playwright/Transport/Connection.cs:line 535
   at Ben.Web.Playwright.Tests.OrgSearchTests.Search_UnknownCity_ShowsEmptyState() in /Users/ben/Source/Ben/Ben.Web.Playwright/Tests/OrgSearchTests.cs:line 78
   at NUnit.Framework.Internal.Commands.TestMethodCommand.Execute(TestExecutionContext context)
   at NUnit.Framework.Internal.Commands.BeforeAndAfterTestCommand.&lt;&gt;c__DisplayClass1_0.&lt;Execute&gt;b__0()
   at NUnit.Framework.Internal.Commands.DelegatingTestCommand.RunTestMethodInThreadAbortSafeZone(TestExecutionContext context, Action action)
1)    at Microsoft.Playwright.Transport.Connection.InnerSendMessageToServerAsync[T](ChannelOwner object, String method, Dictionary`2 dictionary, Boolean keepNulls, Nullable`1 timeout) in /_/src/Playwright/Transport/Connection.cs:line 229
   at Microsoft.Playwright.Transport.Connection.WrapApiCallAsync[T](Func`1 action, Boolean isInternal, String title) in /_/src/Playwright/Transport/Connection.cs:line 535
   at Ben.Web.Playwright.Tests.OrgSearchTests.Search_UnknownCity_ShowsEmptyState() in /Users/ben/Source/Ben/Ben.Web.Playwright/Tests/OrgSearchTests.cs:line 78
   at NUnit.Framework.Internal.Commands.TestMethodCommand.Execute(TestExecutionContext context)
   at NUnit.Framework.Internal.Commands.BeforeAndAfterTestCommand.&lt;&gt;c__DisplayClass1_0.&lt;Execute&gt;b__0()
   at NUnit.Framework.Internal.Commands.DelegatingTestCommand.RunTestMethodInThreadAbortSafeZone(TestExecutionContext context, Action action)
</StackTrace>
        </ErrorInfo>
      </Output>
    </UnitTestResult>
    <UnitTestResult executionId="782d5da6-eff3-4962-bf55-ba8581209cd7" testId="388921cb-b9c3-8514-7890-5ec59e282fd0" testName="Map_TileLayerLoads" computerName="Bens-MacBook-Pro" duration="00:00:04.6992730" startTime="2026-08-18T16:48:37.4956750-05:00" endTime="2026-08-18T16:48:42.1949100-05:00" testType="13cdc9d9-ddb5-4fa4-a97d-d965ccfc6d4b" outcome="Passed" testListId="8c84fa94-04c1-424b-9868-57a2d4851a1d" relativeResultsDirectory="782d5da6-eff3-4962-bf55-ba8581209cd7" />
    <UnitTestResult executionId="dfb3334b-92bd-4ebf-8f5b-a704ce4d3ff1" testId="ab92c201-b4dc-deee-3934-31e6bd08ddd2" testName="MyCaseDetail_LogOccurrenceDialog_RequiresDescription" computerName="Bens-MacBook-Pro" duration="00:00:02.1620370" startTime="2026-08-18T16:54:35.2821270-05:00" endTime="2026-08-18T16:54:37.4441470-05:00" testType="13cdc9d9-ddb5-4fa4-a97d-d965ccfc6d4b" outcome="Failed" testListId="8c84fa94-04c1-424b-9868-57a2d4851a1d" relativeResultsDirectory="dfb3334b-92bd-4ebf-8f5b-a704ce4d3ff1">
      <Output>
        <ErrorInfo>
          <Message>  Save button should be disabled until a description is entered.
Assert.That(await saveBtn.IsEnabledAsync(), Is.False)
  Expected: False
  But was:  True
</Message>
          <StackTrace>   at Ben.Web.Playwright.Tests.MyCaseDashboardTests.MyCaseDetail_LogOccurrenceDialog_RequiresDescription() in /Users/ben/Source/Ben/Ben.Web.Playwright/Tests/MyCaseDashboardTests.cs:line 192
   at NUnit.Framework.Internal.Commands.TestMethodCommand.Execute(TestExecutionContext context)
   at NUnit.Framework.Internal.Commands.BeforeAndAfterTestCommand.&lt;&gt;c__DisplayClass1_0.&lt;Execute&gt;b__0()
   at NUnit.Framework.Internal.Commands.DelegatingTestCommand.RunTestMethodInThreadAbortSafeZone(TestExecutionContext context, Action action)

1)    at Ben.Web.Playwright.Tests.MyCaseDashboardTests.MyCaseDetail_LogOccurrenceDialog_RequiresDescription() in /Users/ben/Source/Ben/Ben.Web.Playwright/Tests/MyCaseDashboardTests.cs:line 192

</StackTrace>
        </ErrorInfo>
      </Output>
    </UnitTestResult>
    <UnitTestResult executionId="efe6820a-67de-4ea3-be38-d15ae091a2fb" testId="92377113-8d3a-4a9a-e370-1103aee2c9ad" testName="CaseFiles_HasAttachFromLibraryButton" computerName="Bens-MacBook-Pro" duration="00:00:31.1477060" startTime="2026-08-18T16:50:32.1065390-05:00" endTime="2026-08-18T16:51:03.2539920-05:00" testType="13cdc9d9-ddb5-4fa4-a97d-d965ccfc6d4b" outcome="Failed" testListId="8c84fa94-04c1-424b-9868-57a2d4851a1d" relativeResultsDirectory="efe6820a-67de-4ea3-be38-d15ae091a2fb">
      <Output>
        <ErrorInfo>
          <Message>System.TimeoutException : Timeout 30000ms exceeded.
Call log:
  - waiting for GetByRole(AriaRole.Menuitem, new() { Name = "Organizations", Exact = true })
Data:
  playwright.errorDetails: &lt;null&gt;
  playwright.log: System.String[]</Message>
          <StackTrace>   at Microsoft.Playwright.Transport.Connection.InnerSendMessageToServerAsync[T](ChannelOwner object, String method, Dictionary`2 dictionary, Boolean keepNulls, Nullable`1 timeout) in /_/src/Playwright/Transport/Connection.cs:line 229
   at Microsoft.Playwright.Transport.Connection.WrapApiCallAsync[T](Func`1 action, Boolean isInternal, String title) in /_/src/Playwright/Transport/Connection.cs:line 535
   at Ben.Web.Playwright.Tests.MediaLibraryTests.NavigateToTghCaseFilesTab() in /Users/ben/Source/Ben/Ben.Web.Playwright/Tests/MediaLibraryTests.cs:line 117
   at Ben.Web.Playwright.Tests.MediaLibraryTests.CaseFiles_HasAttachFromLibraryButton() in /Users/ben/Source/Ben/Ben.Web.Playwright/Tests/MediaLibraryTests.cs:line 144
   at NUnit.Framework.Internal.Commands.TestMethodCommand.Execute(TestExecutionContext context)
   at NUnit.Framework.Internal.Commands.BeforeAndAfterTestCommand.&lt;&gt;c__DisplayClass1_0.&lt;Execute&gt;b__0()
   at NUnit.Framework.Internal.Commands.DelegatingTestCommand.RunTestMethodInThreadAbortSafeZone(TestExecutionContext context, Action action)
1)    at Microsoft.Playwright.Transport.Connection.InnerSendMessageToServerAsync[T](ChannelOwner object, String method, Dictionary`2 dictionary, Boolean keepNulls, Nullable`1 timeout) in /_/src/Playwright/Transport/Connection.cs:line 229
   at Microsoft.Playwright.Transport.Connection.WrapApiCallAsync[T](Func`1 action, Boolean isInternal, String title) in /_/src/Playwright/Transport/Connection.cs:line 535
   at Ben.Web.Playwright.Tests.MediaLibraryTests.NavigateToTghCaseFilesTab() in /Users/ben/Source/Ben/Ben.Web.Playwright/Tests/MediaLibraryTests.cs:line 117
   at Ben.Web.Playwright.Tests.MediaLibraryTests.CaseFiles_HasAttachFromLibraryButton() in /Users/ben/Source/Ben/Ben.Web.Playwright/Tests/MediaLibraryTests.cs:line 144
   at NUnit.Framework.Internal.Commands.TestMethodCommand.Execute(TestExecutionContext context)
   at NUnit.Framework.Internal.Commands.BeforeAndAfterTestCommand.&lt;&gt;c__DisplayClass1_0.&lt;Execute&gt;b__0()
   at NUnit.Framework.Internal.Commands.DelegatingTestCommand.RunTestMethodInThreadAbortSafeZone(TestExecutionContext context, Action action)
</StackTrace>
        </ErrorInfo>
      </Output>
    </UnitTestResult>
    <UnitTestResult executionId="636c089c-8c64-4d2c-9381-487cd4d9bbd8" testId="359e6fbc-2b76-97d1-294e-79bd811678ee" testName="TransferRecord_ShowsCorrectStatusBadges" computerName="Bens-MacBook-Pro" duration="00:00:02.0743050" startTime="2026-08-18T16:45:37.8209100-05:00" endTime="2026-08-18T16:45:39.8951980-05:00" testType="13cdc9d9-ddb5-4fa4-a97d-d965ccfc6d4b" outcome="Passed" testListId="8c84fa94-04c1-424b-9868-57a2d4851a1d" relativeResultsDirectory="636c089c-8c64-4d2c-9381-487cd4d9bbd8">
      <Output>
        <StdOut>No cases found.</StdOut>
      </Output>
    </UnitTestResult>
    <UnitTestResult executionId="7d8437b3-9c26-4212-adbb-41dced338006" testId="9acbf6de-c7b0-8f9d-7929-c31e4220b485" testName="CaseDetailRoute_InvalidRef_ShowsNotFound" computerName="Bens-MacBook-Pro" duration="00:00:00.9339070" startTime="2026-08-18T16:46:43.6609990-05:00" endTime="2026-08-18T16:46:44.5948980-05:00" testType="13cdc9d9-ddb5-4fa4-a97d-d965ccfc6d4b" outcome="Passed" testListId="8c84fa94-04c1-424b-9868-57a2d4851a1d" relativeResultsDirectory="7d8437b3-9c26-4212-adbb-41dced338006" />
    <UnitTestResult executionId="a29c565a-2a46-470b-aa0b-003cb2803d9e" testId="c1c6a3d2-5145-a0ce-9bc1-807e3688aaad" testName="CaseDetail_TimelineShowsEntries" computerName="Bens-MacBook-Pro" duration="00:00:00.9261470" startTime="2026-08-18T16:58:12.3684430-05:00" endTime="2026-08-18T16:58:13.2945820-05:00" testType="13cdc9d9-ddb5-4fa4-a97d-d965ccfc6d4b" outcome="Passed" testListId="8c84fa94-04c1-424b-9868-57a2d4851a1d" relativeResultsDirectory="a29c565a-2a46-470b-aa0b-003cb2803d9e" />
    <UnitTestResult executionId="5cb0f8f1-71b9-47b5-bc92-a512144d493c" testId="6f69cb22-5677-6dd8-d3f1-d90ef7b39b29" testName="AppBar_AdministrationButton_VisibleForSuperAdminOnly" computerName="Bens-MacBook-Pro" duration="00:00:01.8801130" startTime="2026-08-18T16:54:59.6045810-05:00" endTime="2026-08-18T16:55:01.4846790-05:00" testType="13cdc9d9-ddb5-4fa4-a97d-d965ccfc6d4b" outcome="Passed" testListId="8c84fa94-04c1-424b-9868-57a2d4851a1d" relativeResultsDirectory="5cb0f8f1-71b9-47b5-bc92-a512144d493c" />
    <UnitTestResult executionId="298ac650-bb6d-4e83-9a26-d23536ed8859" testId="19f383f0-84bc-9212-5516-6dfd5562a3a4" testName="MyCaseDetail_ShowsInvestigations_WhenSeeded" computerName="Bens-MacBook-Pro" duration="00:00:06.6812990" startTime="2026-08-18T16:54:40.8548740-05:00" endTime="2026-08-18T16:54:47.5361190-05:00" testType="13cdc9d9-ddb5-4fa4-a97d-d965ccfc6d4b" outcome="Failed" testListId="8c84fa94-04c1-424b-9868-57a2d4851a1d" relativeResultsDirectory="298ac650-bb6d-4e83-9a26-d23536ed8859">
      <Output>
        <ErrorInfo>
          <Message>Microsoft.Playwright.PlaywrightException : Locator expected to be visible
Error: element(s) not found 
Call log:
  - Expect "ToBeVisibleAsync" with timeout 5000ms
  - waiting for Locator(".app-content, main, .content-wrapper").First.GetByText("Investigations")
Aria snapshot:
- banner:
  - link "IsHaunted.com":
    - /url: /
    - strong: Is
    - emphasis: Haunted
    - text: .com
  - button "Toggle Navigation Size":
    - img
  - button "Toggle Dark Mode"
  - button "Toggle Fullscreen"
  - button "Open Notifications"
  - button "Open Profile Dropdown": DP
- complementary:
  - textbox "Filter menu":
    - /placeholder: Filter
  - navigation:
    - list:
      - listitem:
        - link "Home":
          - /url: /
      - listitem:
        - link "Request Investigation":
          - /url: /my-requests/new
      - listitem:
        - link "Join a Group":
          - /url: /find
      - listitem:
        - link "Equipment":
          - /url: /equipment-catalog
      - listitem:
        - link "Notifications":
          - /url: /notifications
      - listitem:
        - link "My Cases":
          - /url: /my-cases
      - listitem:
        - link "My Investigations":
          - /url: /my-investigations
      - listitem:
        - link "My Requests":
          - /url: /my-requests
      - listitem:
        - link "My Videos":
          - /url: /my-videos
      - listitem:
        - link "My Equipment":
          - /url: /my-equipment
      - listitem:
        - link "My Checkouts":
          - /url: /my-checkouts
      - listitem:
        - link "Gear Questions":
          - /url: /my-equipment/questions
      - listitem:
        - link "Organizations":
          - /url: /organizations
      - listitem:
        - link "Upload Files":
          - /url: /upload-files
      - listitem:
        - link "Media Library":
          - /url: /media-library
- main:
  - link "← My Cases":
    - /url: /my-cases
  - text: "#2026-004 Accepted"
  - heading "Park, Nashville TN" [level=3]
  - text: Nashville, TN · Opened 08/14/2026
  - button "Log Occurrence"
  - text: Occurrence Calendar 0 occurrences
  - button "August 2026"
  - button "Go to the previous period" [disabled]
  - link "Today"
  - button "Go to the next period" [disabled]
  - grid "August 2026":
    - rowgroup:
      - row "Sunday Monday Tuesday Wednesday Thursday Friday Saturday":
        - columnheader "Sunday": Su
        - columnheader "Monday": Mo
        - columnheader "Tuesday": Tu
        - columnheader "Wednesday": We
        - columnheader "Thursday": Th
        - columnheader "Friday": Fr
        - columnheader "Saturday": Sa
    - rowgroup:
      - row "Sunday, July 26, 2026 Monday, July 27, 2026 Tuesday, July 28, 2026 Wednesday, July 29, 2026 Thursday, July 30, 2026 Friday, July 31, 2026 Saturday, August 1, 2026":
        - gridcell "Sunday, July 26, 2026" [disabled]
        - gridcell "Monday, July 27, 2026" [disabled]
        - gridcell "Tuesday, July 28, 2026" [disabled]
        - gridcell "Wednesday, July 29, 2026" [disabled]
        - gridcell "Thursday, July 30, 2026" [disabled]
        - gridcell "Friday, July 31, 2026" [disabled]
        - gridcell "Saturday, August 1, 2026" [disabled]: "1"
      - row "Sunday, August 2, 2026 Monday, August 3, 2026 Tuesday, August 4, 2026 Wednesday, August 5, 2026 Thursday, August 6, 2026 Friday, August 7, 2026 Saturday, August 8, 2026":
        - gridcell "Sunday, August 2, 2026" [disabled]: "2"
        - gridcell "Monday, August 3, 2026" [disabled]: "3"
        - gridcell "Tuesday, August 4, 2026" [disabled]: "4"
        - gridcell "Wednesday, August 5, 2026" [disabled]: "5"
        - gridcell "Thursday, August 6, 2026" [disabled]: "6"
        - gridcell "Friday, August 7, 2026" [disabled]: "7"
        - gridcell "Saturday, August 8, 2026" [disabled]: "8"
      - row "Sunday, August 9, 2026 Monday, August 10, 2026 Tuesday, August 11, 2026 Wednesday, August 12, 2026 Thursday, August 13, 2026 Friday, August 14, 2026 Saturday, August 15, 2026":
        - gridcell "Sunday, August 9, 2026" [disabled]: "9"
        - gridcell "Monday, August 10, 2026" [disabled]: "10"
        - gridcell "Tuesday, August 11, 2026" [disabled]: "11"
        - gridcell "Wednesday, August 12, 2026" [disabled]: "12"
        - gridcell "Thursday, August 13, 2026" [disabled]: "13"
        - gridcell "Friday, August 14, 2026": "14"
        - gridcell "Saturday, August 15, 2026": "15"
      - row "Sunday, August 16, 2026 Monday, August 17, 2026 Tuesday, August 18, 2026 Wednesday, August 19, 2026 Thursday, August 20, 2026 Friday, August 21, 2026 Saturday, August 22, 2026":
        - gridcell "Sunday, August 16, 2026": "16"
        - gridcell "Monday, August 17, 2026": "17"
        - gridcell "Tuesday, August 18, 2026" [selected]: "18"
        - gridcell "Wednesday, August 19, 2026" [disabled]: "19"
        - gridcell "Thursday, August 20, 2026" [disabled]: "20"
        - gridcell "Friday, August 21, 2026" [disabled]: "21"
        - gridcell "Saturday, August 22, 2026" [disabled]: "22"
      - row "Sunday, August 23, 2026 Monday, August 24, 2026 Tuesday, August 25, 2026 Wednesday, August 26, 2026 Thursday, August 27, 2026 Friday, August 28, 2026 Saturday, August 29, 2026":
        - gridcell "Sunday, August 23, 2026" [disabled]: "23"
        - gridcell "Monday, August 24, 2026" [disabled]: "24"
        - gridcell "Tuesday, August 25, 2026" [disabled]: "25"
        - gridcell "Wednesday, August 26, 2026" [disabled]: "26"
        - gridcell "Thursday, August 27, 2026" [disabled]: "27"
        - gridcell "Friday, August 28, 2026" [disabled]: "28"
        - gridcell "Saturday, August 29, 2026" [disabled]: "29"
      - row "Sunday, August 30, 2026 Monday, August 31, 2026 Tuesday, September 1, 2026 Wednesday, September 2, 2026 Thursday, September 3, 2026 Friday, September 4, 2026 Saturday, September 5, 2026":
        - gridcell "Sunday, August 30, 2026" [disabled]: "30"
        - gridcell "Monday, August 31, 2026" [disabled]: "31"
        - gridcell "Tuesday, September 1, 2026" [disabled]
        - gridcell "Wednesday, September 2, 2026" [disabled]
        - gridcell "Thursday, September 3, 2026" [disabled]
        - gridcell "Friday, September 4, 2026" [disabled]
        - gridcell "Saturday, September 5, 2026" [disabled]
  - text: Case Summary
  - paragraph: VERIFY-DESC-MARKER-998877 cold spots in the basement every night.
  - text: Shared Access
  - button "Add Person"
  - text: Only you have access. Use 'Add Person' to share this case with another account. How You're Named Publicly If this case is ever published, this is the name shown on the public page. Your investigators always see your real name — they can't work the case otherwise.
  - textbox "e.g. The Miller Family"
  - button "Save"
  - text: "Suggestions:"
  - button "The homeowner"
  - button "A local family"
  - button "Anonymous"
  - button "The tenant"
  - button "A neighbour"
  - text: Public pages currently show no name for you at all. People at the Property
  - button "Add Person"
  - text: People you mention who don't have accounts on this site — for reference in your notes and timeline. This information is never made public. No one added yet. Messages with your investigation group Playwright test message 33c9a3fb32594a6082fdfd79bffa8cbb 08/18/2026 02:38:13 PM· Unread Temporary message to test compose clear 08/18/2026 02:38:17 PM· Unread Playwright test message 64729100ab334972955ff5fc4a58a8bf 08/18/2026 03:15:41 PM· Unread Temporary message to test compose clear 08/18/2026 03:15:45 PM· Unread Playwright test message 67c0151228a94c07b1e20cbb73cc1d02 08/18/2026 03:34:53 PM· Unread Temporary message to test compose clear 08/18/2026 03:34:56 PM· Unread Playwright test message ce6e29e84e9a4f16957c4b8c68ae6ee0 08/18/2026 04:25:42 PM· Unread Temporary message to test compose clear 08/18/2026 04:25:45 PM· Unread Playwright test message 5f49f5ed2ee04dcbb2849c043be1c836 08/18/2026 04:44:21 PM· Unread Temporary message to test compose clear 08/18/2026 04:44:24 PM· Unread
  - textbox "Message":
    - /placeholder: Message your investigation group…
  - button "Send" [disabled]
  - text: IsHaunted.com © 2026
  - link "Help":
    - /url: /help
  - link "Contact":
    - /url: /contact</Message>
          <StackTrace>   at Microsoft.Playwright.Core.AssertionsBase.ExpectImplAsync(String expression, FrameExpectOptions expectOptions, Object expected, String message, String title) in /_/src/Playwright/Core/AssertionsBase.cs:line 95
   at Microsoft.Playwright.Core.AssertionsBase.ExpectImplAsync(String expression, ExpectedTextValue[] expectedText, Object expected, String message, String title, FrameExpectOptions options) in /_/src/Playwright/Core/AssertionsBase.cs:line 69
   at Ben.Web.Playwright.Tests.MyCaseDashboardTests.MyCaseDetail_ShowsInvestigations_WhenSeeded() in /Users/ben/Source/Ben/Ben.Web.Playwright/Tests/MyCaseDashboardTests.cs:line 242
   at NUnit.Framework.Internal.Commands.TestMethodCommand.Execute(TestExecutionContext context)
[...]
    <TestEntry testId="78d76da4-0c96-5e68-d344-1015b5003975" executionId="d6597c61-7ac7-468a-acd6-68b5b7787968" testListId="8c84fa94-04c1-424b-9868-57a2d4851a1d" />
    <TestEntry testId="97fcdcdb-5ccf-3ce7-b79e-a9ab068c7fe6" executionId="aa30210d-21ba-410d-bd76-59aee3f171b3" testListId="8c84fa94-04c1-424b-9868-57a2d4851a1d" />
    <TestEntry testId="a984247f-a1db-4bf8-b018-e2762100427e" executionId="1223bdf0-ae34-4013-8aa3-c2118b89828a" testListId="8c84fa94-04c1-424b-9868-57a2d4851a1d" />
    <TestEntry testId="c9426c93-3369-2aca-5c85-fa122b9d7325" executionId="9453fb58-6d8b-4bc2-9b72-33c2bf3033b0" testListId="8c84fa94-04c1-424b-9868-57a2d4851a1d" />
    <TestEntry testId="88e76ef7-7e4b-edbd-28ec-c1ce87eacc19" executionId="7ba7b891-01f6-4957-a577-27327db33fe4" testListId="8c84fa94-04c1-424b-9868-57a2d4851a1d" />
    <TestEntry testId="ebb00b1c-f249-0f17-da96-9e2ccc575589" executionId="7d8074fc-fdf7-4d0f-b336-2ce76aeb83c3" testListId="8c84fa94-04c1-424b-9868-57a2d4851a1d" />
    <TestEntry testId="5734e039-b50d-9b1b-7cb8-2b585c691a67" executionId="7b0c5ecc-bd40-4165-a42e-d2f4099b8e91" testListId="8c84fa94-04c1-424b-9868-57a2d4851a1d" />
    <TestEntry testId="2e8f9e2d-fafb-e090-1681-2cbe222276bf" executionId="a1d38106-cf8f-4e4f-8781-1ffdb6df354c" testListId="8c84fa94-04c1-424b-9868-57a2d4851a1d" />
    <TestEntry testId="cd8f3fbd-d034-07d6-bd13-76475c4d3635" executionId="fe851dc1-4af6-4799-ab94-6a2d4aeda61a" testListId="8c84fa94-04c1-424b-9868-57a2d4851a1d" />
    <TestEntry testId="816c3b78-cce5-1102-7e5d-301a1fc46611" executionId="069c6d0a-cecd-48de-99a8-a4f89561a562" testListId="8c84fa94-04c1-424b-9868-57a2d4851a1d" />
    <TestEntry testId="2759d3f1-bdf1-f525-b22a-2c4398e1e14d" executionId="34e6d1e5-029a-4bbe-92eb-ed88183cf08e" testListId="8c84fa94-04c1-424b-9868-57a2d4851a1d" />
    <TestEntry testId="e2e33773-ad57-5ed1-3684-98642e2f29c6" executionId="24d4d9fa-4162-464e-bdf0-e0880ffae90c" testListId="8c84fa94-04c1-424b-9868-57a2d4851a1d" />
    <TestEntry testId="99c173cb-0c0d-3bcf-538d-18ebc0ff40d8" executionId="4998dbdc-fb90-42d1-b2e0-406a614db0d9" testListId="8c84fa94-04c1-424b-9868-57a2d4851a1d" />
    <TestEntry testId="f6734ee5-f4b6-4311-f084-aadec079e84d" executionId="599883f3-5e59-49ba-ac42-b45afd59c350" testListId="8c84fa94-04c1-424b-9868-57a2d4851a1d" />
    <TestEntry testId="ba6aa0c5-bb4a-9342-4cb6-e85fa1f496c9" executionId="656fe231-d568-4edc-a142-5555ad0e0572" testListId="8c84fa94-04c1-424b-9868-57a2d4851a1d" />
    <TestEntry testId="83d1b476-9e8d-c624-d768-f37875453e7c" executionId="f65e5413-c3b5-4a20-b57e-1ad38b56ac6b" testListId="8c84fa94-04c1-424b-9868-57a2d4851a1d" />
    <TestEntry testId="6a75018d-bbed-1ab9-d456-50c71ada3601" executionId="8c27ef1c-55cd-4ecd-8dbe-d57a42cccd58" testListId="8c84fa94-04c1-424b-9868-57a2d4851a1d" />
    <TestEntry testId="b2bbd474-e906-43e8-a145-c3bcd0b95e6b" executionId="22e1483c-b2dc-4310-a87b-283b31d0811e" testListId="8c84fa94-04c1-424b-9868-57a2d4851a1d" />
    <TestEntry testId="cd9ad8a0-46ac-ecc6-650f-f4a2b76c9755" executionId="043ad67a-f7d3-4904-a65f-985594f8c5b0" testListId="8c84fa94-04c1-424b-9868-57a2d4851a1d" />
    <TestEntry testId="96e5dc4f-97e3-0e70-63cc-468e054f7de7" executionId="04de073b-0231-40f5-ae16-f728a1ab4100" testListId="8c84fa94-04c1-424b-9868-57a2d4851a1d" />
    <TestEntry testId="059e5c74-cb23-e067-d285-04fd92a87c59" executionId="b943e629-7aed-4d41-ad19-6dcd5e7f10f4" testListId="8c84fa94-04c1-424b-9868-57a2d4851a1d" />
    <TestEntry testId="5f4363c2-5eed-f9f2-e03d-fbbc9417e96e" executionId="6e3e7757-eb73-4128-9922-780101d79dae" testListId="8c84fa94-04c1-424b-9868-57a2d4851a1d" />
    <TestEntry testId="ce08515e-f910-353d-ea32-168b71bba36c" executionId="829f6ba0-15c7-4ee9-b603-e819d8074541" testListId="8c84fa94-04c1-424b-9868-57a2d4851a1d" />
    <TestEntry testId="074af94b-4912-819a-8cd9-bf14a1aea21c" executionId="21e61467-53b3-41ad-8eb6-36c7496785ff" testListId="8c84fa94-04c1-424b-9868-57a2d4851a1d" />
    <TestEntry testId="bf6e7ab7-e706-ad4c-6841-f0e7c7b6ddce" executionId="59bcf867-9c87-4ce1-a07f-30169132b702" testListId="8c84fa94-04c1-424b-9868-57a2d4851a1d" />
    <TestEntry testId="28b1cb93-a13d-8a6a-b50e-cd82c1caa5a9" executionId="7cb934e6-51d7-4752-80e7-5a101ca3ee98" testListId="8c84fa94-04c1-424b-9868-57a2d4851a1d" />
    <TestEntry testId="db8f715f-094d-8027-af3c-1329fdd81af0" executionId="ff4b47dd-4f47-47d0-9b09-60b6cce41819" testListId="8c84fa94-04c1-424b-9868-57a2d4851a1d" />
    <TestEntry testId="7d1dfea7-4eec-6714-1bb0-93f743933012" executionId="05f3c441-456b-46b7-8385-3ed5d7736170" testListId="8c84fa94-04c1-424b-9868-57a2d4851a1d" />
    <TestEntry testId="9ddca7d2-2c2a-2069-3ea9-0b78776b0060" executionId="89b02a25-1fde-4034-a319-686b5efd39ef" testListId="8c84fa94-04c1-424b-9868-57a2d4851a1d" />
    <TestEntry testId="3be35290-fdc4-d3e9-c443-9c3995d9220f" executionId="ac7676bd-494e-4763-9515-ee095505ffc2" testListId="8c84fa94-04c1-424b-9868-57a2d4851a1d" />
    <TestEntry testId="2354e2f1-093a-982f-cb5d-4493f4dce947" executionId="f00e3245-81a0-4819-92b6-10fe3063af17" testListId="8c84fa94-04c1-424b-9868-57a2d4851a1d" />
    <TestEntry testId="e02cd58d-981e-b503-40a5-987986317fe4" executionId="dae98099-44da-480b-af64-5564f50c38c1" testListId="8c84fa94-04c1-424b-9868-57a2d4851a1d" />
    <TestEntry testId="4286da10-36d8-61c0-558d-1ebb3f471064" executionId="c02c3eb8-3359-4a3d-8698-61522f13a44f" testListId="8c84fa94-04c1-424b-9868-57a2d4851a1d" />
    <TestEntry testId="db1ce21f-a13f-3434-2c89-8d6d716f7244" executionId="effb4eec-a066-4cd7-a25b-57f1cbc6fb58" testListId="8c84fa94-04c1-424b-9868-57a2d4851a1d" />
    <TestEntry testId="7a6f4110-e0c4-33c4-19a5-5db408d8d24e" executionId="7d1b412a-3977-4c88-b3fb-035812c41695" testListId="8c84fa94-04c1-424b-9868-57a2d4851a1d" />
    <TestEntry testId="67053cdc-a2ca-c473-ac19-cb053c2b3da4" executionId="cf710942-11af-4126-9b7c-842dac2eee5f" testListId="8c84fa94-04c1-424b-9868-57a2d4851a1d" />
    <TestEntry testId="b1467efc-b77f-9fdd-b49e-c1e8d2779a97" executionId="8cb6db8d-ef7f-4799-a8f7-ce4b3e0c5531" testListId="8c84fa94-04c1-424b-9868-57a2d4851a1d" />
    <TestEntry testId="28d7805c-5d60-6e7d-28bd-6a3483482547" executionId="231db794-5124-4096-b29d-2ad78990b2db" testListId="8c84fa94-04c1-424b-9868-57a2d4851a1d" />
    <TestEntry testId="72a632c6-8a23-1892-261b-1f5f1ed4afd5" executionId="f35ce69e-5ff3-43e2-83e3-ddcd718f4840" testListId="8c84fa94-04c1-424b-9868-57a2d4851a1d" />
    <TestEntry testId="a99690b8-f852-d979-4e2e-85f3f82378df" executionId="2fc0d191-7cd5-45ac-9a50-ea476678f8db" testListId="8c84fa94-04c1-424b-9868-57a2d4851a1d" />
    <TestEntry testId="7c334ad8-6379-1fb6-45e9-3bb4ad76ff69" executionId="c2262ee2-bd66-4657-b5eb-29ae5060666b" testListId="8c84fa94-04c1-424b-9868-57a2d4851a1d" />
    <TestEntry testId="68c6d81a-055b-dc05-c821-36c3749c5881" executionId="40206c28-8a67-401f-aeb5-9faf9c360682" testListId="8c84fa94-04c1-424b-9868-57a2d4851a1d" />
    <TestEntry testId="4d3a0629-d517-767c-01d5-d27246cc7143" executionId="dec59e8e-b075-4d56-ad55-65556f422eb9" testListId="8c84fa94-04c1-424b-9868-57a2d4851a1d" />
    <TestEntry testId="95290ad9-b8f1-b933-ecec-fd5b3d0bcccc" executionId="5ffd3af3-2d4a-4c7a-b6aa-5e82c7a5a129" testListId="8c84fa94-04c1-424b-9868-57a2d4851a1d" />
    <TestEntry testId="95f4ffbb-1be3-4254-478e-24481eddd190" executionId="6a8a2086-b011-4886-9cae-a60b1084abf3" testListId="8c84fa94-04c1-424b-9868-57a2d4851a1d" />
    <TestEntry testId="73354095-e9d8-5bbf-145a-ff35baba50d5" executionId="7b75a7c6-5172-4bec-85fb-802dc4cf8ac6" testListId="8c84fa94-04c1-424b-9868-57a2d4851a1d" />
    <TestEntry testId="8e1ccc18-a15d-204e-ca8f-cb7b2c36e9fa" executionId="9f47cd45-4c31-453e-b18c-d58fc22ad5ff" testListId="8c84fa94-04c1-424b-9868-57a2d4851a1d" />
    <TestEntry testId="a17457a5-9979-dd5c-d17f-2d576f3f022f" executionId="07ff502e-dee2-40f0-abbc-6b1374160684" testListId="8c84fa94-04c1-424b-9868-57a2d4851a1d" />
    <TestEntry testId="21042c48-e9b4-6414-259d-c3f9265164e7" executionId="b4b48ddb-35c2-45de-b1fb-28b4bd24a943" testListId="8c84fa94-04c1-424b-9868-57a2d4851a1d" />
    <TestEntry testId="6955ed7e-ba46-5d86-d163-371e96294434" executionId="8c3021f7-7bde-4fd8-8a7e-5b9e5bc2d24d" testListId="8c84fa94-04c1-424b-9868-57a2d4851a1d" />
    <TestEntry testId="f7c7800e-389c-66de-590c-e2fd60d1312f" executionId="5b94676a-3deb-4d07-abd9-14c505db93b3" testListId="8c84fa94-04c1-424b-9868-57a2d4851a1d" />
    <TestEntry testId="6bb73e38-ecac-8c43-2922-253474325ed7" executionId="a33967c8-97ee-4711-a293-20ff55d57799" testListId="8c84fa94-04c1-424b-9868-57a2d4851a1d" />
    <TestEntry testId="6775c5dd-0ea8-4c6e-a31d-69fa014d6abe" executionId="43426890-3882-46fe-a11a-b00f777bad4a" testListId="8c84fa94-04c1-424b-9868-57a2d4851a1d" />
    <TestEntry testId="9e46a0bc-df78-3c0d-2f45-5d1406721867" executionId="4736d4ec-4799-45de-86f1-b15acf2d4f71" testListId="8c84fa94-04c1-424b-9868-57a2d4851a1d" />
    <TestEntry testId="19db58ed-ec1c-84ce-29e1-b8657bd23ca6" executionId="6ed5dd53-bd90-4cd4-b64e-baa1e5c08bef" testListId="8c84fa94-04c1-424b-9868-57a2d4851a1d" />
    <TestEntry testId="362e78d9-5d7e-813c-5303-85ab7b34b8a6" executionId="fd9e93bb-ba79-4386-838d-2f5be50ad6e7" testListId="8c84fa94-04c1-424b-9868-57a2d4851a1d" />
    <TestEntry testId="2b005857-6a36-5133-f544-4b954ef9ff99" executionId="3bb6645c-83e3-487c-bedc-5a1feb44f3ed" testListId="8c84fa94-04c1-424b-9868-57a2d4851a1d" />
    <TestEntry testId="85d7a49b-c4ef-c151-226f-98462bc068a4" executionId="5dc35303-3001-4a30-96c2-95222dfb704c" testListId="8c84fa94-04c1-424b-9868-57a2d4851a1d" />
    <TestEntry testId="a1749f8a-b5fb-e507-e77b-73064a571449" executionId="a6e49521-5b41-4153-8ef6-d623a5cdcdb3" testListId="8c84fa94-04c1-424b-9868-57a2d4851a1d" />
    <TestEntry testId="6b760833-169a-eba7-44ab-f39ae7a4a9b5" executionId="1e00b424-a70c-4812-ace4-a779b4c0c706" testListId="8c84fa94-04c1-424b-9868-57a2d4851a1d" />
    <TestEntry testId="3099f17b-3738-eb77-646f-4dbc2aa4cb6c" executionId="6c9c228a-c897-4d97-9d81-01bd72cee55c" testListId="8c84fa94-04c1-424b-9868-57a2d4851a1d" />
    <TestEntry testId="abc846b8-4d19-c6c6-1f7c-ea0830ac63ec" executionId="944d2468-22d0-4c8d-84cc-330ad83e8eda" testListId="8c84fa94-04c1-424b-9868-57a2d4851a1d" />
    <TestEntry testId="fe8d637d-69b2-97dd-a0cb-7db1e2f98bf5" executionId="d16864d2-f38b-4249-8dd1-5dd3352b9ef3" testListId="8c84fa94-04c1-424b-9868-57a2d4851a1d" />
    <TestEntry testId="0ccf29f9-18e8-cf06-a213-dc69d786819a" executionId="f4203694-c8c4-469d-9218-67fc55904185" testListId="8c84fa94-04c1-424b-9868-57a2d4851a1d" />
    <TestEntry testId="da07c432-a31b-31e5-272a-893af94fb645" executionId="2b1b3d0f-af4d-44e2-bcaa-963e18e471b6" testListId="8c84fa94-04c1-424b-9868-57a2d4851a1d" />
    <TestEntry testId="dbb34d91-9594-eb21-384f-0fa9e18af55e" executionId="a06733d5-51a5-4e89-a96a-4c80faad5a5c" testListId="8c84fa94-04c1-424b-9868-57a2d4851a1d" />
    <TestEntry testId="19189794-9992-bfcd-5fe6-bedd54d0bc1e" executionId="30a91620-5609-4b75-8c2e-f49c53625b67" testListId="8c84fa94-04c1-424b-9868-57a2d4851a1d" />
    <TestEntry testId="6f9bd667-915f-d0ec-63af-ac157ed1a745" executionId="4057352b-56fb-4761-8f4d-4f20b7b7815b" testListId="8c84fa94-04c1-424b-9868-57a2d4851a1d" />
    <TestEntry testId="eadf3c02-c17b-2431-9b0a-6ab1e111ed53" executionId="e8e2f494-7345-46d0-8e8d-2b6611e9b48b" testListId="8c84fa94-04c1-424b-9868-57a2d4851a1d" />
    <TestEntry testId="3088add0-14c7-ba29-bd4e-6f23127f2500" executionId="4f9ec204-52ee-4c21-be2f-d473380d0eb7" testListId="8c84fa94-04c1-424b-9868-57a2d4851a1d" />
    <TestEntry testId="5db5a6d1-b07c-7bbc-6228-e06ad3488e49" executionId="b6674d4c-ea6d-44cd-ba69-d692b38e1add" testListId="8c84fa94-04c1-424b-9868-57a2d4851a1d" />
    <TestEntry testId="7524a49d-7374-9b29-5389-05b2bbab3955" executionId="45a3ce65-6e3c-42ef-9315-cea3819a2805" testListId="8c84fa94-04c1-424b-9868-57a2d4851a1d" />
    <TestEntry testId="47f6188c-c85a-f711-41fd-bbbe3db6d60b" executionId="62fdcea2-98b0-462f-ab7a-a6cddd316274" testListId="8c84fa94-04c1-424b-9868-57a2d4851a1d" />
    <TestEntry testId="b567a706-4f56-147a-ed68-d893a880dcd5" executionId="a93543b0-de96-4d1c-acd4-eb7100916a2b" testListId="8c84fa94-04c1-424b-9868-57a2d4851a1d" />
    <TestEntry testId="1040984e-4bad-54d8-6412-e71e0b113add" executionId="589b82a0-5318-470d-b74c-1b74c4d983cd" testListId="8c84fa94-04c1-424b-9868-57a2d4851a1d" />
    <TestEntry testId="c4407851-9113-fec4-7f07-b258666842eb" executionId="16782651-ff99-481a-9e99-92c79e84e112" testListId="8c84fa94-04c1-424b-9868-57a2d4851a1d" />
    <TestEntry testId="4dbc9971-577b-b73a-5096-f094eeff10b8" executionId="50cf28cd-fdbf-495a-bc04-7f343b81968c" testListId="8c84fa94-04c1-424b-9868-57a2d4851a1d" />
    <TestEntry testId="c672dba3-0a7d-f435-5030-4bdec5fc563a" executionId="6dbb95b5-b7e4-4282-b389-e5145cfd8918" testListId="8c84fa94-04c1-424b-9868-57a2d4851a1d" />
    <TestEntry testId="c7408994-0ee1-c213-a966-f91471cb0928" executionId="f3b5073c-08ba-41b9-ba84-ab1cc7960846" testListId="8c84fa94-04c1-424b-9868-57a2d4851a1d" />
    <TestEntry testId="bb5e7fd6-5bd4-ad24-ddf8-ae1fc025c4fe" executionId="e7c37503-e6b8-4b07-9397-142ca09f42ba" testListId="8c84fa94-04c1-424b-9868-57a2d4851a1d" />
    <TestEntry testId="7da7b6f8-1419-1023-d5b8-a65be0843ec3" executionId="fcd1af18-fa90-46f8-bd5d-e474fb847740" testListId="8c84fa94-04c1-424b-9868-57a2d4851a1d" />
    <TestEntry testId="69868291-9bb8-82a6-91c1-e721c5352304" executionId="95bcc51a-26e6-4246-b241-50fc7c2eefe6" testListId="8c84fa94-04c1-424b-9868-57a2d4851a1d" />
    <TestEntry testId="613a433f-bdad-87a6-651a-73d0e93e9159" executionId="5f0faba5-e719-4743-b529-077010ff8b7b" testListId="8c84fa94-04c1-424b-9868-57a2d4851a1d" />
    <TestEntry testId="0cda86fb-ab09-7fb0-d5fe-9ebe2939c124" executionId="7a13a13c-5d3f-4369-9d3c-369e6cc21a32" testListId="8c84fa94-04c1-424b-9868-57a2d4851a1d" />
    <TestEntry testId="64873dd9-4208-e570-0fb3-31eb68418ddf" executionId="a35c7f8a-9942-4cd8-bbed-8dd054c3616c" testListId="8c84fa94-04c1-424b-9868-57a2d4851a1d" />
    <TestEntry testId="b406755f-0161-5cce-9d39-31c158ccaecd" executionId="c1d196fa-a6ff-4fa5-b4c9-91a9018c8915" testListId="8c84fa94-04c1-424b-9868-57a2d4851a1d" />
    <TestEntry testId="34978015-f8ea-6e7e-1135-9efd68484935" executionId="10d8d745-700b-47d7-8baa-cbca35128bae" testListId="8c84fa94-04c1-424b-9868-57a2d4851a1d" />
    <TestEntry testId="1a99a88c-ad1a-c2f3-55c1-0f5b7128ce00" executionId="62b1aefe-cc81-4fe3-a6a7-2733be7f8222" testListId="8c84fa94-04c1-424b-9868-57a2d4851a1d" />
    <TestEntry testId="a813c1d0-6d7f-4f83-5b44-a14d9d5e8f32" executionId="18d9e76f-eca5-404c-beab-759042670e62" testListId="8c84fa94-04c1-424b-9868-57a2d4851a1d" />
    <TestEntry testId="c24ffec4-48a8-979c-e119-355ce1dc530b" executionId="8199608f-b674-4b18-9b5f-4f2754df0fbe" testListId="8c84fa94-04c1-424b-9868-57a2d4851a1d" />
    <TestEntry testId="ad1f6b0f-db61-49ad-6a62-49222790a64a" executionId="70ae019e-3050-4745-9f04-f6b20c0bc81d" testListId="8c84fa94-04c1-424b-9868-57a2d4851a1d" />
    <TestEntry testId="7547577c-bf44-2b2f-73de-dccacc92df69" executionId="d065e49c-5fdc-4b50-9595-68b1489ee8e4" testListId="8c84fa94-04c1-424b-9868-57a2d4851a1d" />
    <TestEntry testId="6a8df9d7-50b8-8a21-1de6-4c67651c7cf5" executionId="2e13b68c-74d4-411e-9d7d-5431822b25b9" testListId="8c84fa94-04c1-424b-9868-57a2d4851a1d" />
    <TestEntry testId="c242fc67-d27b-282c-01da-7786846d2689" executionId="4230b6f3-fc42-40f7-8deb-0cfcf6d1a51c" testListId="8c84fa94-04c1-424b-9868-57a2d4851a1d" />
    <TestEntry testId="6afc6cb4-c247-371b-1bf7-dc75e417e086" executionId="b9b78570-65fd-4a1d-b9d3-102ce7a37539" testListId="8c84fa94-04c1-424b-9868-57a2d4851a1d" />
    <TestEntry testId="ae55efa3-533a-dfc8-a1fa-76cfaa964969" executionId="8689dd12-c954-4f2a-8b93-e1fcad6db1a8" testListId="8c84fa94-04c1-424b-9868-57a2d4851a1d" />
    <TestEntry testId="12433a28-234f-38a5-1106-159425812373" executionId="680ba703-a7d4-41cf-89b7-d920d78c2a06" testListId="8c84fa94-04c1-424b-9868-57a2d4851a1d" />
    <TestEntry testId="ae50ad30-3054-fafb-3552-4b75565bac12" executionId="29694058-caf7-423e-ae55-ab298986031a" testListId="8c84fa94-04c1-424b-9868-57a2d4851a1d" />
    <TestEntry testId="c649693a-0a7b-8e39-8925-2b65f57333ac" executionId="f94a6cd6-157a-4049-bb6f-82b62c673bfd" testListId="8c84fa94-04c1-424b-9868-57a2d4851a1d" />
    <TestEntry testId="cc2dc251-0607-ddf3-1273-08665f0ec011" executionId="21dc030e-e9b2-4433-a972-fe7a86500d00" testListId="8c84fa94-04c1-424b-9868-57a2d4851a1d" />
  </TestEntries>
  <TestLists>
    <TestList name="Results Not in a List" id="8c84fa94-04c1-424b-9868-57a2d4851a1d" />
    <TestList name="All Loaded Results" id="19431567-8539-422a-85d7-44ee4e166bda" />
  </TestLists>
  <ResultSummary outcome="Failed">
    <Counters total="232" executed="232" passed="173" failed="59" error="0" timeout="0" aborted="0" inconclusive="0" passedButRunAborted="0" notRunnable="0" notExecuted="0" disconnected="0" warning="0" completed="0" inProgress="0" pending="0" />
    <Output>
      <StdOut>NUnit Adapter 5.0.0.0: Test execution started
Running all tests in /Users/ben/Source/Ben/Ben.Web.Playwright/bin/Debug/net10.0/Ben.Web.Playwright.dll
   NUnit3TestExecutor discovered 232 of 232 NUnit test cases using Current Discovery mode, Non-Explicit run
DragModeToggle_DefaultsToCreateRegion_AndTogglesToScrub: TGH org not visible; seed data may differ.
DragModeToggle_UpdatesHintText: TGH org not visible; seed data may differ.
CaseDetail_DirectUrlRenders: No case rows visible — BenCo may have no cases seeded. TGH cases are on that org.
NotesTab_AddNote_AppearsInList: No cases found.
NotesTab_HasNewNoteButton: No cases found.
NotesTab_IsVisibleOnCaseDetail: No cases found.
NotesTab_NewNoteButton_OpensDialog: No cases found.
NotesTab_RendersWithoutErrors: No cases found.
NotesTab_ShowsInternalOnlyText: No cases found.
TransferRecord_ShowsCorrectStatusBadges: No cases found.
TransfersTab_EmptyState_ShowsNoTransfersMessage: No cases found.
TransfersTab_IsVisibleOnCaseDetail: No cases found to test.
TransfersTab_ProposeButton_VisibleWhenNoPendingTransfer: No cases found.
TransfersTab_ProposeDialog_OpensAndHasOrgDropdown: No cases found.
TransfersTab_ProposeDialog_SubmitWithoutOrg_Stays: No cases found.
RequestDetail_DraftRequest_HasEditAndSubmitButton: No draft requests.
RequestDetail_NavigateFromList: No requests in list — skipping detail navigation test.
RequestDetail_ShowsAddress: No requests.
RequestDetail_SubmittedToSection_AppearsWhenOrgsExist: No requests.
AttendeesButton_TogglesInlinePanel: No cases found.
InvestigationsTab_IsVisibleOnCaseDetail: No cases visible for this org — skipping (tgh cases may be under a different org).
InvestigationsTab_ScheduleButtonVisible: No cases found.
InvestigationsTab_ScheduleDialog_OpensAndHasRequiredFields: No cases found.
NavDrawer_FindGroupsLinkNavigatesToFind: Find link not visible from home page — may require drawer open.
NavDrawer_ToggleOpensAndCloses: No togglable menu found — drawer may be permanently open at this viewport.
ThemeSwitch_TogglesBodyClass: Theme toggle not found by selector — skipping.
OrgView_CalendarTab_Renders: Calendar tab not visible for this user role — expected for non-members.
OrgView_FilesTab_Renders: Files tab not visible for this user role.
OrgView_MessagesTab_Renders: Messages tab not visible for this user role.
OrgRequests_AcceptButton_VisibleOnAllRequestCards: No cards.
OrgRequests_Cards_ShowStatusBadge: No pending requests found — DevelopmentDataSeeder may not have run.
OrgRequests_ClickCard_ExpandsDescription: No request cards.
OrgRequests_DeclineButton_VisibleOnAllRequestCards: No cards.
OrgRequests_UnderReviewButton_IsVisibleForSubmittedRequests: No submitted requests found.
VideoEditorPage_Authenticated_FfmpegStatusElementExists: ffmpeg status element not present yet — editor still initialising.
NUnit Adapter 5.0.0.0: Test execution complete
</StdOut>
    </Output>
  </ResultSummary>
</TestRun>