<?xml version="1.0" encoding="utf-8"?>
<TestRun id="714e07e3-e81c-4001-87e1-540b54bcf4c7" name="@Bens-MacBook-Pro 2026-08-18 15:33:27" xmlns="http://microsoft.com/schemas/VisualStudio/TeamTest/2010">
  <Times creation="2026-08-18T15:33:27.6165140-05:00" queuing="2026-08-18T15:33:27.6165140-05:00" start="2026-08-18T15:33:24.4628180-05:00" finish="2026-08-18T16:18:56.7350220-05:00" />
  <TestSettings name="default" id="229d10a9-f50a-4592-a025-fc4132cc737f">
    <Deployment runDeploymentRoot="_Bens-MacBook-Pro_2026-08-18_15_33_27" />
  </TestSettings>
  <Results>
    <UnitTestResult executionId="16cfc8da-8af2-4ebe-9ed4-c91b482ef1af" testId="73354095-e9d8-5bbf-145a-ff35baba50d5" testName="Map_ContainerIsRendered" computerName="Bens-MacBook-Pro" duration="00:00:01.0468220" startTime="2026-08-18T15:39:20.1491840-05:00" endTime="2026-08-18T15:39:21.1960030-05:00" testType="13cdc9d9-ddb5-4fa4-a97d-d965ccfc6d4b" outcome="Passed" testListId="8c84fa94-04c1-424b-9868-57a2d4851a1d" relativeResultsDirectory="16cfc8da-8af2-4ebe-9ed4-c91b482ef1af" />
    <UnitTestResult executionId="0266904d-163a-4380-bbf8-955fd0076e8b" testId="ad1f6b0f-db61-49ad-6a62-49222790a64a" testName="Page_AnonymousRedirectsToLogin" computerName="Bens-MacBook-Pro" duration="00:00:02.7119170" startTime="2026-08-18T16:13:46.4611560-05:00" endTime="2026-08-18T16:13:49.1730800-05:00" testType="13cdc9d9-ddb5-4fa4-a97d-d965ccfc6d4b" outcome="Failed" testListId="8c84fa94-04c1-424b-9868-57a2d4851a1d" relativeResultsDirectory="0266904d-163a-4380-bbf8-955fd0076e8b">
      <Output>
        <ErrorInfo>
          <Message>  Expected auth guard on /organization-security.
Assert.That(url.Contains("/login") || body.Contains("Sign", StringComparison.OrdinalIgnoreCase), Is.True)
  Expected: True
  But was:  False
</Message>
          <StackTrace>   at Ben.Web.Playwright.Tests.OrganizationSecurityTests.Page_AnonymousRedirectsToLogin() in /Users/ben/Source/Ben/Ben.Web.Playwright/Tests/OrganizationSecurityTests.cs:line 45
   at NUnit.Framework.Internal.Commands.TestMethodCommand.Execute(TestExecutionContext context)
   at NUnit.Framework.Internal.Commands.BeforeAndAfterTestCommand.&lt;&gt;c__DisplayClass1_0.&lt;Execute&gt;b__0()
   at NUnit.Framework.Internal.Commands.DelegatingTestCommand.RunTestMethodInThreadAbortSafeZone(TestExecutionContext context, Action action)

1)    at Ben.Web.Playwright.Tests.OrganizationSecurityTests.Page_AnonymousRedirectsToLogin() in /Users/ben/Source/Ben/Ben.Web.Playwright/Tests/OrganizationSecurityTests.cs:line 45

</StackTrace>
        </ErrorInfo>
      </Output>
    </UnitTestResult>
    <UnitTestResult executionId="da3b8b41-f72a-416e-a70f-ec913971c560" testId="388921cb-b9c3-8514-7890-5ec59e282fd0" testName="Map_TileLayerLoads" computerName="Bens-MacBook-Pro" duration="00:00:04.7074150" startTime="2026-08-18T15:39:08.1157910-05:00" endTime="2026-08-18T15:39:12.8231940-05:00" testType="13cdc9d9-ddb5-4fa4-a97d-d965ccfc6d4b" outcome="Passed" testListId="8c84fa94-04c1-424b-9868-57a2d4851a1d" relativeResultsDirectory="da3b8b41-f72a-416e-a70f-ec913971c560" />
    <UnitTestResult executionId="51356bd7-9fb0-448c-9613-c24992edfc7b" testId="b078ef0c-d767-0b62-fc50-55112c3f9c56" testName="OrgView_CalendarTab_Renders" computerName="Bens-MacBook-Pro" duration="00:00:01.7396840" startTime="2026-08-18T16:13:58.4248580-05:00" endTime="2026-08-18T16:14:00.1645460-05:00" testType="13cdc9d9-ddb5-4fa4-a97d-d965ccfc6d4b" outcome="Failed" testListId="8c84fa94-04c1-424b-9868-57a2d4851a1d" relativeResultsDirectory="51356bd7-9fb0-448c-9613-c24992edfc7b">
      <Output>
        <ErrorInfo>
          <Message>Microsoft.Playwright.PlaywrightException : Error: strict mode violation: GetByText("Calendar") resolved to 2 elements:
    1) &lt;button type="button" class="dropdown-item"&gt;Calendar&lt;/button&gt; aka GetByText("Calendar").First
    2) &lt;button type="button" class="dropdown-item"&gt;Calendar&lt;/button&gt; aka GetByText("Calendar").Nth(1)

Call log:
    - checking visibility of GetByText("Calendar")
Data:
  playwright.errorDetails: &lt;null&gt;
  playwright.log: System.String[]</Message>
          <StackTrace>   at Microsoft.Playwright.Transport.Connection.InnerSendMessageToServerAsync[T](ChannelOwner object, String method, Dictionary`2 dictionary, Boolean keepNulls, Nullable`1 timeout) in /_/src/Playwright/Transport/Connection.cs:line 229
   at Microsoft.Playwright.Transport.Connection.WrapApiCallAsync[T](Func`1 action, Boolean isInternal, String title) in /_/src/Playwright/Transport/Connection.cs:line 535
   at Microsoft.Playwright.Core.Frame.IsVisibleAsync(String selector, FrameIsVisibleOptions options) in /_/src/Playwright/Core/Frame.cs:line 921
   at Ben.Web.Playwright.Tests.OrganizationTests.OrgView_CalendarTab_Renders() in /Users/ben/Source/Ben/Ben.Web.Playwright/Tests/OrganizationTests.cs:line 128
   at NUnit.Framework.Internal.Commands.TestMethodCommand.Execute(TestExecutionContext context)
   at NUnit.Framework.Internal.Commands.BeforeAndAfterTestCommand.&lt;&gt;c__DisplayClass1_0.&lt;Execute&gt;b__0()
   at NUnit.Framework.Internal.Commands.DelegatingTestCommand.RunTestMethodInThreadAbortSafeZone(TestExecutionContext context, Action action)
1)    at Microsoft.Playwright.Transport.Connection.InnerSendMessageToServerAsync[T](ChannelOwner object, String method, Dictionary`2 dictionary, Boolean keepNulls, Nullable`1 timeout) in /_/src/Playwright/Transport/Connection.cs:line 229
   at Microsoft.Playwright.Transport.Connection.WrapApiCallAsync[T](Func`1 action, Boolean isInternal, String title) in /_/src/Playwright/Transport/Connection.cs:line 535
   at Microsoft.Playwright.Core.Frame.IsVisibleAsync(String selector, FrameIsVisibleOptions options) in /_/src/Playwright/Core/Frame.cs:line 921
   at Ben.Web.Playwright.Tests.OrganizationTests.OrgView_CalendarTab_Renders() in /Users/ben/Source/Ben/Ben.Web.Playwright/Tests/OrganizationTests.cs:line 128
   at NUnit.Framework.Internal.Commands.TestMethodCommand.Execute(TestExecutionContext context)
   at NUnit.Framework.Internal.Commands.BeforeAndAfterTestCommand.&lt;&gt;c__DisplayClass1_0.&lt;Execute&gt;b__0()
   at NUnit.Framework.Internal.Commands.DelegatingTestCommand.RunTestMethodInThreadAbortSafeZone(TestExecutionContext context, Action action)
</StackTrace>
        </ErrorInfo>
      </Output>
    </UnitTestResult>
    <UnitTestResult executionId="945e6373-5f42-4b2e-a458-fd6820c08b96" testId="7158785b-da83-6ccf-8387-893774227f9e" testName="ClientCaseDetail_MessagesPanel_ComposeBox_IsPresent" computerName="Bens-MacBook-Pro" duration="00:00:01.7040060" startTime="2026-08-18T15:34:53.3760750-05:00" endTime="2026-08-18T15:34:55.0800700-05:00" testType="13cdc9d9-ddb5-4fa4-a97d-d965ccfc6d4b" outcome="Passed" testListId="8c84fa94-04c1-424b-9868-57a2d4851a1d" relativeResultsDirectory="945e6373-5f42-4b2e-a458-fd6820c08b96" />
    <UnitTestResult executionId="96856649-1aa5-4a12-9f24-7d64469e4a24" testId="51cdab51-1c29-6368-8f7c-df68a139b7d3" testName="Wizard_HasProgressBar_WithFourSteps" computerName="Bens-MacBook-Pro" duration="00:00:01.6518630" startTime="2026-08-18T15:36:40.3238790-05:00" endTime="2026-08-18T15:36:41.9757380-05:00" testType="13cdc9d9-ddb5-4fa4-a97d-d965ccfc6d4b" outcome="Failed" testListId="8c84fa94-04c1-424b-9868-57a2d4851a1d" relativeResultsDirectory="96856649-1aa5-4a12-9f24-7d64469e4a24">
      <Output>
        <ErrorInfo>
          <Message>Microsoft.Playwright.PlaywrightException : Locator expected to be visible
Error: strict mode violation: GetByText("Location") resolved to 2 elements:
    1) &lt;small class="fw-semibold"&gt;Location&lt;/small&gt; aka GetByText("Location", new() { Exact = true })
    2) &lt;div class="card-header fw-semibold"&gt;Step 1 — Your Location&lt;/div&gt; aka GetByText("Step 1 — Your Location")
 
Call log:
  - Expect "ToBeVisibleAsync" with timeout 5000ms
  - waiting for GetByText("Location")</Message>
          <StackTrace>   at Microsoft.Playwright.Core.AssertionsBase.ExpectImplAsync(String expression, FrameExpectOptions expectOptions, Object expected, String message, String title) in /_/src/Playwright/Core/AssertionsBase.cs:line 95
   at Microsoft.Playwright.Core.AssertionsBase.ExpectImplAsync(String expression, ExpectedTextValue[] expectedText, Object expected, String message, String title, FrameExpectOptions options) in /_/src/Playwright/Core/AssertionsBase.cs:line 69
   at Ben.Web.Playwright.Tests.ClientRequestNavTests.Wizard_HasProgressBar_WithFourSteps() in /Users/ben/Source/Ben/Ben.Web.Playwright/Tests/ClientRequestNavTests.cs:line 116
   at NUnit.Framework.Internal.AsyncToSyncAdapter.Await(TestExecutionContext context, Func`1 invoke)
   at NUnit.Framework.Internal.Commands.TestMethodCommand.RunTestMethod(TestExecutionContext context)
   at NUnit.Framework.Internal.Commands.TestMethodCommand.Execute(TestExecutionContext context)
   at NUnit.Framework.Internal.Commands.BeforeAndAfterTestCommand.&lt;&gt;c__DisplayClass1_0.&lt;Execute&gt;b__0()
   at NUnit.Framework.Internal.Commands.DelegatingTestCommand.RunTestMethodInThreadAbortSafeZone(TestExecutionContext context, Action action)
1)    at Microsoft.Playwright.Core.AssertionsBase.ExpectImplAsync(String expression, FrameExpectOptions expectOptions, Object expected, String message, String title) in /_/src/Playwright/Core/AssertionsBase.cs:line 95
   at Microsoft.Playwright.Core.AssertionsBase.ExpectImplAsync(String expression, ExpectedTextValue[] expectedText, Object expected, String message, String title, FrameExpectOptions options) in /_/src/Playwright/Core/AssertionsBase.cs:line 69
   at Ben.Web.Playwright.Tests.ClientRequestNavTests.Wizard_HasProgressBar_WithFourSteps() in /Users/ben/Source/Ben/Ben.Web.Playwright/Tests/ClientRequestNavTests.cs:line 116
   at NUnit.Framework.Internal.AsyncToSyncAdapter.Await(TestExecutionContext context, Func`1 invoke)
   at NUnit.Framework.Internal.Commands.TestMethodCommand.RunTestMethod(TestExecutionContext context)
   at NUnit.Framework.Internal.Commands.TestMethodCommand.Execute(TestExecutionContext context)
   at NUnit.Framework.Internal.Commands.BeforeAndAfterTestCommand.&lt;&gt;c__DisplayClass1_0.&lt;Execute&gt;b__0()
   at NUnit.Framework.Internal.Commands.DelegatingTestCommand.RunTestMethodInThreadAbortSafeZone(TestExecutionContext context, Action action)
</StackTrace>
        </ErrorInfo>
      </Output>
    </UnitTestResult>
    <UnitTestResult executionId="72d54074-7ebc-4efe-b9c5-809407b8ac03" testId="19db58ed-ec1c-84ce-29e1-b8657bd23ca6" testName="AttendeesButton_TogglesInlinePanel" computerName="Bens-MacBook-Pro" duration="00:00:01.7353560" startTime="2026-08-18T15:39:22.2191650-05:00" endTime="2026-08-18T15:39:23.9545170-05:00" testType="13cdc9d9-ddb5-4fa4-a97d-d965ccfc6d4b" outcome="Failed" testListId="8c84fa94-04c1-424b-9868-57a2d4851a1d" relativeResultsDirectory="72d54074-7ebc-4efe-b9c5-809407b8ac03">
      <Output>
        <ErrorInfo>
          <Message>Microsoft.Playwright.PlaywrightException : Error: strict mode violation: Locator(".app-content, main, .content-wrapper").First.GetByText("Cases") resolved to 4 elements:
    1) &lt;span class="k-column-title"&gt;Cases&lt;/span&gt; aka Locator("thead").GetByText("Cases")
    2) &lt;button type="button" class="dropdown-item"&gt;Cases&lt;/button&gt; aka GetByText("Cases").Nth(4)
    3) &lt;button type="button" class="dropdown-item"&gt;Cases&lt;/button&gt; aka GetByText("Cases").Nth(5)
    4) &lt;button type="button" class="dropdown-item"&gt;Cases&lt;/button&gt; aka GetByText("Cases", new() { Exact = true }).Nth(3)

Call log:
  - waiting for Locator(".app-content, main, .content-wrapper").First.GetByText("Cases")
Data:
  playwright.errorDetails: &lt;null&gt;
  playwright.log: System.String[]</Message>
          <StackTrace>   at Microsoft.Playwright.Transport.Connection.InnerSendMessageToServerAsync[T](ChannelOwner object, String method, Dictionary`2 dictionary, Boolean keepNulls, Nullable`1 timeout) in /_/src/Playwright/Transport/Connection.cs:line 229
   at Microsoft.Playwright.Transport.Connection.WrapApiCallAsync[T](Func`1 action, Boolean isInternal, String title) in /_/src/Playwright/Transport/Connection.cs:line 535
   at Ben.Web.Playwright.Tests.InvestigationPanelTests.AttendeesButton_TogglesInlinePanel() in /Users/ben/Source/Ben/Ben.Web.Playwright/Tests/InvestigationPanelTests.cs:line 170
   at NUnit.Framework.Internal.Commands.TestMethodCommand.Execute(TestExecutionContext context)
   at NUnit.Framework.Internal.Commands.BeforeAndAfterTestCommand.&lt;&gt;c__DisplayClass1_0.&lt;Execute&gt;b__0()
   at NUnit.Framework.Internal.Commands.DelegatingTestCommand.RunTestMethodInThreadAbortSafeZone(TestExecutionContext context, Action action)
1)    at Microsoft.Playwright.Transport.Connection.InnerSendMessageToServerAsync[T](ChannelOwner object, String method, Dictionary`2 dictionary, Boolean keepNulls, Nullable`1 timeout) in /_/src/Playwright/Transport/Connection.cs:line 229
   at Microsoft.Playwright.Transport.Connection.WrapApiCallAsync[T](Func`1 action, Boolean isInternal, String title) in /_/src/Playwright/Transport/Connection.cs:line 535
   at Ben.Web.Playwright.Tests.InvestigationPanelTests.AttendeesButton_TogglesInlinePanel() in /Users/ben/Source/Ben/Ben.Web.Playwright/Tests/InvestigationPanelTests.cs:line 170
   at NUnit.Framework.Internal.Commands.TestMethodCommand.Execute(TestExecutionContext context)
   at NUnit.Framework.Internal.Commands.BeforeAndAfterTestCommand.&lt;&gt;c__DisplayClass1_0.&lt;Execute&gt;b__0()
   at NUnit.Framework.Internal.Commands.DelegatingTestCommand.RunTestMethodInThreadAbortSafeZone(TestExecutionContext context, Action action)
</StackTrace>
        </ErrorInfo>
      </Output>
    </UnitTestResult>
    <UnitTestResult executionId="a20c2c93-b44a-4e68-aad8-84641b3cf5fe" testId="34978015-f8ea-6e7e-1135-9efd68484935" testName="ClientCaseDetail_MessagesPanel_ComposeClearsAfterSend" computerName="Bens-MacBook-Pro" duration="00:00:01.7857150" startTime="2026-08-18T15:34:55.0801470-05:00" endTime="2026-08-18T15:34:56.8658580-05:00" testType="13cdc9d9-ddb5-4fa4-a97d-d965ccfc6d4b" outcome="Failed" testListId="8c84fa94-04c1-424b-9868-57a2d4851a1d" relativeResultsDirectory="a20c2c93-b44a-4e68-aad8-84641b3cf5fe">
      <Output>
        <ErrorInfo>
          <Message>  Compose box should clear after send.
Assert.That(val, Is.Empty.Or.EqualTo(""))
  Expected: &lt;empty&gt; or &lt;string.Empty&gt;
  But was:  "Temporary message to test compose clear"
</Message>
          <StackTrace>   at Ben.Web.Playwright.Tests.CaseMessageBoardTests.ClientCaseDetail_MessagesPanel_ComposeClearsAfterSend() in /Users/ben/Source/Ben/Ben.Web.Playwright/Tests/CaseMessageBoardTests.cs:line 146
   at NUnit.Framework.Internal.AsyncToSyncAdapter.Await(TestExecutionContext context, Func`1 invoke)
   at NUnit.Framework.Internal.Commands.TestMethodCommand.RunTestMethod(TestExecutionContext context)
   at NUnit.Framework.Internal.Commands.TestMethodCommand.Execute(TestExecutionContext context)
   at NUnit.Framework.Internal.Commands.BeforeAndAfterTestCommand.&lt;&gt;c__DisplayClass1_0.&lt;Execute&gt;b__0()
   at NUnit.Framework.Internal.Commands.DelegatingTestCommand.RunTestMethodInThreadAbortSafeZone(TestExecutionContext context, Action action)

1)    at Ben.Web.Playwright.Tests.CaseMessageBoardTests.ClientCaseDetail_MessagesPanel_ComposeClearsAfterSend() in /Users/ben/Source/Ben/Ben.Web.Playwright/Tests/CaseMessageBoardTests.cs:line 146

</StackTrace>
        </ErrorInfo>
      </Output>
    </UnitTestResult>
    <UnitTestResult executionId="8b569cd9-243c-4074-bc14-b79f3cddbb25" testId="a534723f-1848-da14-e9c3-ec9455a14a3c" testName="Page_AnonymousRedirectsToLogin" computerName="Bens-MacBook-Pro" duration="00:00:02.6539980" startTime="2026-08-18T16:16:37.3219870-05:00" endTime="2026-08-18T16:16:39.9759910-05:00" testType="13cdc9d9-ddb5-4fa4-a97d-d965ccfc6d4b" outcome="Failed" testListId="8c84fa94-04c1-424b-9868-57a2d4851a1d" relativeResultsDirectory="8b569cd9-243c-4074-bc14-b79f3cddbb25">
      <Output>
        <ErrorInfo>
          <Message>  Expected redirect to login for unauthenticated file upload access.
Assert.That(url.Contains("/login") || body.Contains("Sign", StringComparison.OrdinalIgnoreCase), Is.True)
  Expected: True
  But was:  False
</Message>
          <StackTrace>   at Ben.Web.Playwright.Tests.UploadFilesTests.Page_AnonymousRedirectsToLogin() in /Users/ben/Source/Ben/Ben.Web.Playwright/Tests/UploadFilesTests.cs:line 46
   at NUnit.Framework.Internal.Commands.TestMethodCommand.Execute(TestExecutionContext context)
   at NUnit.Framework.Internal.Commands.BeforeAndAfterTestCommand.&lt;&gt;c__DisplayClass1_0.&lt;Execute&gt;b__0()
   at NUnit.Framework.Internal.Commands.DelegatingTestCommand.RunTestMethodInThreadAbortSafeZone(TestExecutionContext context, Action action)

1)    at Ben.Web.Playwright.Tests.UploadFilesTests.Page_AnonymousRedirectsToLogin() in /Users/ben/Source/Ben/Ben.Web.Playwright/Tests/UploadFilesTests.cs:line 46

</StackTrace>
        </ErrorInfo>
      </Output>
    </UnitTestResult>
    <UnitTestResult executionId="24b686fd-c975-4acc-8314-acd0262771d3" testId="a99690b8-f852-d979-4e2e-85f3f82378df" testName="EditCaseDialog_HasCaseManagerDropdown" computerName="Bens-MacBook-Pro" duration="00:00:09.7823360" startTime="2026-08-18T15:34:41.7103290-05:00" endTime="2026-08-18T15:34:51.4926400-05:00" testType="13cdc9d9-ddb5-4fa4-a97d-d965ccfc6d4b" outcome="Failed" testListId="8c84fa94-04c1-424b-9868-57a2d4851a1d" relativeResultsDirectory="24b686fd-c975-4acc-8314-acd0262771d3">
      <Output>
        <ErrorInfo>
          <Message>Microsoft.Playwright.PlaywrightException : Locator expected to be visible
Error: element(s) not found 
Call log:
  - Expect "ToBeVisibleAsync" with timeout 8000ms
  - waiting for GetByText("Park").First
Aria snapshot:
- banner:
  - link "IsHaunted.com":
    - /url: /
    - strong: Is
    - emphasis: Haunted
    - text: .com
  - button "Toggle Navigation Size":
    - img
  - button "Toggle Dark Mode"
  - button "Toggle Fullscreen"
  - button "Open Notifications": "5"
  - button "Open Profile Dropdown": SM
- complementary:
  - textbox "Filter menu":
    - /placeholder: Filter
  - navigation:
    - list:
      - listitem:
        - link "Home":
          - /url: /
      - listitem:
        - link "Request Investigation":
          - /url: /my-requests/new
      - listitem:
        - link "Join a Group":
          - /url: /find
      - listitem:
        - link "Equipment":
          - /url: /equipment-catalog
      - listitem:
        - link "Notifications":
          - /url: /notifications
      - listitem:
        - link "My Cases":
          - /url: /my-cases
      - listitem:
        - link "My Investigations":
          - /url: /my-investigations
      - listitem:
        - link "My Requests":
          - /url: /my-requests
      - listitem:
        - link "My Videos":
          - /url: /my-videos
      - listitem:
        - link "My Equipment":
          - /url: /my-equipment
      - listitem:
        - link "My Checkouts":
          - /url: /my-checkouts
      - listitem:
        - link "Gear Questions":
          - /url: /my-equipment/questions
      - listitem:
        - link "Organizations 5":
          - /url: /organizations
      - listitem:
        - link "Upload Files":
          - /url: /upload-files
      - listitem:
        - link "Media Library":
          - /url: /media-library
- main:
  - heading "My Cases" [level=3]
  - paragraph: You have no active cases.
  - paragraph: Cases appear here after an investigation group accepts your request.
  - link "View My Requests":
    - /url: /my-requests
  - text: IsHaunted.com © 2026
  - link "Help":
    - /url: /help
  - link "Contact":
    - /url: /contact</Message>
          <StackTrace>   at Microsoft.Playwright.Core.AssertionsBase.ExpectImplAsync(String expression, FrameExpectOptions expectOptions, Object expected, String message, String title) in /_/src/Playwright/Core/AssertionsBase.cs:line 95
   at Microsoft.Playwright.Core.AssertionsBase.ExpectImplAsync(String expression, ExpectedTextValue[] expectedText, Object expected, String message, String title, FrameExpectOptions options) in /_/src/Playwright/Core/AssertionsBase.cs:line 69
   at Ben.Web.Playwright.Tests.CaseManagerAssignmentTests.NavigateToTghCaseDetail() in /Users/ben/Source/Ben/Ben.Web.Playwright/Tests/CaseManagerAssignmentTests.cs:line 33
   at Ben.Web.Playwright.Tests.CaseManagerAssignmentTests.EditCaseDialog_HasCaseManagerDropdown() in /Users/ben/Source/Ben/Ben.Web.Playwright/Tests/CaseManagerAssignmentTests.cs:line 92
   at NUnit.Framework.Internal.AsyncToSyncAdapter.Await(TestExecutionContext context, Func`1 invoke)
   at NUnit.Framework.Internal.Commands.TestMethodCommand.RunTestMethod(TestExecutionContext context)
   at NUnit.Framework.Internal.Commands.TestMethodCommand.Execute(TestExecutionContext context)
   at NUnit.Framework.Internal.Commands.BeforeAndAfterTestCommand.&lt;&gt;c__DisplayClass1_0.&lt;Execute&gt;b__0()
   at NUnit.Framework.Internal.Commands.DelegatingTestCommand.RunTestMethodInThreadAbortSafeZone(TestExecutionContext context, Action action)
1)    at Microsoft.Playwright.Core.AssertionsBase.ExpectImplAsync(String expression, FrameExpectOptions expectOptions, Object expected, String message, String title) in /_/src/Playwright/Core/AssertionsBase.cs:line 95
   at Microsoft.Playwright.Core.AssertionsBase.ExpectImplAsync(String expression, ExpectedTextValue[] expectedText, Object expected, String message, String title, FrameExpectOptions options) in /_/src/Playwright/Core/AssertionsBase.cs:line 69
   at Ben.Web.Playwright.Tests.CaseManagerAssignmentTests.NavigateToTghCaseDetail() in /Users/ben/Source/Ben/Ben.Web.Playwright/Tests/CaseManagerAssignmentTests.cs:line 33
   at Ben.Web.Playwright.Tests.CaseManagerAssignmentTests.EditCaseDialog_HasCaseManagerDropdown() in /Users/ben/Source/Ben/Ben.Web.Playwright/Tests/CaseManagerAssignmentTests.cs:line 92
   at NUnit.Framework.Internal.AsyncToSyncAdapter.Await(TestExecutionContext context, Func`1 invoke)
   at NUnit.Framework.Internal.Commands.TestMethodCommand.RunTestMethod(TestExecutionContext context)
   at NUnit.Framework.Internal.Commands.TestMethodCommand.Execute(TestExecutionContext context)
   at NUnit.Framework.Internal.Commands.BeforeAndAfterTestCommand.&lt;&gt;c__DisplayClass1_0.&lt;Execute&gt;b__0()
   at NUnit.Framework.Internal.Commands.DelegatingTestCommand.RunTestMethodInThreadAbortSafeZone(TestExecutionContext context, Action action)
</StackTrace>
        </ErrorInfo>
      </Output>
    </UnitTestResult>
    <UnitTestResult executionId="491d5752-37c5-43de-915b-ed92d8f243ef" testId="6775c5dd-0ea8-4c6e-a31d-69fa014d6abe" testName="VideoEditorPage_BrowserBack_NavigatesAwayCleanly" computerName="Bens-MacBook-Pro" duration="00:00:02.4448950" startTime="2026-08-18T16:18:14.1979670-05:00" endTime="2026-08-18T16:18:16.6428670-05:00" testType="13cdc9d9-ddb5-4fa4-a97d-d965ccfc6d4b" outcome="Passed" testListId="8c84fa94-04c1-424b-9868-57a2d4851a1d" relativeResultsDirectory="491d5752-37c5-43de-915b-ed92d8f243ef" />
    <UnitTestResult executionId="91396c65-d2ee-484c-aa98-9fe0db4088ee" testId="ab92c201-b4dc-deee-3934-31e6bd08ddd2" testName="MyCaseDetail_LogOccurrenceDialog_RequiresDescription" computerName="Bens-MacBook-Pro" duration="00:00:02.1773520" startTime="2026-08-18T16:12:30.9950280-05:00" endTime="2026-08-18T16:12:33.1725030-05:00" testType="13cdc9d9-ddb5-4fa4-a97d-d965ccfc6d4b" outcome="Failed" testListId="8c84fa94-04c1-424b-9868-57a2d4851a1d" relativeResultsDirectory="91396c65-d2ee-484c-aa98-9fe0db4088ee">
      <Output>
        <ErrorInfo>
          <Message>  Save button should be disabled until a description is entered.
Assert.That(await saveBtn.IsEnabledAsync(), Is.False)
  Expected: False
  But was:  True
</Message>
          <StackTrace>   at Ben.Web.Playwright.Tests.MyCaseDashboardTests.MyCaseDetail_LogOccurrenceDialog_RequiresDescription() in /Users/ben/Source/Ben/Ben.Web.Playwright/Tests/MyCaseDashboardTests.cs:line 192
   at NUnit.Framework.Internal.Commands.TestMethodCommand.Execute(TestExecutionContext context)
   at NUnit.Framework.Internal.Commands.BeforeAndAfterTestCommand.&lt;&gt;c__DisplayClass1_0.&lt;Execute&gt;b__0()
   at NUnit.Framework.Internal.Commands.DelegatingTestCommand.RunTestMethodInThreadAbortSafeZone(TestExecutionContext context, Action action)

1)    at Ben.Web.Playwright.Tests.MyCaseDashboardTests.MyCaseDetail_LogOccurrenceDialog_RequiresDescription() in /Users/ben/Source/Ben/Ben.Web.Playwright/Tests/MyCaseDashboardTests.cs:line 192

</StackTrace>
        </ErrorInfo>
      </Output>
    </UnitTestResult>
    <UnitTestResult executionId="dd08ba56-22fa-4652-870a-3f88ba224f2d" testId="3088add0-14c7-ba29-bd4e-6f23127f2500" testName="OrgList_RendersAfterLogin" computerName="Bens-MacBook-Pro" duration="00:00:01.6402429" startTime="2026-08-18T16:13:55.1169450-05:00" endTime="2026-08-18T16:13:56.7571920-05:00" testType="13cdc9d9-ddb5-4fa4-a97d-d965ccfc6d4b" outcome="Passed" testListId="8c84fa94-04c1-424b-9868-57a2d4851a1d" relativeResultsDirectory="dd08ba56-22fa-4652-870a-3f88ba224f2d" />
    <UnitTestResult executionId="06fc4d68-6e4d-4645-a694-05448caaa8ef" testId="f7c7800e-389c-66de-590c-e2fd60d1312f" testName="TransfersTab_AnonymousUser_CannotAccess" computerName="Bens-MacBook-Pro" duration="00:00:00.9595370" startTime="2026-08-18T15:36:12.1171040-05:00" endTime="2026-08-18T15:36:13.0766380-05:00" testType="13cdc9d9-ddb5-4fa4-a97d-d965ccfc6d4b" outcome="Passed" testListId="8c84fa94-04c1-424b-9868-57a2d4851a1d" relativeResultsDirectory="06fc4d68-6e4d-4645-a694-05448caaa8ef" />
    <UnitTestResult executionId="cc52ad41-61ea-4c30-a745-b85d51e07e14" testId="69868291-9bb8-82a6-91c1-e721c5352304" testName="HomeLink_NavigatesHome" computerName="Bens-MacBook-Pro" duration="00:00:00.9519150" startTime="2026-08-18T16:13:00.9448130-05:00" endTime="2026-08-18T16:13:01.8967370-05:00" testType="13cdc9d9-ddb5-4fa4-a97d-d965ccfc6d4b" outcome="Passed" testListId="8c84fa94-04c1-424b-9868-57a2d4851a1d" relativeResultsDirectory="cc52ad41-61ea-4c30-a745-b85d51e07e14" />
    <UnitTestResult executionId="b34cd959-7894-4423-8785-33719a45c94b" testId="10033ac8-ef2e-bf04-cf17-dcdb23d361c7" testName="Page_ShowsOrganizationDropdown" computerName="Bens-MacBook-Pro" duration="00:00:01.5762230" startTime="2026-08-18T16:13:50.7954770-05:00" endTime="2026-08-18T16:13:52.3717050-05:00" testType="13cdc9d9-ddb5-4fa4-a97d-d965ccfc6d4b" outcome="Failed" testListId="8c84fa94-04c1-424b-9868-57a2d4851a1d" relativeResultsDirectory="b34cd959-7894-4423-8785-33719a45c94b">
      <Output>
        <ErrorInfo>
          <Message>  Expected at least one org to appear on the security page.
Assert.That(body, Does.Contain("BenCo").Or.Contain("Tennessee").Or.Contain("Organization"))
  Expected: String containing "BenCo" or String containing "Tennessee" or String containing "Organization"
  But was:  &lt;string.Empty&gt;
</Message>
          <StackTrace>   at Ben.Web.Playwright.Tests.OrganizationSecurityTests.Page_ShowsOrganizationDropdown() in /Users/ben/Source/Ben/Ben.Web.Playwright/Tests/OrganizationSecurityTests.cs:line 33
   at NUnit.Framework.Internal.Commands.TestMethodCommand.Execute(TestExecutionContext context)
   at NUnit.Framework.Internal.Commands.BeforeAndAfterTestCommand.&lt;&gt;c__DisplayClass1_0.&lt;Execute&gt;b__0()
   at NUnit.Framework.Internal.Commands.DelegatingTestCommand.RunTestMethodInThreadAbortSafeZone(TestExecutionContext context, Action action)

1)    at Ben.Web.Playwright.Tests.OrganizationSecurityTests.Page_ShowsOrganizationDropdown() in /Users/ben/Source/Ben/Ben.Web.Playwright/Tests/OrganizationSecurityTests.cs:line 33

</StackTrace>
        </ErrorInfo>
      </Output>
    </UnitTestResult>
    <UnitTestResult executionId="c8b1ecbc-471e-46bd-ab81-3d067d433eae" testId="fb41c8f7-bc61-cf15-320f-b888f0d04d57" testName="OrgView_RequestsTab_VisibleForOrgAdmin" computerName="Bens-MacBook-Pro" duration="00:00:01.8693980" startTime="2026-08-18T15:36:31.8851020-05:00" endTime="2026-08-18T15:36:33.7544950-05:00" testType="13cdc9d9-ddb5-4fa4-a97d-d965ccfc6d4b" outcome="Passed" testListId="8c84fa94-04c1-424b-9868-57a2d4851a1d" relativeResultsDirectory="c8b1ecbc-471e-46bd-ab81-3d067d433eae" />
    <UnitTestResult executionId="b17ca7fd-e19e-421f-88ba-8748d651d96c" testId="4dbc9971-577b-b73a-5096-f094eeff10b8" testName="MyCases_NavItem_NotVisibleWhenLoggedOut" computerName="Bens-MacBook-Pro" duration="00:00:01.2716890" startTime="2026-08-18T16:12:45.0958890-05:00" endTime="2026-08-18T16:12:46.3676090-05:00" testType="13cdc9d9-ddb5-4fa4-a97d-d965ccfc6d4b" outcome="Passed" testListId="8c84fa94-04c1-424b-9868-57a2d4851a1d" relativeResultsDirectory="b17ca7fd-e19e-421f-88ba-8748d651d96c" />
    <UnitTestResult executionId="dc951d08-70c1-4282-9dfd-730cc3477c9b" testId="8764c319-0dec-598c-2b96-6f4ec65b3566" testName="OrgView_HasTabStrip" computerName="Bens-MacBook-Pro" duration="00:00:01.7648220" startTime="2026-08-18T16:14:03.6698860-05:00" endTime="2026-08-18T16:14:05.4347130-05:00" testType="13cdc9d9-ddb5-4fa4-a97d-d965ccfc6d4b" outcome="Passed" testListId="8c84fa94-04c1-424b-9868-57a2d4851a1d" relativeResultsDirectory="dc951d08-70c1-4282-9dfd-730cc3477c9b" />
    <UnitTestResult executionId="295a1ee1-2766-4eae-9614-b613c24e240a" testId="b1afdf1e-b2ba-75f8-9cd4-f445bef45775" testName="ClientRequestDetail_AssignedRequest_ShowsViewMyCasesButton" computerName="Bens-MacBook-Pro" duration="00:00:05.0828390" startTime="2026-08-18T15:56:25.2665500-05:00" endTime="2026-08-18T16:11:45.4864100-05:00" testType="13cdc9d9-ddb5-4fa4-a97d-d965ccfc6d4b" outcome="Failed" testListId="8c84fa94-04c1-424b-9868-57a2d4851a1d" relativeResultsDirectory="295a1ee1-2766-4eae-9614-b613c24e240a">
      <Output>
        <ErrorInfo>
          <Message>Microsoft.Playwright.PlaywrightException : Locator expected to be visible
Error: element(s) not found 
Call log:
  - Expect "ToBeVisibleAsync" with timeout 8000ms
  - waiting for GetByText("View My Cases")
Aria snapshot:
- banner:
  - link "IsHaunted.com":
    - /url: /
    - strong: Is
    - emphasis: Haunted
    - text: .com
  - button "Toggle Navigation Size":
    - img
  - button "Toggle Dark Mode"
  - button "Toggle Fullscreen"
  - button "Open Notifications"
  - button "Open Profile Dropdown": DP
- complementary:
  - textbox "Filter menu":
    - /placeholder: Filter
  - navigation:
    - list:
      - listitem:
        - link "Home":
          - /url: /
      - listitem:
        - link "Request Investigation":
          - /url: /my-requests/new
      - listitem:
        - link "Join a Group":
          - /url: /find
      - listitem:
        - link "Equipment":
          - /url: /equipment-catalog
      - listitem:
        - link "Notifications":
          - /url: /notifications
      - listitem:
        - link "My Cases":
          - /url: /my-cases
      - listitem:
        - link "My Investigations":
          - /url: /my-investigations
      - listitem:
        - link "My Requests":
          - /url: /my-requests
      - listitem:
        - link "My Videos":
          - /url: /my-videos
      - listitem:
        - link "My Equipment":
          - /url: /my-equipment
      - listitem:
        - link "My Checkouts":
          - /url: /my-checkouts
      - listitem:
        - link "Gear Questions":
          - /url: /my-equipment/questions
      - listitem:
        - link "Organizations":
          - /url: /organizations
      - listitem:
        - link "Upload Files":
          - /url: /upload-files
      - listitem:
        - link "Media Library":
          - /url: /media-library
- main:
  - button "My Requests"
  - text: /
  - heading "Request Details" [level=5]
  - text: Nashville, TN 37215 Assigned
  - term: Address
  - definition: 4512 Belmont Blvd Nashville, TN 37215, US
  - term: Submitted
  - definition: 08/14/2026 08:29:40 AM
  - term: Last Updated
  - definition: 08/14/2026 08:31:13 AM
  - separator
  - text: Description
  - paragraph: VERIFY-DESC-MARKER-998877 cold spots in the basement every night.
  - link "View My Case →":
    - /url: /my-cases/2a4c3ba7-7321-498d-8499-7aee1efd69ed
  - text: Submitted To BenCo Submitted 08/14/2026 · Response 08/14/2026 Accepted Submitted › Viewed › Under Review › Accepted ✓ IsHaunted.com © 2026
  - link "Help":
    - /url: /help
  - link "Contact":
    - /url: /contact</Message>
          <StackTrace>   at Microsoft.Playwright.Core.AssertionsBase.ExpectImplAsync(String expression, FrameExpectOptions expectOptions, Object expected, String message, String title) in /_/src/Playwright/Core/AssertionsBase.cs:line 95
   at Microsoft.Playwright.Core.AssertionsBase.ExpectImplAsync(String expression, ExpectedTextValue[] expectedText, Object expected, String message, String title, FrameExpectOptions options) in /_/src/Playwright/Core/AssertionsBase.cs:line 69
   at Ben.Web.Playwright.Tests.MyCaseDashboardTests.ClientRequestDetail_AssignedRequest_ShowsViewMyCasesButton() in /Users/ben/Source/Ben/Ben.Web.Playwright/Tests/MyCaseDashboardTests.cs:line 288
   at NUnit.Framework.Internal.Commands.TestMethodCommand.Execute(TestExecutionContext context)
   at NUnit.Framework.Internal.Commands.BeforeAndAfterTestCommand.&lt;&gt;c__DisplayClass1_0.&lt;Execute&gt;b__0()
   at NUnit.Framework.Internal.Commands.DelegatingTestCommand.RunTestMethodInThreadAbortSafeZone(TestExecutionContext context, Action action)
1)    at Microsoft.Playwright.Core.AssertionsBase.ExpectImplAsync(String expression, FrameExpectOptions expectOptions, Object expected, String message, String title) in /_/src/Playwright/Core/AssertionsBase.cs:line 95
   at Microsoft.Playwright.Core.AssertionsBase.ExpectImplAsync(String expression, ExpectedTextValue[] expectedText, Object expected, String message, String title, FrameExpectOptions options) in /_/src/Playwright/Core/AssertionsBase.cs:line 69
   at Ben.Web.Playwright.Tests.MyCaseDashboardTests.ClientRequestDetail_AssignedRequest_ShowsViewMyCasesButton() in /Users/ben/Source/Ben/Ben.Web.Playwright/Tests/MyCaseDashboardTests.cs:line 288
   at NUnit.Framework.Internal.Commands.TestMethodCommand.Execute(TestExecutionContext context)
   at NUnit.Framework.Internal.Commands.BeforeAndAfterTestCommand.&lt;&gt;c__DisplayClass1_0.&lt;Execute&gt;b__0()
   at NUnit.Framework.Internal.Commands.DelegatingTestCommand.RunTestMethodInThreadAbortSafeZone(TestExecutionContext context, Action action)
</StackTrace>
        </ErrorInfo>
      </Output>
    </UnitTestResult>
    <UnitTestResult executionId="54f50ace-8b89-4bb9-a066-c7f7fdb3ea97" testId="9e46a0bc-df78-3c0d-2f45-5d1406721867" testName="InvestigationsTab_IsVisibleOnCaseDetail" computerName="Bens-MacBook-Pro" duration="00:00:01.9129060" startTime="2026-08-18T15:39:23.9545360-05:00" endTime="2026-08-18T15:39:25.8674380-05:00" testType="13cdc9d9-ddb5-4fa4-a97d-d965ccfc6d4b" outcome="Failed" testListId="8c84fa94-04c1-424b-9868-57a2d4851a1d" relativeResultsDirectory="54f50ace-8b89-4bb9-a066-c7f7fdb3ea97">
      <Output>
        <ErrorInfo>
          <Message>Microsoft.Playwright.PlaywrightException : Locator expected to be visible
Error: strict mode violation: Locator(".app-content, main, .content-wrapper").First.GetByText("Cases") resolved to 4 elements:
    1) &lt;span class="k-column-title"&gt;Cases&lt;/span&gt; aka Locator("thead").GetByText("Cases")
    2) &lt;button type="button" class="dropdown-item"&gt;Cases&lt;/button&gt; aka GetByText("Cases").Nth(4)
    3) &lt;button type="button" class="dropdown-item"&gt;Cases&lt;/button&gt; aka GetByText("Cases").Nth(5)
    4) &lt;button type="button" class="dropdown-item"&gt;Cases&lt;/button&gt; aka GetByText("Cases", new() { Exact = true }).Nth(3)
 
Call log:
  - Expect "ToBeVisibleAsync" with timeout 8000ms
  - waiting for Locator(".app-content, main, .content-wrapper").First.GetByText("Cases")</Message>
          <StackTrace>   at Microsoft.Playwright.Core.AssertionsBase.ExpectImplAsync(String expression, FrameExpectOptions expectOptions, Object expected, String message, String title) in /_/src/Playwright/Core/AssertionsBase.cs:line 95
   at Microsoft.Playwright.Core.AssertionsBase.ExpectImplAsync(String expression, ExpectedTextValue[] expectedText, Object expected, String message, String title, FrameExpectOptions options) in /_/src/Playwright/Core/AssertionsBase.cs:line 69
   at Ben.Web.Playwright.Tests.InvestigationPanelTests.InvestigationsTab_IsVisibleOnCaseDetail() in /Users/ben/Source/Ben/Ben.Web.Playwright/Tests/InvestigationPanelTests.cs:line 42
   at NUnit.Framework.Internal.Commands.TestMethodCommand.Execute(TestExecutionContext context)
   at NUnit.Framework.Internal.Commands.BeforeAndAfterTestCommand.&lt;&gt;c__DisplayClass1_0.&lt;Execute&gt;b__0()
   at NUnit.Framework.Internal.Commands.DelegatingTestCommand.RunTestMethodInThreadAbortSafeZone(TestExecutionContext context, Action action)
1)    at Microsoft.Playwright.Core.AssertionsBase.ExpectImplAsync(String expression, FrameExpectOptions expectOptions, Object expected, String message, String title) in /_/src/Playwright/Core/AssertionsBase.cs:line 95
   at Microsoft.Playwright.Core.AssertionsBase.ExpectImplAsync(String expression, ExpectedTextValue[] expectedText, Object expected, String message, String title, FrameExpectOptions options) in /_/src/Playwright/Core/AssertionsBase.cs:line 69
   at Ben.Web.Playwright.Tests.InvestigationPanelTests.InvestigationsTab_IsVisibleOnCaseDetail() in /Users/ben/Source/Ben/Ben.Web.Playwright/Tests/InvestigationPanelTests.cs:line 42
   at NUnit.Framework.Internal.Commands.TestMethodCommand.Execute(TestExecutionContext context)
   at NUnit.Framework.Internal.Commands.BeforeAndAfterTestCommand.&lt;&gt;c__DisplayClass1_0.&lt;Execute&gt;b__0()
   at NUnit.Framework.Internal.Commands.DelegatingTestCommand.RunTestMethodInThreadAbortSafeZone(TestExecutionContext context, Action action)
</StackTrace>
        </ErrorInfo>
      </Output>
    </UnitTestResult>
    <UnitTestResult executionId="9b952e49-9a1a-41e2-a350-011f54d25a78" testId="a851263f-3f5b-1582-22b5-d57f021a052c" testName="PublicRoute_Renders((http://localhost:5078/find, Find))" computerName="Bens-MacBook-Pro" duration="00:00:00.9185260" startTime="2026-08-18T16:16:33.6475100-05:00" endTime="2026-08-18T16:16:34.5660380-05:00" testType="13cdc9d9-ddb5-4fa4-a97d-d965ccfc6d4b" outcome="Passed" testListId="8c84fa94-04c1-424b-9868-57a2d4851a1d" relativeResultsDirectory="9b952e49-9a1a-41e2-a350-011f54d25a78" />
    <UnitTestResult executionId="56ba1577-6bcc-49ef-9f4c-135cf6fe72f3" testId="0e7998bf-f002-f02c-7ebf-50f43db9fa17" testName="VideoEditorPage_Unauthenticated_NoErrorPage" computerName="Bens-MacBook-Pro" duration="00:00:00.9004550" startTime="2026-08-18T16:18:34.2855040-05:00" endTime="2026-08-18T16:18:35.1859610-05:00" testType="13cdc9d9-ddb5-4fa4-a97d-d965ccfc6d4b" outcome="Passed" testListId="8c84fa94-04c1-424b-9868-57a2d4851a1d" relativeResultsDirectory="56ba1577-6bcc-49ef-9f4c-135cf6fe72f3" />
    <UnitTestResult executionId="0f5966ad-872b-485c-af8e-c37e2640bf91" testId="2e8f9e2d-fafb-e090-1681-2cbe222276bf" testName="CaseDetail_RendersTitle" computerName="Bens-MacBook-Pro" duration="00:00:00.9224380" startTime="2026-08-18T16:16:08.1000960-05:00" endTime="2026-08-18T16:16:09.0225360-05:00" testType="13cdc9d9-ddb5-4fa4-a97d-d965ccfc6d4b" outcome="Passed" testListId="8c84fa94-04c1-424b-9868-57a2d4851a1d" relativeResultsDirectory="0f5966ad-872b-485c-af8e-c37e2640bf91" />
    <UnitTestResult executionId="fd9ea04f-5c56-423f-ab05-9dcff5994499" testId="541c06c7-ffa4-7360-aba1-402717f29f35" testName="VideoEditorPage_Authenticated_NoUnhandledErrorOnLoad" computerName="Bens-MacBook-Pro" duration="00:00:01.6849380" startTime="2026-08-18T16:17:04.2052430-05:00" endTime="2026-08-18T16:17:05.8901850-05:00" testType="13cdc9d9-ddb5-4fa4-a97d-d965ccfc6d4b" outcome="Passed" testListId="8c84fa94-04c1-424b-9868-57a2d4851a1d" relativeResultsDirectory="fd9ea04f-5c56-423f-ab05-9dcff5994499" />
    <UnitTestResult executionId="a46ecb59-d4c2-4758-a83a-cfc99e9aba17" testId="ebb00b1c-f249-0f17-da96-9e2ccc575589" testName="AdminUsers_BlockedForRegularUser" computerName="Bens-MacBook-Pro" duration="00:00:03.6379770" startTime="2026-08-18T15:33:43.4958820-05:00" endTime="2026-08-18T15:33:47.1338180-05:00" testType="13cdc9d9-ddb5-4fa4-a97d-d965ccfc6d4b" outcome="Passed" testListId="8c84fa94-04c1-424b-9868-57a2d4851a1d" relativeResultsDirectory="a46ecb59-d4c2-4758-a83a-cfc99e9aba17" />
    <UnitTestResult executionId="35d125b1-7b48-45cb-af87-1c4ad970e841" testId="7d1dfea7-4eec-6714-1bb0-93f743933012" testName="NavDrawer_MediaLibraryLinkNavigates" computerName="Bens-MacBook-Pro" duration="00:00:09.1611910" startTime="2026-08-18T15:42:05.4354270-05:00" endTime="2026-08-18T15:42:14.5961900-05:00" testType="13cdc9d9-ddb5-4fa4-a97d-d965ccfc6d4b" outcome="Failed" testListId="8c84fa94-04c1-424b-9868-57a2d4851a1d" relativeResultsDirectory="35d125b1-7b48-45cb-af87-1c4ad970e841">
      <Output>
        <ErrorInfo>
          <Message>Microsoft.Playwright.PlaywrightException : Locator expected to be visible
Error: element(s) not found 
Call log:
  - Expect "ToBeVisibleAsync" with timeout 8000ms
  - waiting for GetByRole(AriaRole.Menuitem, new() { Name = "Media Library", Exact = true })
Aria snapshot:
- banner:
  - link "IsHaunted.com":
    - /url: /
    - strong: Is
    - emphasis: Haunted
    - text: .com
  - button "Toggle Navigation Size":
    - img
  - button "Toggle Dark Mode"
  - button "Toggle Fullscreen"
  - button "Open Notifications": "7"
  - button "Open Profile Dropdown": SM
- complementary:
  - textbox "Filter menu":
    - /placeholder: Filter
  - navigation:
    - list:
      - listitem:
        - link "Home":
          - /url: /
      - listitem:
        - link "Request Investigation":
          - /url: /my-requests/new
      - listitem:
        - link "Join a Group":
          - /url: /find
      - listitem:
        - link "Equipment":
          - /url: /equipment-catalog
      - listitem:
        - link "Notifications":
          - /url: /notifications
      - listitem:
        - link "My Cases":
          - /url: /my-cases
      - listitem:
        - link "My Investigations":
          - /url: /my-investigations
      - listitem:
        - link "My Requests":
          - /url: /my-requests
      - listitem:
        - link "My Videos":
          - /url: /my-videos
      - listitem:
        - link "My Equipment":
          - /url: /my-equipment
      - listitem:
        - link "My Checkouts":
          - /url: /my-checkouts
      - listitem:
        - link "Gear Questions":
          - /url: /my-equipment/questions
      - listitem:
        - link "Organizations 7":
          - /url: /organizations
      - listitem:
        - link "Upload Files":
          - /url: /upload-files
      - listitem:
        - link "Media Library":
          - /url: /media-library
- main:
  - img "IsHaunted logo"
  - heading "IsHaunted.com" [level=1]
  - paragraph: Connect with paranormal investigation groups near you
  - searchbox "City, address, or zip code"
  - button "Find Groups" [disabled]
  - link "Browse All Groups":
    - /url: /find
  - link "Request an Investigation":
    - /url: /my-requests/new
  - heading "What's Near You" [level=4]
  - text: Within
  - combobox "Within":
    - option "10"
    - option "25" [selected]
    - option "50"
    - option "100"
  - textbox "Enter your city, address, or zip code"
  - button "Show what's near there" [disabled]
  - heading "Public Investigations" [level=4]
  - text: 5 cases worldwide
  - paragraph: Click a marker or case below to view details.
  - text: 3 \ud83d\udc7b \ud83d\udc7b © OpenStreetMap contributors
  - button "move up"
  - button "move right"
  - button "move down"
  - button "move left"
  - group:
    - button "zoom-in"
    - button "zoom-out"
  - paragraph: Pins show an approximate area, not an address. Case locations are deliberately published to within a few miles.
  - text: Sort by
  - group "Sort investigations":
    - button "Most Votes" [pressed]
    - button "Newest"
  - text: "#2026-001"
  - heading "Historic Shelby Street Bridge" [level=6]
  - paragraph: Nashville, TN
  - paragraph: BenCo
  - text: No votes yet ✓ 3 ✗ 0 ? 1 4 votes +3
  - button "✓ Confirms"
  - button "✗ Disputes"
  - button "? Inconclusive"
  - link "View":
    - /url: /o/benco/cases/2026-001
  - link "Group":
    - /url: /o/benco
  - text: "#2026-002"
  - heading "Bell Witch Cave — Annual Survey" [level=6]
  - paragraph: Adams, TN
  - paragraph: Tennessee Ghost Hunters
  - text: No votes yet ✓ 0 ✗ 0 ? 0 0 votes No votes
  - button "✓ Confirms"
  - button "✗ Disputes"
  - button "? Inconclusive"
  - link "View":
    - /url: /o/tgh/cases/2026-002
  - link "Group":
    - /url: /o/tgh
  - text: "#2026-001"
  - heading "The Old Ryman Auditorium Back Stage" [level=6]
  - paragraph: Nashville, TN
  - paragraph: Nashville Paranormal Society
  - text: No votes yet ✓ 3 ✗ 0 ? 0 3 votes +3
  - button "✓ Confirms"
  - button "✗ Disputes"
  - button "? Inconclusive"
  - link "View":
    - /url: /o/nps/cases/2026-001
  - link "Group":
    - /url: /o/nps
  - text: "#2026-001 \ud83d\udc7b Haunted"
  - heading "Abandoned Springfield Farmhouse" [level=6]
  - paragraph: Springfield, TN
  - paragraph: Tennessee Ghost Hunters
  - text: No votes yet ✓ 5 ✗ 0 ? 0 5 votes +5
  - button "✓ Confirms"
  - button "✗ Disputes"
  - button "? Inconclusive"
  - link "View":
    - /url: /o/tgh/cases/2026-001
  - link "Group":
    - /url: /o/tgh
  - text: "#2026-002 \ud83d\udc7b Haunted"
  - heading "The Hermitage Hotel — Presidential Suite" [level=6]
  - paragraph: Nashville, TN
  - paragraph: Nashville Paranormal Society
  - text: No votes yet ✓ 4 ✗ 0 ? 0 4 votes +4
  - button "✓ Confirms"
  - button "✗ Disputes"
  - button "? Inconclusive"
  - link "View":
    - /url: /o/nps/cases/2026-002
  - link "Group":
    - /url: /o/nps
  - text: IsHaunted.com © 2026
  - link "Help":
    - /url: /help
  - link "Contact":
    - /url: /contact</Message>
          <StackTrace>   at Microsoft.Playwright.Core.AssertionsBase.ExpectImplAsync(String expression, FrameExpectOptions expectOptions, Object expected, String message, String title) in /_/src/Playwright/Core/AssertionsBase.cs:line 95
   at Microsoft.Playwright.Core.AssertionsBase.ExpectImplAsync(String expression, ExpectedTextValue[] expectedText, Object expected, String message, String title, FrameExpectOptions options) in /_/src/Playwright/Core/AssertionsBase.cs:line 69
   at Ben.Web.Playwright.Tests.MediaLibraryTests.NavDrawer_MediaLibraryLinkNavigates() in /Users/ben/Source/Ben/Ben.Web.Playwright/Tests/MediaLibraryTests.cs:line 103
   at NUnit.Framework.Internal.Commands.TestMethodCommand.Execute(TestExecutionContext context)
   at NUnit.Framework.Internal.Commands.BeforeAndAfterTestCommand.&lt;&gt;c__DisplayClass1_0.&lt;Execute&gt;b__0()
   at NUnit.Framework.Internal.Commands.DelegatingTestCommand.RunTestMethodInThreadAbortSafeZone(TestExecutionContext context, Action action)
1)    at Microsoft.Playwright.Core.AssertionsBase.ExpectImplAsync(String expression, FrameExpectOptions expectOptions, Object expected, String message, String title) in /_/src/Playwright/Core/AssertionsBase.cs:line 95
   at Microsoft.Playwright.Core.AssertionsBase.ExpectImplAsync(String expression, ExpectedTextValue[] expectedText, Object expected, String message, String title, FrameExpectOptions options) in /_/src/Playwright/Core/AssertionsBase.cs:line 69
   at Ben.Web.Playwright.Tests.MediaLibraryTests.NavDrawer_MediaLibraryLinkNavigates() in /Users/ben/Source/Ben/Ben.Web.Playwright/Tests/MediaLibraryTests.cs:line 103
   at NUnit.Framework.Internal.Commands.TestMethodCommand.Execute(TestExecutionContext context)
   at NUnit.Framework.Internal.Commands.BeforeAndAfterTestCommand.&lt;&gt;c__DisplayClass1_0.&lt;Execute&gt;b__0()
   at NUnit.Framework.Internal.Commands.DelegatingTestCommand.RunTestMethodInThreadAbortSafeZone(TestExecutionContext context, Action action)
</StackTrace>
        </ErrorInfo>
      </Output>
    </UnitTestResult>
    <UnitTestResult executionId="353352de-91e3-4ad7-b2a1-8ceebd0cbc5f" testId="6b760833-169a-eba7-44ab-f39ae7a4a9b5" testName="Wizard_Step1_RendersAddressForm" computerName="Bens-MacBook-Pro" duration="00:00:11.6309370" startTime="2026-08-18T15:37:00.9897700-05:00" endTime="2026-08-18T15:37:12.6206800-05:00" testType="13cdc9d9-ddb5-4fa4-a97d-d965ccfc6d4b" outcome="Failed" testListId="8c84fa94-04c1-424b-9868-57a2d4851a1d" relativeResultsDirectory="353352de-91e3-4ad7-b2a1-8ceebd0cbc5f">
      <Output>
        <ErrorInfo>
          <Message>Microsoft.Playwright.PlaywrightException : Locator expected to be visible
Error: element(s) not found 
Call log:
  - Expect "ToBeVisibleAsync" with timeout 10000ms
  - waiting for Locator("input[placeholder*='address' i], input[placeholder*='street' i], input[placeholder*='city' i]").First
Aria snapshot:
- banner:
  - link "IsHaunted.com":
    - /url: /
    - strong: Is
    - emphasis: Haunted
    - text: .com
  - button "Toggle Navigation Size":
    - img
  - button "Toggle Dark Mode"
  - button "Toggle Fullscreen"
  - button "Open Notifications": "7"
  - button "Open Profile Dropdown": SM
- complementary:
  - textbox "Filter menu":
    - /placeholder: Filter
  - navigation:
    - list:
      - listitem:
        - link "Home":
          - /url: /
      - listitem:
        - link "Request Investigation":
          - /url: /my-requests/new
      - listitem:
        - link "Join a Group":
          - /url: /find
      - listitem:
        - link "Equipment":
          - /url: /equipment-catalog
      - listitem:
        - link "Notifications":
          - /url: /notifications
      - listitem:
        - link "My Cases":
          - /url: /my-cases
      - listitem:
        - link "My Investigations":
          - /url: /my-investigations
      - listitem:
        - link "My Requests":
          - /url: /my-requests
      - listitem:
        - link "My Videos":
          - /url: /my-videos
      - listitem:
        - link "My Equipment":
          - /url: /my-equipment
      - listitem:
        - link "My Checkouts":
          - /url: /my-checkouts
      - listitem:
        - link "Gear Questions":
          - /url: /my-equipment/questions
      - listitem:
        - link "Organizations 7":
          - /url: /organizations
      - listitem:
        - link "Upload Files":
          - /url: /upload-files
      - listitem:
        - link "Media Library":
          - /url: /media-library
- main:
  - heading "Request an Investigation" [level=2]
  - paragraph: Tell us about the activity you've experienced. Your request will be reviewed by paranormal investigation organizations in your area.
  - text: 1 2 3 4 Location About You Your Experiences Find Organizations Step 1 — Your Location
  - paragraph: Provide the address of the property you'd like investigated. This will be used to find organizations near you.
  - text: Street Address *
  - textbox "123 Main St"
  - text: Apt / Unit (optional)
  - textbox "Apt 4B"
  - text: City *
  - textbox
  - text: State *
  - textbox "TN"
  - text: ZIP Code *
  - textbox "37201"
  - button "Verify Address" [disabled]
  - 'button "Next: About You →"'
  - text: IsHaunted.com © 2026
  - link "Help":
    - /url: /help
  - link "Contact":
    - /url: /contact</Message>
          <StackTrace>   at Microsoft.Playwright.Core.AssertionsBase.ExpectImplAsync(String expression, FrameExpectOptions expectOptions, Object expected, String message, String title) in /_/src/Playwright/Core/AssertionsBase.cs:line 95
   at Microsoft.Playwright.Core.AssertionsBase.ExpectImplAsync(String expression, ExpectedTextValue[] expectedText, Object expected, String message, String title, FrameExpectOptions options) in /_/src/Playwright/Core/AssertionsBase.cs:line 69
   at Ben.Web.Playwright.Tests.ClientRequestTests.Wizard_Step1_RendersAddressForm() in /Users/ben/Source/Ben/Ben.Web.Playwright/Tests/ClientRequestTests.cs:line 50
   at NUnit.Framework.Internal.Commands.TestMethodCommand.Execute(TestExecutionContext context)
   at NUnit.Framework.Internal.Commands.BeforeAndAfterTestCommand.&lt;&gt;c__DisplayClass1_0.&lt;Execute&gt;b__0()
   at NUnit.Framework.Internal.Commands.DelegatingTestCommand.RunTestMethodInThreadAbortSafeZone(TestExecutionContext context, Action action)
1)    at Microsoft.Playwright.Core.AssertionsBase.ExpectImplAsync(String expression, FrameExpectOptions expectOptions, Object expected, String message, String title) in /_/src/Playwright/Core/AssertionsBase.cs:line 95
   at Microsoft.Playwright.Core.AssertionsBase.ExpectImplAsync(String expression, ExpectedTextValue[] expectedText, Object expected, String message, String title, FrameExpectOptions options) in /_/src/Playwright/Core/AssertionsBase.cs:line 69
   at Ben.Web.Playwright.Tests.ClientRequestTests.Wizard_Step1_RendersAddressForm() in /Users/ben/Source/Ben/Ben.Web.Playwright/Tests/ClientRequestTests.cs:line 50
   at NUnit.Framework.Internal.Commands.TestMethodCommand.Execute(TestExecutionContext context)
   at NUnit.Framework.Internal.Commands.BeforeAndAfterTestCommand.&lt;&gt;c__DisplayClass1_0.&lt;Execute&gt;b__0()
   at NUnit.Framework.Internal.Commands.DelegatingTestCommand.RunTestMethodInThreadAbortSafeZone(TestExecutionContext context, Action action)
</StackTrace>
        </ErrorInfo>
      </Output>
    </UnitTestResult>
    <UnitTestResult executionId="5855bf8c-8b5e-4a78-b242-8548586fb25a" testId="aae02bf6-4e52-e775-3251-cb2a32aac860" testName="DragModeToggle_DefaultsToCreateRegion_AndTogglesToScrub" computerName="Bens-MacBook-Pro" duration="00:00:01.7352450" startTime="2026-08-18T15:33:50.7876340-05:00" endTime="2026-08-18T15:33:52.5228650-05:00" testType="13cdc9d9-ddb5-4fa4-a97d-d965ccfc6d4b" outcome="Passed" testListId="8c84fa94-04c1-424b-9868-57a2d4851a1d" relativeResultsDirectory="5855bf8c-8b5e-4a78-b242-8548586fb25a">
      <Output>
        <StdOut>TGH org not visible; seed data may differ.</StdOut>
      </Output>
    </UnitTestResult>
    <UnitTestResult executionId="4e989a8e-8543-4c2d-83f7-5473c1a8045c" testId="87c78370-2caa-e221-4d51-033daf6875a0" testName="OrgRequests_Cards_ShowStatusBadge" computerName="Bens-MacBook-Pro" duration="00:00:01.9318310" startTime="2026-08-18T16:16:23.1279440-05:00" endTime="2026-08-18T16:16:25.0597800-05:00" testType="13cdc9d9-ddb5-4fa4-a97d-d965ccfc6d4b" outcome="Passed" testListId="8c84fa94-04c1-424b-9868-57a2d4851a1d" relativeResultsDirectory="4e989a8e-8543-4c2d-83f7-5473c1a8045c">
      <Output>
        <StdOut>No pending requests found — DevelopmentDataSeeder may not have run.</StdOut>
      </Output>
    </UnitTestResult>
    <UnitTestResult executionId="02220a32-ecab-4391-b15d-707b176b55da" testId="a6557351-31a6-7133-14e8-adab09239cb6" testName="HomeList_AuthUser_SeesVoteWidgetPerCard" computerName="Bens-MacBook-Pro" duration="00:00:01.8258870" startTime="2026-08-18T16:18:43.9873440-05:00" endTime="2026-08-18T16:18:45.8132350-05:00" testType="13cdc9d9-ddb5-4fa4-a97d-d965ccfc6d4b" outcome="Passed" testListId="8c84fa94-04c1-424b-9868-57a2d4851a1d" relativeResultsDirectory="02220a32-ecab-4391-b15d-707b176b55da" />
    <UnitTestResult executionId="917d93e2-5905-47fb-91e1-e2a9c46d6b1b" testId="ee8333eb-e666-9985-8684-226812ae5439" testName="Page_RendersFileList" computerName="Bens-MacBook-Pro" duration="00:00:01.6368050" startTime="2026-08-18T16:16:59.2462470-05:00" endTime="2026-08-18T16:17:00.8830560-05:00" testType="13cdc9d9-ddb5-4fa4-a97d-d965ccfc6d4b" outcome="Failed" testListId="8c84fa94-04c1-424b-9868-57a2d4851a1d" relativeResultsDirectory="917d93e2-5905-47fb-91e1-e2a9c46d6b1b">
      <Output>
        <ErrorInfo>
          <Message>  Assert.That(body, Is.Not.Empty)
  Expected: not &lt;empty&gt;
  But was:  &lt;string.Empty&gt;
</Message>
          <StackTrace>   at Ben.Web.Playwright.Tests.UploadFilesTests.Page_RendersFileList() in /Users/ben/Source/Ben/Ben.Web.Playwright/Tests/UploadFilesTests.cs:line 23
   at NUnit.Framework.Internal.Commands.TestMethodCommand.Execute(TestExecutionContext context)
   at NUnit.Framework.Internal.Commands.BeforeAndAfterTestCommand.&lt;&gt;c__DisplayClass1_0.&lt;Execute&gt;b__0()
   at NUnit.Framework.Internal.Commands.DelegatingTestCommand.RunTestMethodInThreadAbortSafeZone(TestExecutionContext context, Action action)

1)    at Ben.Web.Playwright.Tests.UploadFilesTests.Page_RendersFileList() in /Users/ben/Source/Ben/Ben.Web.Playwright/Tests/UploadFilesTests.cs:line 23

</StackTrace>
        </ErrorInfo>
      </Output>
    </UnitTestResult>
    <UnitTestResult executionId="8da990b3-16b6-4868-ba06-9f9b285ba219" testId="01f34dac-b5c5-1dce-5387-c3eda7ae40f4" testName="AdminUserDetail_HasProfileTab" computerName="Bens-MacBook-Pro" duration="00:00:02.0439670" startTime="2026-08-18T15:33:39.5393530-05:00" endTime="2026-08-18T15:33:41.5832900-05:00" testType="13cdc9d9-ddb5-4fa4-a97d-d965ccfc6d4b" outcome="Failed" testListId="8c84fa94-04c1-424b-9868-57a2d4851a1d" relativeResultsDirectory="8da990b3-16b6-4868-ba06-9f9b285ba219">
      <Output>
        <ErrorInfo>
          <Message>Microsoft.Playwright.PlaywrightException : Locator expected to be visible
Error: strict mode violation: GetByText("Profile") resolved to 3 elements:
    1) &lt;button type="button" class="dropdown-item"&gt;My Profile&lt;/button&gt; aka GetByText("My Profile")
    2) &lt;button role="tab" type="button" aria-selected="true" class="nav-link active "&gt;Profile&lt;/button&gt; aka GetByRole(AriaRole.Tab, new() { Name = "Profile" })
    3) &lt;button type="button" class="btn btn-primary"&gt;Save Profile&lt;/button&gt; aka GetByRole(AriaRole.Button, new() { Name = "Save Profile" })
 
Call log:
  - Expect "ToBeVisibleAsync" with timeout 8000ms
  - waiting for GetByText("Profile")
    3 × locator resolved to &lt;button type="button" class="dropdown-item"&gt;My Profile&lt;/button&gt;
      - unexpected value "hidden"</Message>
          <StackTrace>   at Microsoft.Playwright.Core.AssertionsBase.ExpectImplAsync(String expression, FrameExpectOptions expectOptions, Object expected, String message, String title) in /_/src/Playwright/Core/AssertionsBase.cs:line 95
   at Microsoft.Playwright.Core.AssertionsBase.ExpectImplAsync(String expression, ExpectedTextValue[] expectedText, Object expected, String message, String title, FrameExpectOptions options) in /_/src/Playwright/Core/AssertionsBase.cs:line 69
   at Ben.Web.Playwright.Tests.AdminTests.AdminUserDetail_HasProfileTab() in /Users/ben/Source/Ben/Ben.Web.Playwright/Tests/AdminTests.cs:line 82
   at NUnit.Framework.Internal.AsyncToSyncAdapter.Await(TestExecutionContext context, Func`1 invoke)
   at NUnit.Framework.Internal.Commands.TestMethodCommand.RunTestMethod(TestExecutionContext context)
   at NUnit.Framework.Internal.Commands.TestMethodCommand.Execute(TestExecutionContext context)
   at NUnit.Framework.Internal.Commands.BeforeAndAfterTestCommand.&lt;&gt;c__DisplayClass1_0.&lt;Execute&gt;b__0()
   at NUnit.Framework.Internal.Commands.DelegatingTestCommand.RunTestMethodInThreadAbortSafeZone(TestExecutionContext context, Action action)
1)    at Microsoft.Playwright.Core.AssertionsBase.ExpectImplAsync(String expression, FrameExpectOptions expectOptions, Object expected, String message, String title) in /_/src/Playwright/Core/AssertionsBase.cs:line 95
   at Microsoft.Playwright.Core.AssertionsBase.ExpectImplAsync(String expression, ExpectedTextValue[] expectedText, Object expected, String message, String title, FrameExpectOptions options) in /_/src/Playwright/Core/AssertionsBase.cs:line 69
   at Ben.Web.Playwright.Tests.AdminTests.AdminUserDetail_HasProfileTab() in /Users/ben/Source/Ben/Ben.Web.Playwright/Tests/AdminTests.cs:line 82
   at NUnit.Framework.Internal.AsyncToSyncAdapter.Await(TestExecutionContext context, Func`1 invoke)
   at NUnit.Framework.Internal.Commands.TestMethodCommand.RunTestMethod(TestExecutionContext context)
   at NUnit.Framework.Internal.Commands.TestMethodCommand.Execute(TestExecutionContext context)
   at NUnit.Framework.Internal.Commands.BeforeAndAfterTestCommand.&lt;&gt;c__DisplayClass1_0.&lt;Execute&gt;b__0()
   at NUnit.Framework.Internal.Commands.DelegatingTestCommand.RunTestMethodInThreadAbortSafeZone(TestExecutionContext context, Action action)
</StackTrace>
        </ErrorInfo>
      </Output>
    </UnitTestResult>
    <UnitTestResult executionId="6bfc3c36-b905-4417-b2a7-13002b4f9e11" testId="4352e8c7-f4c6-00b1-9061-c5e4e0e4c5f9" testName="VideoEditorPage_Authenticated_NoSignInMessageShown" computerName="Bens-MacBook-Pro" duration="00:00:01.6428670" startTime="2026-08-18T16:17:02.5623510-05:00" endTime="2026-08-18T16:17:04.2052220-05:00" testType="13cdc9d9-ddb5-4fa4-a97d-d965ccfc6d4b" outcome="Failed" testListId="8c84fa94-04c1-424b-9868-57a2d4851a1d" relativeResultsDirectory="6bfc3c36-b905-4417-b2a7-13002b4f9e11">
      <Output>
        <ErrorInfo>
          <Message>  Auth message should not appear for logged-in users.
Assert.That(await msg.IsVisibleAsync(), Is.False)
  Expected: False
  But was:  True
</Message>
          <StackTrace>   at Ben.Web.Playwright.Tests.VideoEditorTests.VideoEditorPage_Authenticated_NoSignInMessageShown() in /Users/ben/Source/Ben/Ben.Web.Playwright/Tests/VideoEditorTests.cs:line 85
   at NUnit.Framework.Internal.Commands.TestMethodCommand.Execute(TestExecutionContext context)
   at NUnit.Framework.Internal.Commands.BeforeAndAfterTestCommand.&lt;&gt;c__DisplayClass1_0.&lt;Execute&gt;b__0()
   at NUnit.Framework.Internal.Commands.DelegatingTestCommand.RunTestMethodInThreadAbortSafeZone(TestExecutionContext context, Action action)

1)    at Ben.Web.Playwright.Tests.VideoEditorTests.VideoEditorPage_Authenticated_NoSignInMessageShown() in /Users/ben/Source/Ben/Ben.Web.Playwright/Tests/VideoEditorTests.cs:line 85

</StackTrace>
        </ErrorInfo>
      </Output>
    </UnitTestResult>
    <UnitTestResult executionId="54e1fcd3-aa11-4725-98f5-bb5a3c97d5d9" testId="d4ddda1c-9dcf-7abd-2881-691cdfde4096" testName="CaseDetail_Header_ShowsUnassignedWhenNoManager" computerName="Bens-MacBook-Pro" duration="00:00:09.7824370" startTime="2026-08-18T15:33:59.9783190-05:00" endTime="2026-08-18T15:34:09.7607080-05:00" testType="13cdc9d9-ddb5-4fa4-a97d-d965ccfc6d4b" outcome="Failed" testListId="8c84fa94-04c1-424b-9868-57a2d4851a1d" relativeResultsDirectory="54e1fcd3-aa11-4725-98f5-bb5a3c97d5d9">
      <Output>
        <ErrorInfo>
          <Message>Microsoft.Playwright.PlaywrightException : Locator expected to be visible
Error: element(s) not found 
Call log:
  - Expect "ToBeVisibleAsync" with timeout 8000ms
  - waiting for GetByText("Park").First
Aria snapshot:
- banner:
  - link "IsHaunted.com":
    - /url: /
    - strong: Is
    - emphasis: Haunted
    - text: .com
  - button "Toggle Navigation Size":
    - img
  - button "Toggle Dark Mode"
  - button "Toggle Fullscreen"
  - button "Open Notifications": "5"
  - button "Open Profile Dropdown": SM
- complementary:
  - textbox "Filter menu":
    - /placeholder: Filter
  - navigation:
    - list:
      - listitem:
        - link "Home":
          - /url: /
      - listitem:
        - link "Request Investigation":
          - /url: /my-requests/new
      - listitem:
        - link "Join a Group":
          - /url: /find
      - listitem:
        - link "Equipment":
          - /url: /equipment-catalog
      - listitem:
        - link "Notifications":
          - /url: /notifications
      - listitem:
        - link "My Cases":
          - /url: /my-cases
      - listitem:
        - link "My Investigations":
          - /url: /my-investigations
      - listitem:
        - link "My Requests":
          - /url: /my-requests
      - listitem:
        - link "My Videos":
          - /url: /my-videos
      - listitem:
        - link "My Equipment":
          - /url: /my-equipment
      - listitem:
        - link "My Checkouts":
          - /url: /my-checkouts
      - listitem:
        - link "Gear Questions":
          - /url: /my-equipment/questions
      - listitem:
        - link "Organizations 5":
          - /url: /organizations
      - listitem:
        - link "Upload Files":
          - /url: /upload-files
      - listitem:
        - link "Media Library":
          - /url: /media-library
- main:
  - heading "My Cases" [level=3]
  - paragraph: You have no active cases.
  - paragraph: Cases appear here after an investigation group accepts your request.
  - link "View My Requests":
    - /url: /my-requests
  - text: IsHaunted.com © 2026
  - link "Help":
    - /url: /help
  - link "Contact":
    - /url: /contact</Message>
          <StackTrace>   at Microsoft.Playwright.Core.AssertionsBase.ExpectImplAsync(String expression, FrameExpectOptions expectOptions, Object expected, String message, String title) in /_/src/Playwright/Core/AssertionsBase.cs:line 95
   at Microsoft.Playwright.Core.AssertionsBase.ExpectImplAsync(String expression, ExpectedTextValue[] expectedText, Object expected, String message, String title, FrameExpectOptions options) in /_/src/Playwright/Core/AssertionsBase.cs:line 69
   at Ben.Web.Playwright.Tests.CaseManagerAssignmentTests.NavigateToTghCaseDetail() in /Users/ben/Source/Ben/Ben.Web.Playwright/Tests/CaseManagerAssignmentTests.cs:line 33
   at Ben.Web.Playwright.Tests.CaseManagerAssignmentTests.CaseDetail_Header_ShowsUnassignedWhenNoManager() in /Users/ben/Source/Ben/Ben.Web.Playwright/Tests/CaseManagerAssignmentTests.cs:line 77
   at NUnit.Framework.Internal.AsyncToSyncAdapter.Await(TestExecutionContext context, Func`1 invoke)
   at NUnit.Framework.Internal.Commands.TestMethodCommand.RunTestMethod(TestExecutionContext context)
   at NUnit.Framework.Internal.Commands.TestMethodCommand.Execute(TestExecutionContext context)
   at NUnit.Framework.Internal.Commands.BeforeAndAfterTestCommand.&lt;&gt;c__DisplayClass1_0.&lt;Execute&gt;b__0()
   at NUnit.Framework.Internal.Commands.DelegatingTestCommand.RunTestMethodInThreadAbortSafeZone(TestExecutionContext context, Action action)
1)    at Microsoft.Playwright.Core.AssertionsBase.ExpectImplAsync(String expression, FrameExpectOptions expectOptions, Object expected, String message, String title) in /_/src/Playwright/Core/AssertionsBase.cs:line 95
   at Microsoft.Playwright.Core.AssertionsBase.ExpectImplAsync(String expression, ExpectedTextValue[] expectedText, Object expected, String message, String title, FrameExpectOptions options) in /_/src/Playwright/Core/AssertionsBase.cs:line 69
   at Ben.Web.Playwright.Tests.CaseManagerAssignmentTests.NavigateToTghCaseDetail() in /Users/ben/Source/Ben/Ben.Web.Playwright/Tests/CaseManagerAssignmentTests.cs:line 33
   at Ben.Web.Playwright.Tests.CaseManagerAssignmentTests.CaseDetail_Header_ShowsUnassignedWhenNoManager() in /Users/ben/Source/Ben/Ben.Web.Playwright/Tests/CaseManagerAssignmentTests.cs:line 77
   at NUnit.Framework.Internal.AsyncToSyncAdapter.Await(TestExecutionContext context, Func`1 invoke)
   at NUnit.Framework.Internal.Commands.TestMethodCommand.RunTestMethod(TestExecutionContext context)
   at NUnit.Framework.Internal.Commands.TestMethodCommand.Execute(TestExecutionContext context)
   at NUnit.Framework.Internal.Commands.BeforeAndAfterTestCommand.&lt;&gt;c__DisplayClass1_0.&lt;Execute&gt;b__0()
   at NUnit.Framework.Internal.Commands.DelegatingTestCommand.RunTestMethodInThreadAbortSafeZone(TestExecutionContext context, Action action)
</StackTrace>
        </ErrorInfo>
      </Output>
    </UnitTestResult>
    <UnitTestResult executionId="b5482209-d629-4636-8e0b-4728e8190909" testId="1187b816-e4cf-8431-0471-dd05736348e3" testName="OrgView_FilesTab_Renders" computerName="Bens-MacBook-Pro" duration="00:00:01.7223150" startTime="2026-08-18T16:14:01.9475290-05:00" endTime="2026-08-18T16:14:03.6698480-05:00" testType="13cdc9d9-ddb5-4fa4-a97d-d965ccfc6d4b" outcome="Passed" testListId="8c84fa94-04c1-424b-9868-57a2d4851a1d" relativeResultsDirectory="b5482209-d629-4636-8e0b-4728e8190909">
      <Output>
        <StdOut>Files tab not visible for this user role.</StdOut>
      </Output>
    </UnitTestResult>
    <UnitTestResult executionId="6bf5cc1f-ac32-4bfd-9e40-83911e2fd3bc" testId="23cb9476-644f-cb09-3028-17f0e5bb7309" testName="Investigations_SectionHeadingVisible" computerName="Bens-MacBook-Pro" duration="00:00:01.0354239" startTime="2026-08-18T15:39:19.1137400-05:00" endTime="2026-08-18T15:39:20.1491620-05:00" testType="13cdc9d9-ddb5-4fa4-a97d-d965ccfc6d4b" outcome="Passed" testListId="8c84fa94-04c1-424b-9868-57a2d4851a1d" relativeResultsDirectory="6bf5cc1f-ac32-4bfd-9e40-83911e2fd3bc" />
    <UnitTestResult executionId="ac8cf75d-342e-4b99-b9d8-3387b485b672" testId="3487780e-f7ee-a6e9-4bf6-1bff5daf6f43" testName="Wizard_Step1_RendersAllAddressFields" computerName="Bens-MacBook-Pro" duration="00:00:06.6466750" startTime="2026-08-18T15:36:43.6826550-05:00" endTime="2026-08-18T15:36:50.3293140-05:00" testType="13cdc9d9-ddb5-4fa4-a97d-d965ccfc6d4b" outcome="Failed" testListId="8c84fa94-04c1-424b-9868-57a2d4851a1d" relativeResultsDirectory="ac8cf75d-342e-4b99-b9d8-3387b485b672">
      <Output>
        <ErrorInfo>
          <Message>Microsoft.Playwright.PlaywrightException : Locator expected to be visible
Error: element(s) not found 
Call log:
  - Expect "ToBeVisibleAsync" with timeout 5000ms
  - waiting for GetByText("City", new() { Exact = true })
Aria snapshot:
- banner:
  - link "IsHaunted.com":
    - /url: /
    - strong: Is
    - emphasis: Haunted
    - text: .com
  - button "Toggle Navigation Size":
    - img
  - button "Toggle Dark Mode"
  - button "Toggle Fullscreen"
  - button "Open Notifications": "7"
  - button "Open Profile Dropdown": SM
- complementary:
  - textbox "Filter menu":
    - /placeholder: Filter
  - navigation:
    - list:
      - listitem:
        - link "Home":
          - /url: /
      - listitem:
        - link "Request Investigation":
          - /url: /my-requests/new
      - listitem:
        - link "Join a Group":
          - /url: /find
      - listitem:
        - link "Equipment":
          - /url: /equipment-catalog
      - listitem:
        - link "Notifications":
          - /url: /notifications
      - listitem:
        - link "My Cases":
          - /url: /my-cases
      - listitem:
        - link "My Investigations":
          - /url: /my-investigations
      - listitem:
        - link "My Requests":
          - /url: /my-requests
      - listitem:
        - link "My Videos":
          - /url: /my-videos
      - listitem:
        - link "My Equipment":
          - /url: /my-equipment
      - listitem:
        - link "My Checkouts":
          - /url: /my-checkouts
      - listitem:
        - link "Gear Questions":
          - /url: /my-equipment/questions
      - listitem:
        - link "Organizations 7":
          - /url: /organizations
      - listitem:
        - link "Upload Files":
          - /url: /upload-files
      - listitem:
        - link "Media Library":
          - /url: /media-library
- main:
  - heading "Request an Investigation" [level=2]
  - paragraph: Tell us about the activity you've experienced. Your request will be reviewed by paranormal investigation organizations in your area.
  - text: 1 2 3 4 Location About You Your Experiences Find Organizations Step 1 — Your Location
  - paragraph: Provide the address of the property you'd like investigated. This will be used to find organizations near you.
  - text: Street Address *
  - textbox "123 Main St"
  - text: Apt / Unit (optional)
  - textbox "Apt 4B"
  - text: City *
  - textbox
  - text: State *
  - textbox "TN"
  - text: ZIP Code *
  - textbox "37201"
  - button "Verify Address" [disabled]
  - 'button "Next: About You →"'
  - text: IsHaunted.com © 2026
  - link "Help":
    - /url: /help
  - link "Contact":
    - /url: /contact</Message>
          <StackTrace>   at Microsoft.Playwright.Core.AssertionsBase.ExpectImplAsync(String expression, FrameExpectOptions expectOptions, Object expected, String message, String title) in /_/src/Playwright/Core/AssertionsBase.cs:line 95
   at Microsoft.Playwright.Core.AssertionsBase.ExpectImplAsync(String expression, ExpectedTextValue[] expectedText, Object expected, String message, String title, FrameExpectOptions options) in /_/src/Playwright/Core/AssertionsBase.cs:line 69
   at Ben.Web.Playwright.Tests.ClientRequestNavTests.Wizard_Step1_RendersAllAddressFields() in /Users/ben/Source/Ben/Ben.Web.Playwright/Tests/ClientRequestNavTests.cs:line 73
   at NUnit.Framework.Internal.AsyncToSyncAdapter.Await(TestExecutionContext context, Func`1 invoke)
   at NUnit.Framework.Internal.Commands.TestMethodCommand.RunTestMethod(TestExecutionContext context)
   at NUnit.Framework.Internal.Commands.TestMethodCommand.Execute(TestExecutionContext context)
   at NUnit.Framework.Internal.Commands.BeforeAndAfterTestCommand.&lt;&gt;c__DisplayClass1_0.&lt;Execute&gt;b__0()
   at NUnit.Framework.Internal.Commands.DelegatingTestCommand.RunTestMethodInThreadAbortSafeZone(TestExecutionContext context, Action action)
1)    at Microsoft.Playwright.Core.AssertionsBase.ExpectImplAsync(String expression, FrameExpectOptions expectOptions, Object expected, String message, String title) in /_/src/Playwright/Core/AssertionsBase.cs:line 95
   at Microsoft.Playwright.Core.AssertionsBase.ExpectImplAsync(String expression, ExpectedTextValue[] expectedText, Object expected, String message, String title, FrameExpectOptions options) in /_/src/Playwright/Core/AssertionsBase.cs:line 69
   at Ben.Web.Playwright.Tests.ClientRequestNavTests.Wizard_Step1_RendersAllAddressFields() in /Users/ben/Source/Ben/Ben.Web.Playwright/Tests/ClientRequestNavTests.cs:line 73
   at NUnit.Framework.Internal.AsyncToSyncAdapter.Await(TestExecutionContext context, Func`1 invoke)
   at NUnit.Framework.Internal.Commands.TestMethodCommand.RunTestMethod(TestExecutionContext context)
   at NUnit.Framework.Internal.Commands.TestMethodCommand.Execute(TestExecutionContext context)
   at NUnit.Framework.Internal.Commands.BeforeAndAfterTestCommand.&lt;&gt;c__DisplayClass1_0.&lt;Execute&gt;b__0()
   at NUnit.Framework.Internal.Commands.DelegatingTestCommand.RunTestMethodInThreadAbortSafeZone(TestExecutionContext context, Action action)
</StackTrace>
        </ErrorInfo>
      </Output>
    </UnitTestResult>
    <UnitTestResult executionId="bb7e3706-8273-4bd9-9c4e-a78f0213d602" testId="a90cc3db-0923-cc35-9605-9ec0ae79752b" testName="Granted_ShowsSeededGroup" computerName="Bens-MacBook-Pro" duration="00:00:01.0609280" startTime="2026-08-18T16:13:13.2175480-05:00" endTime="2026-08-18T16:13:14.2784830-05:00" testType="13cdc9d9-ddb5-4fa4-a97d-d965ccfc6d4b" outcome="Passed" testListId="8c84fa94-04c1-424b-9868-57a2d4851a1d" relativeResultsDirectory="bb7e3706-8273-4bd9-9c4e-a78f0213d602" />
    <UnitTestResult executionId="f77b222f-65e8-49c3-a14c-7273adcdb015" testId="f15f8628-ef09-e13a-890f-5ee068afeff2" testName="OrgCaseDetail_MessagesTab_IsVisible" computerName="Bens-MacBook-Pro" duration="00:00:09.8766980" startTime="2026-08-18T15:35:39.3922800-05:00" endTime="2026-08-18T15:35:49.2689540-05:00" testType="13cdc9d9-ddb5-4fa4-a97d-d965ccfc6d4b" outcome="Failed" testListId="8c84fa94-04c1-424b-9868-57a2d4851a1d" relativeResultsDirectory="f77b222f-65e8-49c3-a14c-7273adcdb015">
      <Output>
        <ErrorInfo>
          <Message>Microsoft.Playwright.PlaywrightException : Locator expected to be visible
Error: element(s) not found 
Call log:
  - Expect "ToBeVisibleAsync" with timeout 8000ms
  - waiting for GetByText("Park").First
Aria snapshot:
- banner:
  - link "IsHaunted.com":
    - /url: /
    - strong: Is
    - emphasis: Haunted
    - text: .com
  - button "Toggle Navigation Size":
    - img
  - button "Toggle Dark Mode"
  - button "Toggle Fullscreen"
  - button "Open Notifications": "7"
  - button "Open Profile Dropdown": SM
- complementary:
  - textbox "Filter menu":
    - /placeholder: Filter
  - navigation:
    - list:
      - listitem:
        - link "Home":
          - /url: /
      - listitem:
        - link "Request Investigation":
          - /url: /my-requests/new
      - listitem:
        - link "Join a Group":
          - /url: /find
      - listitem:
        - link "Equipment":
          - /url: /equipment-catalog
      - listitem:
        - link "Notifications":
          - /url: /notifications
      - listitem:
        - link "My Cases":
          - /url: /my-cases
      - listitem:
        - link "My Investigations":
          - /url: /my-investigations
      - listitem:
        - link "My Requests":
          - /url: /my-requests
      - listitem:
        - link "My Videos":
          - /url: /my-videos
      - listitem:
        - link "My Equipment":
          - /url: /my-equipment
      - listitem:
        - link "My Checkouts":
          - /url: /my-checkouts
      - listitem:
        - link "Gear Questions":
          - /url: /my-equipment/questions
      - listitem:
        - link "Organizations 7":
          - /url: /organizations
      - listitem:
        - link "Upload Files":
          - /url: /upload-files
      - listitem:
        - link "Media Library":
          - /url: /media-library
- main:
  - heading "My Cases" [level=3]
  - paragraph: You have no active cases.
  - paragraph: Cases appear here after an investigation group accepts your request.
  - link "View My Requests":
    - /url: /my-requests
  - text: IsHaunted.com © 2026
  - link "Help":
    - /url: /help
  - link "Contact":
    - /url: /contact</Message>
          <StackTrace>   at Microsoft.Playwright.Core.AssertionsBase.ExpectImplAsync(String expression, FrameExpectOptions expectOptions, Object expected, String message, String title) in /_/src/Playwright/Core/AssertionsBase.cs:line 95
   at Microsoft.Playwright.Core.AssertionsBase.ExpectImplAsync(String expression, ExpectedTextValue[] expectedText, Object expected, String message, String title, FrameExpectOptions options) in /_/src/Playwright/Core/AssertionsBase.cs:line 69
   at Ben.Web.Playwright.Tests.CaseMessageBoardTests.OrgCaseDetail_MessagesTab_IsVisible() in /Users/ben/Source/Ben/Ben.Web.Playwright/Tests/CaseMessageBoardTests.cs:line 174
   at NUnit.Framework.Internal.AsyncToSyncAdapter.Await(TestExecutionContext context, Func`1 invoke)
   at NUnit.Framework.Internal.Commands.TestMethodCommand.RunTestMethod(TestExecutionContext context)
   at NUnit.Framework.Internal.Commands.TestMethodCommand.Execute(TestExecutionContext context)
   at NUnit.Framework.Internal.Commands.BeforeAndAfterTestCommand.&lt;&gt;c__DisplayClass1_0.&lt;Execute&gt;b__0()
   at NUnit.Framework.Internal.Commands.DelegatingTestCommand.RunTestMethodInThreadAbortSafeZone(TestExecutionContext context, Action action)
1)    at Microsoft.Playwright.Core.AssertionsBase.ExpectImplAsync(String expression, FrameExpectOptions expectOptions, Object expected, String message, String title) in /_/src/Playwright/Core/AssertionsBase.cs:line 95
   at Microsoft.Playwright.Core.AssertionsBase.ExpectImplAsync(String expression, ExpectedTextValue[] expectedText, Object expected, String message, String title, FrameExpectOptions options) in /_/src/Playwright/Core/AssertionsBase.cs:line 69
   at Ben.Web.Playwright.Tests.CaseMessageBoardTests.OrgCaseDetail_MessagesTab_IsVisible() in /Users/ben/Source/Ben/Ben.Web.Playwright/Tests/CaseMessageBoardTests.cs:line 174
   at NUnit.Framework.Internal.AsyncToSyncAdapter.Await(TestExecutionContext context, Func`1 invoke)
   at NUnit.Framework.Internal.Commands.TestMethodCommand.RunTestMethod(TestExecutionContext context)
   at NUnit.Framework.Internal.Commands.TestMethodCommand.Execute(TestExecutionContext context)
   at NUnit.Framework.Internal.Commands.BeforeAndAfterTestCommand.&lt;&gt;c__DisplayClass1_0.&lt;Execute&gt;b__0()
   at NUnit.Framework.Internal.Commands.DelegatingTestCommand.RunTestMethodInThreadAbortSafeZone(TestExecutionContext context, Action action)
</StackTrace>
        </ErrorInfo>
      </Output>
    </UnitTestResult>
[...]
    <TestEntry testId="2bf985a9-0524-67ca-8044-f022976f538a" executionId="d5401171-c00c-46dd-bbf2-ed259de4e72a" testListId="8c84fa94-04c1-424b-9868-57a2d4851a1d" />
    <TestEntry testId="237d70d0-4088-07fd-4391-646504ff2d0c" executionId="d260c7a6-8b4a-4c47-a30e-03019c945668" testListId="8c84fa94-04c1-424b-9868-57a2d4851a1d" />
    <TestEntry testId="8098ec2f-23e7-7804-99ef-0c81744ef6c2" executionId="5d232b04-78a0-4199-9f12-920e2325a0dd" testListId="8c84fa94-04c1-424b-9868-57a2d4851a1d" />
    <TestEntry testId="2759d3f1-bdf1-f525-b22a-2c4398e1e14d" executionId="6a4a509f-efdb-43ed-8236-00e8776a6a36" testListId="8c84fa94-04c1-424b-9868-57a2d4851a1d" />
    <TestEntry testId="f05b9c8e-4a97-ee89-8c3b-9533c9b5e2be" executionId="6a05cd8a-f8c9-4dff-8645-b536a57ba368" testListId="8c84fa94-04c1-424b-9868-57a2d4851a1d" />
    <TestEntry testId="cd9ad8a0-46ac-ecc6-650f-f4a2b76c9755" executionId="1255b5fd-0952-4379-80a7-4b362a731282" testListId="8c84fa94-04c1-424b-9868-57a2d4851a1d" />
    <TestEntry testId="d4706290-ab86-8cc6-4875-92ecd91a80b8" executionId="4198c2f3-06b7-49bd-a022-12d12a8fb097" testListId="8c84fa94-04c1-424b-9868-57a2d4851a1d" />
    <TestEntry testId="9ddca7d2-2c2a-2069-3ea9-0b78776b0060" executionId="b7eb6c0b-311c-423e-8780-91508bd295ee" testListId="8c84fa94-04c1-424b-9868-57a2d4851a1d" />
    <TestEntry testId="8332d5b2-bf25-1841-9c02-1c5988e628c4" executionId="d7507d86-7b7a-4cc8-8cd9-161452a1d14b" testListId="8c84fa94-04c1-424b-9868-57a2d4851a1d" />
    <TestEntry testId="a7971717-c24d-6d87-9f37-ca96279a7cad" executionId="830d907f-128d-4f40-82f0-d633997f76f9" testListId="8c84fa94-04c1-424b-9868-57a2d4851a1d" />
    <TestEntry testId="eadf3c02-c17b-2431-9b0a-6ab1e111ed53" executionId="d5e9b5fe-c70e-4bb1-87b6-d300a69cbd4d" testListId="8c84fa94-04c1-424b-9868-57a2d4851a1d" />
    <TestEntry testId="78d76da4-0c96-5e68-d344-1015b5003975" executionId="28a3c42d-67b0-4918-840f-e0217d4452b8" testListId="8c84fa94-04c1-424b-9868-57a2d4851a1d" />
    <TestEntry testId="72020334-dbdc-5f5d-94ea-1d5d120156be" executionId="b1f53620-cf34-4151-b2d3-61e3ad84fc93" testListId="8c84fa94-04c1-424b-9868-57a2d4851a1d" />
    <TestEntry testId="61e79bf9-09dd-d393-c8aa-be107761c8b4" executionId="3f833bf3-e084-4ed7-b728-42e3fc13c8b8" testListId="8c84fa94-04c1-424b-9868-57a2d4851a1d" />
    <TestEntry testId="34cc2938-77f8-c126-d29f-67febf5ffcfe" executionId="23677277-40a4-4f76-923f-d69131a708f7" testListId="8c84fa94-04c1-424b-9868-57a2d4851a1d" />
    <TestEntry testId="67053cdc-a2ca-c473-ac19-cb053c2b3da4" executionId="23769ef6-dad6-4e39-8090-0aad8370636c" testListId="8c84fa94-04c1-424b-9868-57a2d4851a1d" />
    <TestEntry testId="bb5e7fd6-5bd4-ad24-ddf8-ae1fc025c4fe" executionId="64887d83-6243-4ebb-9b41-9f23f96167bf" testListId="8c84fa94-04c1-424b-9868-57a2d4851a1d" />
    <TestEntry testId="cd8f3fbd-d034-07d6-bd13-76475c4d3635" executionId="4cffc3b3-2c65-492b-8a7f-751f1bc2c2e7" testListId="8c84fa94-04c1-424b-9868-57a2d4851a1d" />
    <TestEntry testId="95290ad9-b8f1-b933-ecec-fd5b3d0bcccc" executionId="9dab3571-52f4-4c21-ac0b-1bb1e9d5e1fb" testListId="8c84fa94-04c1-424b-9868-57a2d4851a1d" />
    <TestEntry testId="2b09c118-5f7a-159d-0bb1-a16f2041cc91" executionId="f817f7c2-f932-407a-9720-9fa8e082523e" testListId="8c84fa94-04c1-424b-9868-57a2d4851a1d" />
    <TestEntry testId="01e6ce74-d04e-136e-f71b-76eaf9f01f19" executionId="ffb63903-8081-4919-b240-ce3f207ba8f3" testListId="8c84fa94-04c1-424b-9868-57a2d4851a1d" />
    <TestEntry testId="29d4b23a-2d9f-721e-a61f-bdad372a542e" executionId="c2c1dfa0-829a-43f5-b66c-855789db0263" testListId="8c84fa94-04c1-424b-9868-57a2d4851a1d" />
    <TestEntry testId="ca53ede5-06dc-6be7-aa63-a07a4a0fafdc" executionId="fdea2403-228c-43bd-b5f3-58f381556ade" testListId="8c84fa94-04c1-424b-9868-57a2d4851a1d" />
    <TestEntry testId="bf6e7ab7-e706-ad4c-6841-f0e7c7b6ddce" executionId="a57d0802-96ce-41b0-9343-d510938129e9" testListId="8c84fa94-04c1-424b-9868-57a2d4851a1d" />
    <TestEntry testId="99c173cb-0c0d-3bcf-538d-18ebc0ff40d8" executionId="dbd3dec3-fde1-406c-a5d3-3b0a3f1ffda9" testListId="8c84fa94-04c1-424b-9868-57a2d4851a1d" />
    <TestEntry testId="3055fbaa-670e-8f72-6ca8-9cdcf2c5c701" executionId="47cd536e-dceb-4f14-bbef-060ecb24f415" testListId="8c84fa94-04c1-424b-9868-57a2d4851a1d" />
    <TestEntry testId="6955ed7e-ba46-5d86-d163-371e96294434" executionId="d8bf7516-e012-4f37-bc01-dd22e973b02a" testListId="8c84fa94-04c1-424b-9868-57a2d4851a1d" />
    <TestEntry testId="ae8f716e-8554-0e0b-b492-79dd07712d64" executionId="7e81f697-f631-4579-82bb-466a5cb70be2" testListId="8c84fa94-04c1-424b-9868-57a2d4851a1d" />
    <TestEntry testId="b2bbd474-e906-43e8-a145-c3bcd0b95e6b" executionId="d06248be-103d-43d9-bf48-45a3b8dbf02b" testListId="8c84fa94-04c1-424b-9868-57a2d4851a1d" />
    <TestEntry testId="17ef908d-8be6-ea5f-dada-41e85a98c992" executionId="9c57b8ce-0106-4188-adc8-e9b79122e46c" testListId="8c84fa94-04c1-424b-9868-57a2d4851a1d" />
    <TestEntry testId="6b11fe03-8337-1bc5-fec5-87266ef53c11" executionId="3ef4f0df-3db5-4097-932a-75fd338912ac" testListId="8c84fa94-04c1-424b-9868-57a2d4851a1d" />
    <TestEntry testId="7fd0a7fd-3d91-9ec3-65b4-47048f175dd1" executionId="431ecb7d-0e03-449c-8170-3a50a27c9106" testListId="8c84fa94-04c1-424b-9868-57a2d4851a1d" />
    <TestEntry testId="dbb34d91-9594-eb21-384f-0fa9e18af55e" executionId="2178aaf1-6894-4e71-a219-2d67218f93ca" testListId="8c84fa94-04c1-424b-9868-57a2d4851a1d" />
    <TestEntry testId="0f431866-87cb-2263-84b6-7fa03f58c982" executionId="954d1a13-89b6-4141-8cd2-56fe0f464171" testListId="8c84fa94-04c1-424b-9868-57a2d4851a1d" />
    <TestEntry testId="28b1cb93-a13d-8a6a-b50e-cd82c1caa5a9" executionId="8c7d1ace-a655-4362-9fb0-19b255e21fed" testListId="8c84fa94-04c1-424b-9868-57a2d4851a1d" />
    <TestEntry testId="18cb2263-d74f-a308-9fd6-a53246ce5e74" executionId="6c6631d2-7c94-4604-ad6f-f6dd9ab0926e" testListId="8c84fa94-04c1-424b-9868-57a2d4851a1d" />
    <TestEntry testId="ce08515e-f910-353d-ea32-168b71bba36c" executionId="803d66c9-4e6d-45f3-91d1-cee3b9ac61ee" testListId="8c84fa94-04c1-424b-9868-57a2d4851a1d" />
    <TestEntry testId="a1749f8a-b5fb-e507-e77b-73064a571449" executionId="5372dbdd-7730-457b-870d-0e619c65052b" testListId="8c84fa94-04c1-424b-9868-57a2d4851a1d" />
    <TestEntry testId="a67ae712-b9bb-59b3-36a2-0e3c0efb659f" executionId="9cbf4020-b959-4f6e-a3a8-389c72dc4bc2" testListId="8c84fa94-04c1-424b-9868-57a2d4851a1d" />
    <TestEntry testId="b4f78d7d-b581-bfbc-85dc-4b55a1efe46c" executionId="6d585326-f270-4169-9f0e-6203e51cac72" testListId="8c84fa94-04c1-424b-9868-57a2d4851a1d" />
    <TestEntry testId="7524a49d-7374-9b29-5389-05b2bbab3955" executionId="9a6567dd-1e85-424d-a269-5ce5ae32221c" testListId="8c84fa94-04c1-424b-9868-57a2d4851a1d" />
    <TestEntry testId="0855e2fb-5197-ebdd-8e16-f3aac3603b46" executionId="3f08fed8-24f6-4759-af1a-549812d54f6e" testListId="8c84fa94-04c1-424b-9868-57a2d4851a1d" />
    <TestEntry testId="da7941a6-d3eb-d342-5d73-3c915557a283" executionId="7a2b8151-a260-4df5-9e2d-185dd4574f19" testListId="8c84fa94-04c1-424b-9868-57a2d4851a1d" />
    <TestEntry testId="b406755f-0161-5cce-9d39-31c158ccaecd" executionId="821ef77e-9210-4c95-b946-b1b1d424b4a1" testListId="8c84fa94-04c1-424b-9868-57a2d4851a1d" />
    <TestEntry testId="1451f4a5-2caa-bd40-0a7b-07c61125e00e" executionId="fd4ce479-096e-4f13-9dd3-e56335d3fcb6" testListId="8c84fa94-04c1-424b-9868-57a2d4851a1d" />
    <TestEntry testId="d1a1fe2c-ea9c-fa5a-2a65-172fff2891ad" executionId="df1fac12-54b0-4b9a-a795-6e8e424bab82" testListId="8c84fa94-04c1-424b-9868-57a2d4851a1d" />
    <TestEntry testId="ba6aa0c5-bb4a-9342-4cb6-e85fa1f496c9" executionId="bd85e0f0-bfab-4325-9305-e9e229edfa07" testListId="8c84fa94-04c1-424b-9868-57a2d4851a1d" />
    <TestEntry testId="8e1ccc18-a15d-204e-ca8f-cb7b2c36e9fa" executionId="160627b8-668e-4c22-b1b4-b52f086beda3" testListId="8c84fa94-04c1-424b-9868-57a2d4851a1d" />
    <TestEntry testId="fd09d2f1-cac9-a339-92c3-a59af3e9211e" executionId="706c138d-638c-4b06-b71a-9c18c3f4e9ab" testListId="8c84fa94-04c1-424b-9868-57a2d4851a1d" />
    <TestEntry testId="7da7b6f8-1419-1023-d5b8-a65be0843ec3" executionId="a10980e8-09d3-424f-9997-c23cb3992462" testListId="8c84fa94-04c1-424b-9868-57a2d4851a1d" />
    <TestEntry testId="5d8be7b2-d3d0-cb5a-8024-d923e9ee4374" executionId="afe90389-972b-4b36-be24-e777c17ada89" testListId="8c84fa94-04c1-424b-9868-57a2d4851a1d" />
    <TestEntry testId="2b005857-6a36-5133-f544-4b954ef9ff99" executionId="7e8f3215-02f9-41cb-853a-1894b651a82c" testListId="8c84fa94-04c1-424b-9868-57a2d4851a1d" />
    <TestEntry testId="6c5ab6cb-9ff4-0d25-9ec0-c7325ad23852" executionId="43042794-226d-4e36-9eeb-bdbfcb554580" testListId="8c84fa94-04c1-424b-9868-57a2d4851a1d" />
    <TestEntry testId="bad2a360-869d-fe81-cc9d-ff591b81ac3a" executionId="b6c61bc5-1576-4882-91e8-78828f9e5d7f" testListId="8c84fa94-04c1-424b-9868-57a2d4851a1d" />
    <TestEntry testId="16a93c0e-e035-f9c6-e30b-18a620bdfec7" executionId="3b197fbd-4982-41a2-8dd5-f7a698428120" testListId="8c84fa94-04c1-424b-9868-57a2d4851a1d" />
    <TestEntry testId="c1c6a3d2-5145-a0ce-9bc1-807e3688aaad" executionId="085e2425-e1c4-4791-b9d2-38200c3a400f" testListId="8c84fa94-04c1-424b-9868-57a2d4851a1d" />
    <TestEntry testId="e02cd58d-981e-b503-40a5-987986317fe4" executionId="0df08103-cdd7-4fa8-bf89-be104d7ac9ae" testListId="8c84fa94-04c1-424b-9868-57a2d4851a1d" />
    <TestEntry testId="4d3a0629-d517-767c-01d5-d27246cc7143" executionId="86d298ee-2de4-49eb-b904-821abc0b4dc4" testListId="8c84fa94-04c1-424b-9868-57a2d4851a1d" />
    <TestEntry testId="56e0dbb7-6cb5-feaf-5366-fb21a0337bae" executionId="07c49dcd-9a19-46ab-b1ac-e66dd90e3424" testListId="8c84fa94-04c1-424b-9868-57a2d4851a1d" />
    <TestEntry testId="3be35290-fdc4-d3e9-c443-9c3995d9220f" executionId="8d964a47-59c7-44de-a944-6df341bbc812" testListId="8c84fa94-04c1-424b-9868-57a2d4851a1d" />
    <TestEntry testId="97fcdcdb-5ccf-3ce7-b79e-a9ab068c7fe6" executionId="d60d0dbf-4a71-47a0-afeb-b492ace742e2" testListId="8c84fa94-04c1-424b-9868-57a2d4851a1d" />
    <TestEntry testId="95f4ffbb-1be3-4254-478e-24481eddd190" executionId="78af5022-e785-49a6-8d27-dc75b9eb6b96" testListId="8c84fa94-04c1-424b-9868-57a2d4851a1d" />
    <TestEntry testId="9acbf6de-c7b0-8f9d-7929-c31e4220b485" executionId="a1068df9-650f-4ca1-96f5-97033623d272" testListId="8c84fa94-04c1-424b-9868-57a2d4851a1d" />
    <TestEntry testId="68c6d81a-055b-dc05-c821-36c3749c5881" executionId="eee14244-03d1-4baf-8229-bfd67405a404" testListId="8c84fa94-04c1-424b-9868-57a2d4851a1d" />
    <TestEntry testId="1fc30712-2a34-2560-e9af-39662ac85d92" executionId="ea80bd26-987a-4d4e-9f99-2b57a0ff6e97" testListId="8c84fa94-04c1-424b-9868-57a2d4851a1d" />
    <TestEntry testId="3d7d25b4-2388-559a-c65b-669036337b7d" executionId="0dc83b14-370d-4d95-9c58-d8a4a1ecb8b3" testListId="8c84fa94-04c1-424b-9868-57a2d4851a1d" />
    <TestEntry testId="d1f08f61-8171-9259-f62f-763d6fe9366a" executionId="39ce314b-9f20-4b6f-b4f5-e2cfd8540616" testListId="8c84fa94-04c1-424b-9868-57a2d4851a1d" />
    <TestEntry testId="08d12e90-c3bc-48b5-ccd8-3ea67c029075" executionId="fb18e338-064b-4ce4-a41e-c2f2a27db1f7" testListId="8c84fa94-04c1-424b-9868-57a2d4851a1d" />
    <TestEntry testId="26854556-360b-9b95-5039-2942eeb27e92" executionId="094ddc30-ab63-450e-b72e-a88c631e7839" testListId="8c84fa94-04c1-424b-9868-57a2d4851a1d" />
    <TestEntry testId="eef868bd-1e75-ce57-7dbc-f6e919994e49" executionId="53fd44fc-9bd0-4579-83af-1d0a05cde512" testListId="8c84fa94-04c1-424b-9868-57a2d4851a1d" />
    <TestEntry testId="12dae57f-e9a2-002c-ee48-948be9a0ed92" executionId="e5d4b5b1-db58-4729-a574-d937127168dc" testListId="8c84fa94-04c1-424b-9868-57a2d4851a1d" />
    <TestEntry testId="b1467efc-b77f-9fdd-b49e-c1e8d2779a97" executionId="991933d2-bf77-4bb2-9ae3-bb14f1c5146a" testListId="8c84fa94-04c1-424b-9868-57a2d4851a1d" />
    <TestEntry testId="a17457a5-9979-dd5c-d17f-2d576f3f022f" executionId="87b7927d-04e1-4d5a-a54d-08fb212d2d32" testListId="8c84fa94-04c1-424b-9868-57a2d4851a1d" />
    <TestEntry testId="64873dd9-4208-e570-0fb3-31eb68418ddf" executionId="6427cc69-08bd-4bce-96b7-2893446d2663" testListId="8c84fa94-04c1-424b-9868-57a2d4851a1d" />
    <TestEntry testId="83d1b476-9e8d-c624-d768-f37875453e7c" executionId="3eecc4a3-cd9c-45d3-bccf-0b2f2d1f541c" testListId="8c84fa94-04c1-424b-9868-57a2d4851a1d" />
    <TestEntry testId="ae55efa3-533a-dfc8-a1fa-76cfaa964969" executionId="78bd59cf-20fc-4e0e-aa8f-d454412823d7" testListId="8c84fa94-04c1-424b-9868-57a2d4851a1d" />
    <TestEntry testId="3b8fc36c-7999-6cdc-91a1-04de5598f750" executionId="77a2715a-6b8e-48b7-a814-c5b9ab832704" testListId="8c84fa94-04c1-424b-9868-57a2d4851a1d" />
    <TestEntry testId="23696fe5-eee7-733b-a612-7dfd40074b81" executionId="4dd9f533-066f-4b5e-94c1-1895f3a7f446" testListId="8c84fa94-04c1-424b-9868-57a2d4851a1d" />
    <TestEntry testId="362e78d9-5d7e-813c-5303-85ab7b34b8a6" executionId="10e13d51-98b8-4b22-b3fe-e6d8747bd484" testListId="8c84fa94-04c1-424b-9868-57a2d4851a1d" />
    <TestEntry testId="a28d3ddc-703e-ed53-5ac5-30f6cde67120" executionId="4c990769-0064-4cfd-be96-6c038f41501c" testListId="8c84fa94-04c1-424b-9868-57a2d4851a1d" />
    <TestEntry testId="92377113-8d3a-4a9a-e370-1103aee2c9ad" executionId="1ba20fd3-1ab8-47c4-b131-8531f2eb74f4" testListId="8c84fa94-04c1-424b-9868-57a2d4851a1d" />
    <TestEntry testId="3ec90a62-052a-8c1a-6839-7a0d6dc8c494" executionId="6cd2357f-03a6-4f88-a8ea-a7bf1c7ee6c0" testListId="8c84fa94-04c1-424b-9868-57a2d4851a1d" />
    <TestEntry testId="613a433f-bdad-87a6-651a-73d0e93e9159" executionId="4f31ef0f-16e2-44d4-89a4-d8b47dae8175" testListId="8c84fa94-04c1-424b-9868-57a2d4851a1d" />
    <TestEntry testId="d02efb5c-11e4-969d-29f9-13bf45e2e738" executionId="a7cd0d17-4b7d-4c8b-aa82-a61c98a32315" testListId="8c84fa94-04c1-424b-9868-57a2d4851a1d" />
    <TestEntry testId="074af94b-4912-819a-8cd9-bf14a1aea21c" executionId="a6b72407-3c8c-4026-94d7-5816c75ba184" testListId="8c84fa94-04c1-424b-9868-57a2d4851a1d" />
    <TestEntry testId="2354e2f1-093a-982f-cb5d-4493f4dce947" executionId="8d04d7c1-c4c6-4cfd-bb77-72c7da8fbb95" testListId="8c84fa94-04c1-424b-9868-57a2d4851a1d" />
    <TestEntry testId="ec6473b6-723e-e4e9-142e-d2d50580c09f" executionId="a9e6cb5b-1599-4079-8fa4-336d7fc3c76c" testListId="8c84fa94-04c1-424b-9868-57a2d4851a1d" />
    <TestEntry testId="fe8d637d-69b2-97dd-a0cb-7db1e2f98bf5" executionId="55282fcd-0b57-45b7-afca-8e54acd303d3" testListId="8c84fa94-04c1-424b-9868-57a2d4851a1d" />
    <TestEntry testId="cdceee54-7e55-bc03-8eb0-b822aa91e003" executionId="5a5ad279-c71e-40a7-9050-447ad79dc1f5" testListId="8c84fa94-04c1-424b-9868-57a2d4851a1d" />
    <TestEntry testId="0bb6d744-8cd6-ae5e-67da-4bea517c58e3" executionId="fe668b69-4f36-47a8-a9f7-3abaddf390e0" testListId="8c84fa94-04c1-424b-9868-57a2d4851a1d" />
    <TestEntry testId="081640f0-518a-bfee-3329-8ab9fce320fd" executionId="e87bc69c-e970-462e-90ee-7e85d51ae1a6" testListId="8c84fa94-04c1-424b-9868-57a2d4851a1d" />
    <TestEntry testId="85d7a49b-c4ef-c151-226f-98462bc068a4" executionId="cbf42684-17ff-4ed5-b5b1-bf47d12d4be1" testListId="8c84fa94-04c1-424b-9868-57a2d4851a1d" />
    <TestEntry testId="35cab19a-a6b6-62e8-5034-ef4635e891cf" executionId="6a95fead-a07d-4a0f-98ac-013a2664910f" testListId="8c84fa94-04c1-424b-9868-57a2d4851a1d" />
    <TestEntry testId="6f69cb22-5677-6dd8-d3f1-d90ef7b39b29" executionId="7d89bcdd-eeb0-4c1e-8db2-3b3d7ce0ee7c" testListId="8c84fa94-04c1-424b-9868-57a2d4851a1d" />
    <TestEntry testId="7a6f4110-e0c4-33c4-19a5-5db408d8d24e" executionId="294989ab-d66f-4dfb-b1b9-88feb4bac74b" testListId="8c84fa94-04c1-424b-9868-57a2d4851a1d" />
    <TestEntry testId="1fd629ef-7659-a8a6-4960-c8c825d3262e" executionId="66768c99-80bd-4fec-91a9-05e135951668" testListId="8c84fa94-04c1-424b-9868-57a2d4851a1d" />
    <TestEntry testId="c6859d54-247f-1bf3-ff64-df27d658cadd" executionId="9920e13a-2ce1-45c2-831e-20d82bf3037e" testListId="8c84fa94-04c1-424b-9868-57a2d4851a1d" />
    <TestEntry testId="1040984e-4bad-54d8-6412-e71e0b113add" executionId="48aa6421-a2fe-4031-afcb-381211578267" testListId="8c84fa94-04c1-424b-9868-57a2d4851a1d" />
    <TestEntry testId="5648872b-fefc-db46-7e38-826a6b9b3268" executionId="61cf6014-5967-4367-b1c1-89c7d94ff56e" testListId="8c84fa94-04c1-424b-9868-57a2d4851a1d" />
    <TestEntry testId="5f4363c2-5eed-f9f2-e03d-fbbc9417e96e" executionId="f23187cd-fc04-4096-9de8-f31c9e648542" testListId="8c84fa94-04c1-424b-9868-57a2d4851a1d" />
    <TestEntry testId="c4407851-9113-fec4-7f07-b258666842eb" executionId="1520761e-3f4f-4c6c-b0eb-94eb10939312" testListId="8c84fa94-04c1-424b-9868-57a2d4851a1d" />
    <TestEntry testId="d40af2f0-8f97-7f42-885b-2dc1f859e127" executionId="7c18bd00-36f0-4afc-98f3-cc56b5b48c79" testListId="8c84fa94-04c1-424b-9868-57a2d4851a1d" />
    <TestEntry testId="47f6188c-c85a-f711-41fd-bbbe3db6d60b" executionId="5a217a56-83b7-466d-aeb4-ebca420314e5" testListId="8c84fa94-04c1-424b-9868-57a2d4851a1d" />
    <TestEntry testId="cb233eb4-82be-3554-3378-0a5511c200e5" executionId="5509f196-0d74-46a6-8914-3524951cfcdf" testListId="8c84fa94-04c1-424b-9868-57a2d4851a1d" />
    <TestEntry testId="19189794-9992-bfcd-5fe6-bedd54d0bc1e" executionId="f708891c-1d02-484a-8324-87405fe334cd" testListId="8c84fa94-04c1-424b-9868-57a2d4851a1d" />
    <TestEntry testId="a91220e4-faf4-6266-d85e-c4dd1a470a14" executionId="3abd1f90-982c-46d6-8cf0-b284b5ad6fcc" testListId="8c84fa94-04c1-424b-9868-57a2d4851a1d" />
  </TestEntries>
  <TestLists>
    <TestList name="Results Not in a List" id="8c84fa94-04c1-424b-9868-57a2d4851a1d" />
    <TestList name="All Loaded Results" id="19431567-8539-422a-85d7-44ee4e166bda" />
  </TestLists>
  <ResultSummary outcome="Failed">
    <Counters total="232" executed="232" passed="155" failed="77" error="0" timeout="0" aborted="0" inconclusive="0" passedButRunAborted="0" notRunnable="0" notExecuted="0" disconnected="0" warning="0" completed="0" inProgress="0" pending="0" />
    <Output>
      <StdOut>NUnit Adapter 5.0.0.0: Test execution started
Running all tests in /Users/ben/Source/Ben/Ben.Web.Playwright/bin/Debug/net10.0/Ben.Web.Playwright.dll
   NUnit3TestExecutor discovered 232 of 232 NUnit test cases using Current Discovery mode, Non-Explicit run
DragModeToggle_DefaultsToCreateRegion_AndTogglesToScrub: TGH org not visible; seed data may differ.
DragModeToggle_UpdatesHintText: TGH org not visible; seed data may differ.
NotesTab_AddNote_AppearsInList: No cases found.
NotesTab_HasNewNoteButton: No cases found.
NotesTab_IsVisibleOnCaseDetail: No cases found.
NotesTab_NewNoteButton_OpensDialog: No cases found.
NotesTab_RendersWithoutErrors: No cases found.
NotesTab_ShowsInternalOnlyText: No cases found.
RequestDetail_DraftRequest_HasEditAndSubmitButton: No draft requests.
RequestDetail_NavigateFromList: No requests in list — skipping detail navigation test.
RequestDetail_ShowsAddress: No requests.
RequestDetail_SubmittedToSection_AppearsWhenOrgsExist: No requests.
NavDrawer_FindGroupsLinkNavigatesToFind: Find link not visible from home page — may require drawer open.
NavDrawer_ToggleOpensAndCloses: No togglable menu found — drawer may be permanently open at this viewport.
ThemeSwitch_TogglesBodyClass: Theme toggle not found by selector — skipping.
OrgView_FilesTab_Renders: Files tab not visible for this user role.
OrgRequests_AcceptButton_VisibleOnAllRequestCards: No cards.
OrgRequests_Cards_ShowStatusBadge: No pending requests found — DevelopmentDataSeeder may not have run.
OrgRequests_ClickCard_ExpandsDescription: No request cards.
OrgRequests_DeclineButton_VisibleOnAllRequestCards: No cards.
OrgRequests_UnderReviewButton_IsVisibleForSubmittedRequests: No submitted requests found.
VideoEditorPage_Authenticated_FfmpegStatusElementExists: ffmpeg status element not present yet — editor still initialising.
NUnit Adapter 5.0.0.0: Test execution complete
</StdOut>
    </Output>
  </ResultSummary>
</TestRun>